CRITICAL - 2022-01-26 13:32:11 --> Undefined array key 2
#0 /home/u1536359/public_html/sistemCuti/app/Views/admin/pembuatan_surat_cuti2.php(398): CodeIgniter\Debug\Exceptions->errorHandler()
#1 /home/u1536359/public_html/sistemCuti/vendor/codeigniter4/framework/system/View/View.php(214): include('/home/u1536359/...')
#2 /home/u1536359/public_html/sistemCuti/vendor/codeigniter4/framework/system/View/View.php(217): CodeIgniter\View\View->CodeIgniter\View\{closure}()
#3 /home/u1536359/public_html/sistemCuti/vendor/codeigniter4/framework/system/Common.php(1097): CodeIgniter\View\View->render()
#4 /home/u1536359/public_html/sistemCuti/app/Controllers/Home.php(284): view()
#5 /home/u1536359/public_html/sistemCuti/vendor/codeigniter4/framework/system/CodeIgniter.php(824): App\Controllers\Home->buatSuratCuti()
#6 /home/u1536359/public_html/sistemCuti/vendor/codeigniter4/framework/system/CodeIgniter.php(410): CodeIgniter\CodeIgniter->runController()
#7 /home/u1536359/public_html/sistemCuti/vendor/codeigniter4/framework/system/CodeIgniter.php(318): CodeIgniter\CodeIgniter->handleRequest()
#8 /home/u1536359/public_html/sistemCuti/public/index.php(37): CodeIgniter\CodeIgniter->run()
#9 {main}
CRITICAL - 2022-01-26 13:32:45 --> Undefined array key 2
#0 /home/u1536359/public_html/sistemCuti/app/Views/admin/pembuatan_surat_cuti2.php(398): CodeIgniter\Debug\Exceptions->errorHandler()
#1 /home/u1536359/public_html/sistemCuti/vendor/codeigniter4/framework/system/View/View.php(214): include('/home/u1536359/...')
#2 /home/u1536359/public_html/sistemCuti/vendor/codeigniter4/framework/system/View/View.php(217): CodeIgniter\View\View->CodeIgniter\View\{closure}()
#3 /home/u1536359/public_html/sistemCuti/vendor/codeigniter4/framework/system/Common.php(1097): CodeIgniter\View\View->render()
#4 /home/u1536359/public_html/sistemCuti/app/Controllers/Home.php(284): view()
#5 /home/u1536359/public_html/sistemCuti/vendor/codeigniter4/framework/system/CodeIgniter.php(824): App\Controllers\Home->buatSuratCuti()
#6 /home/u1536359/public_html/sistemCuti/vendor/codeigniter4/framework/system/CodeIgniter.php(410): CodeIgniter\CodeIgniter->runController()
#7 /home/u1536359/public_html/sistemCuti/vendor/codeigniter4/framework/system/CodeIgniter.php(318): CodeIgniter\CodeIgniter->handleRequest()
#8 /home/u1536359/public_html/sistemCuti/public/index.php(37): CodeIgniter\CodeIgniter->run()
#9 {main}
CRITICAL - 2022-01-26 13:34:16 --> Undefined array key 2
#0 /home/u1536359/public_html/sistemCuti/app/Views/admin/pembuatan_surat_cuti2.php(398): CodeIgniter\Debug\Exceptions->errorHandler()
#1 /home/u1536359/public_html/sistemCuti/vendor/codeigniter4/framework/system/View/View.php(214): include('/home/u1536359/...')
#2 /home/u1536359/public_html/sistemCuti/vendor/codeigniter4/framework/system/View/View.php(217): CodeIgniter\View\View->CodeIgniter\View\{closure}()
#3 /home/u1536359/public_html/sistemCuti/vendor/codeigniter4/framework/system/Common.php(1097): CodeIgniter\View\View->render()
#4 /home/u1536359/public_html/sistemCuti/app/Controllers/Home.php(284): view()
#5 /home/u1536359/public_html/sistemCuti/vendor/codeigniter4/framework/system/CodeIgniter.php(824): App\Controllers\Home->buatSuratCuti()
#6 /home/u1536359/public_html/sistemCuti/vendor/codeigniter4/framework/system/CodeIgniter.php(410): CodeIgniter\CodeIgniter->runController()
#7 /home/u1536359/public_html/sistemCuti/vendor/codeigniter4/framework/system/CodeIgniter.php(318): CodeIgniter\CodeIgniter->handleRequest()
#8 /home/u1536359/public_html/sistemCuti/public/index.php(37): CodeIgniter\CodeIgniter->run()
#9 {main}
CRITICAL - 2022-01-26 19:56:53 --> CodeIgniter\HTTP\RedirectResponse::to(): Argument #1 ($uri) must be of type string, null given, called in /home/u1536359/public_html/sistemCuti/app/Controllers/Home.php on line 292
#0 /home/u1536359/public_html/sistemCuti/app/Controllers/Home.php(292): CodeIgniter\HTTP\RedirectResponse->to()
#1 /home/u1536359/public_html/sistemCuti/vendor/codeigniter4/framework/system/CodeIgniter.php(824): App\Controllers\Home->buatSuratCuti()
#2 /home/u1536359/public_html/sistemCuti/vendor/codeigniter4/framework/system/CodeIgniter.php(410): CodeIgniter\CodeIgniter->runController()
#3 /home/u1536359/public_html/sistemCuti/vendor/codeigniter4/framework/system/CodeIgniter.php(318): CodeIgniter\CodeIgniter->handleRequest()
#4 /home/u1536359/public_html/sistemCuti/public/index.php(37): CodeIgniter\CodeIgniter->run()
#5 {main}
CRITICAL - 2022-01-26 19:57:20 --> CodeIgniter\HTTP\RedirectResponse::to(): Argument #1 ($uri) must be of type string, null given, called in /home/u1536359/public_html/sistemCuti/app/Controllers/Home.php on line 292
#0 /home/u1536359/public_html/sistemCuti/app/Controllers/Home.php(292): CodeIgniter\HTTP\RedirectResponse->to()
#1 /home/u1536359/public_html/sistemCuti/vendor/codeigniter4/framework/system/CodeIgniter.php(824): App\Controllers\Home->buatSuratCuti()
#2 /home/u1536359/public_html/sistemCuti/vendor/codeigniter4/framework/system/CodeIgniter.php(410): CodeIgniter\CodeIgniter->runController()
#3 /home/u1536359/public_html/sistemCuti/vendor/codeigniter4/framework/system/CodeIgniter.php(318): CodeIgniter\CodeIgniter->handleRequest()
#4 /home/u1536359/public_html/sistemCuti/public/index.php(37): CodeIgniter\CodeIgniter->run()
#5 {main}
CRITICAL - 2022-01-26 19:58:14 --> CodeIgniter\HTTP\RedirectResponse::to(): Argument #1 ($uri) must be of type string, null given, called in /home/u1536359/public_html/sistemCuti/app/Controllers/Home.php on line 292
#0 /home/u1536359/public_html/sistemCuti/app/Controllers/Home.php(292): CodeIgniter\HTTP\RedirectResponse->to()
#1 /home/u1536359/public_html/sistemCuti/vendor/codeigniter4/framework/system/CodeIgniter.php(824): App\Controllers\Home->buatSuratCuti()
#2 /home/u1536359/public_html/sistemCuti/vendor/codeigniter4/framework/system/CodeIgniter.php(410): CodeIgniter\CodeIgniter->runController()
#3 /home/u1536359/public_html/sistemCuti/vendor/codeigniter4/framework/system/CodeIgniter.php(318): CodeIgniter\CodeIgniter->handleRequest()
#4 /home/u1536359/public_html/sistemCuti/public/index.php(37): CodeIgniter\CodeIgniter->run()
#5 {main}
CRITICAL - 2022-01-26 19:58:44 --> CodeIgniter\HTTP\RedirectResponse::to(): Argument #1 ($uri) must be of type string, null given, called in /home/u1536359/public_html/sistemCuti/app/Controllers/Home.php on line 292
#0 /home/u1536359/public_html/sistemCuti/app/Controllers/Home.php(292): CodeIgniter\HTTP\RedirectResponse->to()
#1 /home/u1536359/public_html/sistemCuti/vendor/codeigniter4/framework/system/CodeIgniter.php(824): App\Controllers\Home->buatSuratCuti()
#2 /home/u1536359/public_html/sistemCuti/vendor/codeigniter4/framework/system/CodeIgniter.php(410): CodeIgniter\CodeIgniter->runController()
#3 /home/u1536359/public_html/sistemCuti/vendor/codeigniter4/framework/system/CodeIgniter.php(318): CodeIgniter\CodeIgniter->handleRequest()
#4 /home/u1536359/public_html/sistemCuti/public/index.php(37): CodeIgniter\CodeIgniter->run()
#5 {main}
ERROR - 2022-01-26 20:01:34 --> Unknown column 'cuti.approval_2' in 'where clause'
CRITICAL - 2022-01-26 20:01:34 --> Unknown column 'cuti.approval_2' in 'where clause'
#0 /home/u1536359/public_html/sistemCuti/vendor/codeigniter4/framework/system/Database/MySQLi/Connection.php(292): mysqli->query()
#1 /home/u1536359/public_html/sistemCuti/vendor/codeigniter4/framework/system/Database/BaseConnection.php(670): CodeIgniter\Database\MySQLi\Connection->execute()
#2 /home/u1536359/public_html/sistemCuti/vendor/codeigniter4/framework/system/Database/BaseConnection.php(598): CodeIgniter\Database\BaseConnection->simpleQuery()
#3 /home/u1536359/public_html/sistemCuti/vendor/codeigniter4/framework/system/Database/BaseBuilder.php(1443): CodeIgniter\Database\BaseConnection->query()
#4 /home/u1536359/public_html/sistemCuti/vendor/codeigniter4/framework/system/Model.php(145): CodeIgniter\Database\BaseBuilder->get()
#5 /home/u1536359/public_html/sistemCuti/vendor/codeigniter4/framework/system/BaseModel.php(523): CodeIgniter\Model->doFind()
#6 /home/u1536359/public_html/sistemCuti/app/Controllers/Home.php(156): CodeIgniter\BaseModel->find()
#7 /home/u1536359/public_html/sistemCuti/vendor/codeigniter4/framework/system/CodeIgniter.php(824): App\Controllers\Home->link()
#8 /home/u1536359/public_html/sistemCuti/vendor/codeigniter4/framework/system/CodeIgniter.php(410): CodeIgniter\CodeIgniter->runController()
#9 /home/u1536359/public_html/sistemCuti/vendor/codeigniter4/framework/system/CodeIgniter.php(318): CodeIgniter\CodeIgniter->handleRequest()
#10 /home/u1536359/public_html/sistemCuti/public/index.php(37): CodeIgniter\CodeIgniter->run()
#11 {main}
CRITICAL - 2022-01-26 20:05:03 --> CodeIgniter\HTTP\RedirectResponse::to(): Argument #1 ($uri) must be of type string, null given, called in /home/u1536359/public_html/sistemCuti/app/Controllers/Home.php on line 292
#0 /home/u1536359/public_html/sistemCuti/app/Controllers/Home.php(292): CodeIgniter\HTTP\RedirectResponse->to()
#1 /home/u1536359/public_html/sistemCuti/vendor/codeigniter4/framework/system/CodeIgniter.php(824): App\Controllers\Home->buatSuratCuti()
#2 /home/u1536359/public_html/sistemCuti/vendor/codeigniter4/framework/system/CodeIgniter.php(410): CodeIgniter\CodeIgniter->runController()
#3 /home/u1536359/public_html/sistemCuti/vendor/codeigniter4/framework/system/CodeIgniter.php(318): CodeIgniter\CodeIgniter->handleRequest()
#4 /home/u1536359/public_html/sistemCuti/public/index.php(37): CodeIgniter\CodeIgniter->run()
#5 {main}
CRITICAL - 2022-01-26 20:06:16 --> CodeIgniter\HTTP\RedirectResponse::to(): Argument #1 ($uri) must be of type string, null given, called in /home/u1536359/public_html/sistemCuti/app/Controllers/Home.php on line 292
#0 /home/u1536359/public_html/sistemCuti/app/Controllers/Home.php(292): CodeIgniter\HTTP\RedirectResponse->to()
#1 /home/u1536359/public_html/sistemCuti/vendor/codeigniter4/framework/system/CodeIgniter.php(824): App\Controllers\Home->buatSuratCuti()
#2 /home/u1536359/public_html/sistemCuti/vendor/codeigniter4/framework/system/CodeIgniter.php(410): CodeIgniter\CodeIgniter->runController()
#3 /home/u1536359/public_html/sistemCuti/vendor/codeigniter4/framework/system/CodeIgniter.php(318): CodeIgniter\CodeIgniter->handleRequest()
#4 /home/u1536359/public_html/sistemCuti/public/index.php(37): CodeIgniter\CodeIgniter->run()
#5 {main}
CRITICAL - 2022-01-26 20:06:37 --> CodeIgniter\HTTP\RedirectResponse::to(): Argument #1 ($uri) must be of type string, null given, called in /home/u1536359/public_html/sistemCuti/app/Controllers/Home.php on line 292
#0 /home/u1536359/public_html/sistemCuti/app/Controllers/Home.php(292): CodeIgniter\HTTP\RedirectResponse->to()
#1 /home/u1536359/public_html/sistemCuti/vendor/codeigniter4/framework/system/CodeIgniter.php(824): App\Controllers\Home->buatSuratCuti()
#2 /home/u1536359/public_html/sistemCuti/vendor/codeigniter4/framework/system/CodeIgniter.php(410): CodeIgniter\CodeIgniter->runController()
#3 /home/u1536359/public_html/sistemCuti/vendor/codeigniter4/framework/system/CodeIgniter.php(318): CodeIgniter\CodeIgniter->handleRequest()
#4 /home/u1536359/public_html/sistemCuti/public/index.php(37): CodeIgniter\CodeIgniter->run()
#5 {main}
CRITICAL - 2022-01-26 20:06:58 --> Undefined array key 1
#0 /home/u1536359/public_html/sistemCuti/app/Views/admin/pembuatan_surat_cuti2.php(400): CodeIgniter\Debug\Exceptions->errorHandler()
#1 /home/u1536359/public_html/sistemCuti/vendor/codeigniter4/framework/system/View/View.php(214): include('/home/u1536359/...')
#2 /home/u1536359/public_html/sistemCuti/vendor/codeigniter4/framework/system/View/View.php(217): CodeIgniter\View\View->CodeIgniter\View\{closure}()
#3 /home/u1536359/public_html/sistemCuti/vendor/codeigniter4/framework/system/Common.php(1097): CodeIgniter\View\View->render()
#4 /home/u1536359/public_html/sistemCuti/app/Controllers/Home.php(284): view()
#5 /home/u1536359/public_html/sistemCuti/vendor/codeigniter4/framework/system/CodeIgniter.php(824): App\Controllers\Home->buatSuratCuti()
#6 /home/u1536359/public_html/sistemCuti/vendor/codeigniter4/framework/system/CodeIgniter.php(410): CodeIgniter\CodeIgniter->runController()
#7 /home/u1536359/public_html/sistemCuti/vendor/codeigniter4/framework/system/CodeIgniter.php(318): CodeIgniter\CodeIgniter->handleRequest()
#8 /home/u1536359/public_html/sistemCuti/public/index.php(37): CodeIgniter\CodeIgniter->run()
#9 {main}
CRITICAL - 2022-01-26 20:07:06 --> CodeIgniter\HTTP\RedirectResponse::to(): Argument #1 ($uri) must be of type string, null given, called in /home/u1536359/public_html/sistemCuti/app/Controllers/Home.php on line 292
#0 /home/u1536359/public_html/sistemCuti/app/Controllers/Home.php(292): CodeIgniter\HTTP\RedirectResponse->to()
#1 /home/u1536359/public_html/sistemCuti/vendor/codeigniter4/framework/system/CodeIgniter.php(824): App\Controllers\Home->buatSuratCuti()
#2 /home/u1536359/public_html/sistemCuti/vendor/codeigniter4/framework/system/CodeIgniter.php(410): CodeIgniter\CodeIgniter->runController()
#3 /home/u1536359/public_html/sistemCuti/vendor/codeigniter4/framework/system/CodeIgniter.php(318): CodeIgniter\CodeIgniter->handleRequest()
#4 /home/u1536359/public_html/sistemCuti/public/index.php(37): CodeIgniter\CodeIgniter->run()
#5 {main}
CRITICAL - 2022-01-26 20:07:22 --> CodeIgniter\HTTP\RedirectResponse::to(): Argument #1 ($uri) must be of type string, null given, called in /home/u1536359/public_html/sistemCuti/app/Controllers/Home.php on line 292
#0 /home/u1536359/public_html/sistemCuti/app/Controllers/Home.php(292): CodeIgniter\HTTP\RedirectResponse->to()
#1 /home/u1536359/public_html/sistemCuti/vendor/codeigniter4/framework/system/CodeIgniter.php(824): App\Controllers\Home->buatSuratCuti()
#2 /home/u1536359/public_html/sistemCuti/vendor/codeigniter4/framework/system/CodeIgniter.php(410): CodeIgniter\CodeIgniter->runController()
#3 /home/u1536359/public_html/sistemCuti/vendor/codeigniter4/framework/system/CodeIgniter.php(318): CodeIgniter\CodeIgniter->handleRequest()
#4 /home/u1536359/public_html/sistemCuti/public/index.php(37): CodeIgniter\CodeIgniter->run()
#5 {main}
CRITICAL - 2022-01-26 20:08:38 --> Undefined array key 1
#0 /home/u1536359/public_html/sistemCuti/app/Views/admin/pembuatan_surat_cuti2.php(400): CodeIgniter\Debug\Exceptions->errorHandler()
#1 /home/u1536359/public_html/sistemCuti/vendor/codeigniter4/framework/system/View/View.php(214): include('/home/u1536359/...')
#2 /home/u1536359/public_html/sistemCuti/vendor/codeigniter4/framework/system/View/View.php(217): CodeIgniter\View\View->CodeIgniter\View\{closure}()
#3 /home/u1536359/public_html/sistemCuti/vendor/codeigniter4/framework/system/Common.php(1097): CodeIgniter\View\View->render()
#4 /home/u1536359/public_html/sistemCuti/app/Controllers/Home.php(284): view()
#5 /home/u1536359/public_html/sistemCuti/vendor/codeigniter4/framework/system/CodeIgniter.php(824): App\Controllers\Home->buatSuratCuti()
#6 /home/u1536359/public_html/sistemCuti/vendor/codeigniter4/framework/system/CodeIgniter.php(410): CodeIgniter\CodeIgniter->runController()
#7 /home/u1536359/public_html/sistemCuti/vendor/codeigniter4/framework/system/CodeIgniter.php(318): CodeIgniter\CodeIgniter->handleRequest()
#8 /home/u1536359/public_html/sistemCuti/public/index.php(37): CodeIgniter\CodeIgniter->run()
#9 {main}
CRITICAL - 2022-01-26 20:09:18 --> CodeIgniter\HTTP\RedirectResponse::to(): Argument #1 ($uri) must be of type string, null given, called in /home/u1536359/public_html/sistemCuti/app/Controllers/Home.php on line 292
#0 /home/u1536359/public_html/sistemCuti/app/Controllers/Home.php(292): CodeIgniter\HTTP\RedirectResponse->to()
#1 /home/u1536359/public_html/sistemCuti/vendor/codeigniter4/framework/system/CodeIgniter.php(824): App\Controllers\Home->buatSuratCuti()
#2 /home/u1536359/public_html/sistemCuti/vendor/codeigniter4/framework/system/CodeIgniter.php(410): CodeIgniter\CodeIgniter->runController()
#3 /home/u1536359/public_html/sistemCuti/vendor/codeigniter4/framework/system/CodeIgniter.php(318): CodeIgniter\CodeIgniter->handleRequest()
#4 /home/u1536359/public_html/sistemCuti/public/index.php(37): CodeIgniter\CodeIgniter->run()
#5 {main}
CRITICAL - 2022-01-26 20:10:42 --> CodeIgniter\HTTP\RedirectResponse::to(): Argument #1 ($uri) must be of type string, null given, called in /home/u1536359/public_html/sistemCuti/app/Controllers/Home.php on line 292
#0 /home/u1536359/public_html/sistemCuti/app/Controllers/Home.php(292): CodeIgniter\HTTP\RedirectResponse->to()
#1 /home/u1536359/public_html/sistemCuti/vendor/codeigniter4/framework/system/CodeIgniter.php(824): App\Controllers\Home->buatSuratCuti()
#2 /home/u1536359/public_html/sistemCuti/vendor/codeigniter4/framework/system/CodeIgniter.php(410): CodeIgniter\CodeIgniter->runController()
#3 /home/u1536359/public_html/sistemCuti/vendor/codeigniter4/framework/system/CodeIgniter.php(318): CodeIgniter\CodeIgniter->handleRequest()
#4 /home/u1536359/public_html/sistemCuti/public/index.php(37): CodeIgniter\CodeIgniter->run()
#5 {main}
CRITICAL - 2022-01-26 20:11:44 --> CodeIgniter\HTTP\RedirectResponse::to(): Argument #1 ($uri) must be of type string, null given, called in /home/u1536359/public_html/sistemCuti/app/Controllers/Home.php on line 292
#0 /home/u1536359/public_html/sistemCuti/app/Controllers/Home.php(292): CodeIgniter\HTTP\RedirectResponse->to()
#1 /home/u1536359/public_html/sistemCuti/vendor/codeigniter4/framework/system/CodeIgniter.php(824): App\Controllers\Home->buatSuratCuti()
#2 /home/u1536359/public_html/sistemCuti/vendor/codeigniter4/framework/system/CodeIgniter.php(410): CodeIgniter\CodeIgniter->runController()
#3 /home/u1536359/public_html/sistemCuti/vendor/codeigniter4/framework/system/CodeIgniter.php(318): CodeIgniter\CodeIgniter->handleRequest()
#4 /home/u1536359/public_html/sistemCuti/public/index.php(37): CodeIgniter\CodeIgniter->run()
#5 {main}
CRITICAL - 2022-01-26 20:12:54 --> CodeIgniter\HTTP\RedirectResponse::to(): Argument #1 ($uri) must be of type string, null given, called in /home/u1536359/public_html/sistemCuti/app/Controllers/Home.php on line 292
#0 /home/u1536359/public_html/sistemCuti/app/Controllers/Home.php(292): CodeIgniter\HTTP\RedirectResponse->to()
#1 /home/u1536359/public_html/sistemCuti/vendor/codeigniter4/framework/system/CodeIgniter.php(824): App\Controllers\Home->buatSuratCuti()
#2 /home/u1536359/public_html/sistemCuti/vendor/codeigniter4/framework/system/CodeIgniter.php(410): CodeIgniter\CodeIgniter->runController()
#3 /home/u1536359/public_html/sistemCuti/vendor/codeigniter4/framework/system/CodeIgniter.php(318): CodeIgniter\CodeIgniter->handleRequest()
#4 /home/u1536359/public_html/sistemCuti/public/index.php(37): CodeIgniter\CodeIgniter->run()
#5 {main}
