CRITICAL - 2022-01-13 18:56:34 --> Undefined variable $count_total_pegawai
#0 C:\Users\REDMIBOOK\Desktop\portf\sistemCuti\app\Views\admin\home.php(18): CodeIgniter\Debug\Exceptions->errorHandler(2, 'Undefined varia...', 'C:\\Users\\REDMIB...', 18)
#1 C:\Users\REDMIBOOK\Desktop\portf\sistemCuti\vendor\codeigniter4\framework\system\View\View.php(214): include('C:\\Users\\REDMIB...')
#2 C:\Users\REDMIBOOK\Desktop\portf\sistemCuti\vendor\codeigniter4\framework\system\View\View.php(217): CodeIgniter\View\View->CodeIgniter\View\{closure}()
#3 C:\Users\REDMIBOOK\Desktop\portf\sistemCuti\vendor\codeigniter4\framework\system\Common.php(1097): CodeIgniter\View\View->render('admin/home', Array, true)
#4 C:\Users\REDMIBOOK\Desktop\portf\sistemCuti\app\Controllers\Home.php(27): view('admin/home')
#5 C:\Users\REDMIBOOK\Desktop\portf\sistemCuti\vendor\codeigniter4\framework\system\CodeIgniter.php(824): App\Controllers\Home->index()
#6 C:\Users\REDMIBOOK\Desktop\portf\sistemCuti\vendor\codeigniter4\framework\system\CodeIgniter.php(410): CodeIgniter\CodeIgniter->runController(Object(App\Controllers\Home))
#7 C:\Users\REDMIBOOK\Desktop\portf\sistemCuti\vendor\codeigniter4\framework\system\CodeIgniter.php(318): CodeIgniter\CodeIgniter->handleRequest(NULL, Object(Config\Cache), false)
#8 C:\Users\REDMIBOOK\Desktop\portf\sistemCuti\public\index.php(37): CodeIgniter\CodeIgniter->run()
#9 C:\Users\REDMIBOOK\Desktop\portf\sistemCuti\vendor\codeigniter4\framework\system\Commands\Server\rewrite.php(43): require_once('C:\\Users\\REDMIB...')
#10 {main}
CRITICAL - 2022-01-13 18:58:29 --> Undefined variable $count_total_pegawai
#0 C:\Users\REDMIBOOK\Desktop\portf\sistemCuti\app\Views\admin\home.php(18): CodeIgniter\Debug\Exceptions->errorHandler(2, 'Undefined varia...', 'C:\\Users\\REDMIB...', 18)
#1 C:\Users\REDMIBOOK\Desktop\portf\sistemCuti\vendor\codeigniter4\framework\system\View\View.php(214): include('C:\\Users\\REDMIB...')
#2 C:\Users\REDMIBOOK\Desktop\portf\sistemCuti\vendor\codeigniter4\framework\system\View\View.php(217): CodeIgniter\View\View->CodeIgniter\View\{closure}()
#3 C:\Users\REDMIBOOK\Desktop\portf\sistemCuti\vendor\codeigniter4\framework\system\Common.php(1097): CodeIgniter\View\View->render('admin/home', Array, true)
#4 C:\Users\REDMIBOOK\Desktop\portf\sistemCuti\app\Controllers\Home.php(35): view('admin/home')
#5 C:\Users\REDMIBOOK\Desktop\portf\sistemCuti\vendor\codeigniter4\framework\system\CodeIgniter.php(824): App\Controllers\Home->index()
#6 C:\Users\REDMIBOOK\Desktop\portf\sistemCuti\vendor\codeigniter4\framework\system\CodeIgniter.php(410): CodeIgniter\CodeIgniter->runController(Object(App\Controllers\Home))
#7 C:\Users\REDMIBOOK\Desktop\portf\sistemCuti\vendor\codeigniter4\framework\system\CodeIgniter.php(318): CodeIgniter\CodeIgniter->handleRequest(NULL, Object(Config\Cache), false)
#8 C:\Users\REDMIBOOK\Desktop\portf\sistemCuti\public\index.php(37): CodeIgniter\CodeIgniter->run()
#9 C:\Users\REDMIBOOK\Desktop\portf\sistemCuti\vendor\codeigniter4\framework\system\Commands\Server\rewrite.php(43): require_once('C:\\Users\\REDMIB...')
#10 {main}
CRITICAL - 2022-01-13 18:58:46 --> Undefined variable $total_pegawai
#0 C:\Users\REDMIBOOK\Desktop\portf\sistemCuti\app\Views\admin\home.php(18): CodeIgniter\Debug\Exceptions->errorHandler(2, 'Undefined varia...', 'C:\\Users\\REDMIB...', 18)
#1 C:\Users\REDMIBOOK\Desktop\portf\sistemCuti\vendor\codeigniter4\framework\system\View\View.php(214): include('C:\\Users\\REDMIB...')
#2 C:\Users\REDMIBOOK\Desktop\portf\sistemCuti\vendor\codeigniter4\framework\system\View\View.php(217): CodeIgniter\View\View->CodeIgniter\View\{closure}()
#3 C:\Users\REDMIBOOK\Desktop\portf\sistemCuti\vendor\codeigniter4\framework\system\Common.php(1097): CodeIgniter\View\View->render('admin/home', Array, true)
#4 C:\Users\REDMIBOOK\Desktop\portf\sistemCuti\app\Controllers\Home.php(35): view('admin/home')
#5 C:\Users\REDMIBOOK\Desktop\portf\sistemCuti\vendor\codeigniter4\framework\system\CodeIgniter.php(824): App\Controllers\Home->index()
#6 C:\Users\REDMIBOOK\Desktop\portf\sistemCuti\vendor\codeigniter4\framework\system\CodeIgniter.php(410): CodeIgniter\CodeIgniter->runController(Object(App\Controllers\Home))
#7 C:\Users\REDMIBOOK\Desktop\portf\sistemCuti\vendor\codeigniter4\framework\system\CodeIgniter.php(318): CodeIgniter\CodeIgniter->handleRequest(NULL, Object(Config\Cache), false)
#8 C:\Users\REDMIBOOK\Desktop\portf\sistemCuti\public\index.php(37): CodeIgniter\CodeIgniter->run()
#9 C:\Users\REDMIBOOK\Desktop\portf\sistemCuti\vendor\codeigniter4\framework\system\Commands\Server\rewrite.php(43): require_once('C:\\Users\\REDMIB...')
#10 {main}
CRITICAL - 2022-01-13 19:08:38 --> Undefined variable $data_pegawai
#0 C:\Users\REDMIBOOK\Desktop\portf\sistemCuti\app\Views\admin\data_pegawai.php(88): CodeIgniter\Debug\Exceptions->errorHandler(2, 'Undefined varia...', 'C:\\Users\\REDMIB...', 88)
#1 C:\Users\REDMIBOOK\Desktop\portf\sistemCuti\vendor\codeigniter4\framework\system\View\View.php(214): include('C:\\Users\\REDMIB...')
#2 C:\Users\REDMIBOOK\Desktop\portf\sistemCuti\vendor\codeigniter4\framework\system\View\View.php(217): CodeIgniter\View\View->CodeIgniter\View\{closure}()
#3 C:\Users\REDMIBOOK\Desktop\portf\sistemCuti\vendor\codeigniter4\framework\system\Common.php(1097): CodeIgniter\View\View->render('admin/data_pega...', Array, true)
#4 C:\Users\REDMIBOOK\Desktop\portf\sistemCuti\app\Controllers\Home.php(48): view('admin/data_pega...', Array)
#5 C:\Users\REDMIBOOK\Desktop\portf\sistemCuti\vendor\codeigniter4\framework\system\CodeIgniter.php(824): App\Controllers\Home->link('data-pegawai')
#6 C:\Users\REDMIBOOK\Desktop\portf\sistemCuti\vendor\codeigniter4\framework\system\CodeIgniter.php(410): CodeIgniter\CodeIgniter->runController(Object(App\Controllers\Home))
#7 C:\Users\REDMIBOOK\Desktop\portf\sistemCuti\vendor\codeigniter4\framework\system\CodeIgniter.php(318): CodeIgniter\CodeIgniter->handleRequest(NULL, Object(Config\Cache), false)
#8 C:\Users\REDMIBOOK\Desktop\portf\sistemCuti\public\index.php(37): CodeIgniter\CodeIgniter->run()
#9 C:\Users\REDMIBOOK\Desktop\portf\sistemCuti\vendor\codeigniter4\framework\system\Commands\Server\rewrite.php(43): require_once('C:\\Users\\REDMIB...')
#10 {main}
CRITICAL - 2022-01-13 19:08:54 --> Undefined variable $data_divisi
#0 C:\Users\REDMIBOOK\Desktop\portf\sistemCuti\app\Views\admin\data_pegawai.php(186): CodeIgniter\Debug\Exceptions->errorHandler(2, 'Undefined varia...', 'C:\\Users\\REDMIB...', 186)
#1 C:\Users\REDMIBOOK\Desktop\portf\sistemCuti\vendor\codeigniter4\framework\system\View\View.php(214): include('C:\\Users\\REDMIB...')
#2 C:\Users\REDMIBOOK\Desktop\portf\sistemCuti\vendor\codeigniter4\framework\system\View\View.php(217): CodeIgniter\View\View->CodeIgniter\View\{closure}()
#3 C:\Users\REDMIBOOK\Desktop\portf\sistemCuti\vendor\codeigniter4\framework\system\Common.php(1097): CodeIgniter\View\View->render('admin/data_pega...', Array, true)
#4 C:\Users\REDMIBOOK\Desktop\portf\sistemCuti\app\Controllers\Home.php(48): view('admin/data_pega...', Array)
#5 C:\Users\REDMIBOOK\Desktop\portf\sistemCuti\vendor\codeigniter4\framework\system\CodeIgniter.php(824): App\Controllers\Home->link('data-pegawai')
#6 C:\Users\REDMIBOOK\Desktop\portf\sistemCuti\vendor\codeigniter4\framework\system\CodeIgniter.php(410): CodeIgniter\CodeIgniter->runController(Object(App\Controllers\Home))
#7 C:\Users\REDMIBOOK\Desktop\portf\sistemCuti\vendor\codeigniter4\framework\system\CodeIgniter.php(318): CodeIgniter\CodeIgniter->handleRequest(NULL, Object(Config\Cache), false)
#8 C:\Users\REDMIBOOK\Desktop\portf\sistemCuti\public\index.php(37): CodeIgniter\CodeIgniter->run()
#9 C:\Users\REDMIBOOK\Desktop\portf\sistemCuti\vendor\codeigniter4\framework\system\Commands\Server\rewrite.php(43): require_once('C:\\Users\\REDMIB...')
#10 {main}
CRITICAL - 2022-01-13 19:10:35 --> Undefined property: App\Controllers\Home::$absen
#0 C:\Users\REDMIBOOK\Desktop\portf\sistemCuti\app\Controllers\Home.php(44): CodeIgniter\Debug\Exceptions->errorHandler(2, 'Undefined prope...', 'C:\\Users\\REDMIB...', 44)
#1 C:\Users\REDMIBOOK\Desktop\portf\sistemCuti\vendor\codeigniter4\framework\system\CodeIgniter.php(824): App\Controllers\Home->link('data-pegawai')
#2 C:\Users\REDMIBOOK\Desktop\portf\sistemCuti\vendor\codeigniter4\framework\system\CodeIgniter.php(410): CodeIgniter\CodeIgniter->runController(Object(App\Controllers\Home))
#3 C:\Users\REDMIBOOK\Desktop\portf\sistemCuti\vendor\codeigniter4\framework\system\CodeIgniter.php(318): CodeIgniter\CodeIgniter->handleRequest(NULL, Object(Config\Cache), false)
#4 C:\Users\REDMIBOOK\Desktop\portf\sistemCuti\public\index.php(37): CodeIgniter\CodeIgniter->run()
#5 C:\Users\REDMIBOOK\Desktop\portf\sistemCuti\vendor\codeigniter4\framework\system\Commands\Server\rewrite.php(43): require_once('C:\\Users\\REDMIB...')
#6 {main}
CRITICAL - 2022-01-13 19:10:47 --> Undefined variable $data_divisi
#0 C:\Users\REDMIBOOK\Desktop\portf\sistemCuti\app\Views\admin\data_pegawai.php(251): CodeIgniter\Debug\Exceptions->errorHandler(2, 'Undefined varia...', 'C:\\Users\\REDMIB...', 251)
#1 C:\Users\REDMIBOOK\Desktop\portf\sistemCuti\vendor\codeigniter4\framework\system\View\View.php(214): include('C:\\Users\\REDMIB...')
#2 C:\Users\REDMIBOOK\Desktop\portf\sistemCuti\vendor\codeigniter4\framework\system\View\View.php(217): CodeIgniter\View\View->CodeIgniter\View\{closure}()
#3 C:\Users\REDMIBOOK\Desktop\portf\sistemCuti\vendor\codeigniter4\framework\system\Common.php(1097): CodeIgniter\View\View->render('admin/data_pega...', Array, true)
#4 C:\Users\REDMIBOOK\Desktop\portf\sistemCuti\app\Controllers\Home.php(50): view('admin/data_pega...', Array)
#5 C:\Users\REDMIBOOK\Desktop\portf\sistemCuti\vendor\codeigniter4\framework\system\CodeIgniter.php(824): App\Controllers\Home->link('data-pegawai')
#6 C:\Users\REDMIBOOK\Desktop\portf\sistemCuti\vendor\codeigniter4\framework\system\CodeIgniter.php(410): CodeIgniter\CodeIgniter->runController(Object(App\Controllers\Home))
#7 C:\Users\REDMIBOOK\Desktop\portf\sistemCuti\vendor\codeigniter4\framework\system\CodeIgniter.php(318): CodeIgniter\CodeIgniter->handleRequest(NULL, Object(Config\Cache), false)
#8 C:\Users\REDMIBOOK\Desktop\portf\sistemCuti\public\index.php(37): CodeIgniter\CodeIgniter->run()
#9 C:\Users\REDMIBOOK\Desktop\portf\sistemCuti\vendor\codeigniter4\framework\system\Commands\Server\rewrite.php(43): require_once('C:\\Users\\REDMIB...')
#10 {main}
CRITICAL - 2022-01-13 19:35:56 --> Undefined array key "email"
#0 C:\Users\REDMIBOOK\Desktop\portf\sistemCuti\app\Views\admin\data_pegawai.php(84): CodeIgniter\Debug\Exceptions->errorHandler(2, 'Undefined array...', 'C:\\Users\\REDMIB...', 84)
#1 C:\Users\REDMIBOOK\Desktop\portf\sistemCuti\vendor\codeigniter4\framework\system\View\View.php(214): include('C:\\Users\\REDMIB...')
#2 C:\Users\REDMIBOOK\Desktop\portf\sistemCuti\vendor\codeigniter4\framework\system\View\View.php(217): CodeIgniter\View\View->CodeIgniter\View\{closure}()
#3 C:\Users\REDMIBOOK\Desktop\portf\sistemCuti\vendor\codeigniter4\framework\system\Common.php(1097): CodeIgniter\View\View->render('admin/data_pega...', Array, true)
#4 C:\Users\REDMIBOOK\Desktop\portf\sistemCuti\app\Controllers\Home.php(50): view('admin/data_pega...', Array)
#5 C:\Users\REDMIBOOK\Desktop\portf\sistemCuti\vendor\codeigniter4\framework\system\CodeIgniter.php(824): App\Controllers\Home->link('data-pegawai')
#6 C:\Users\REDMIBOOK\Desktop\portf\sistemCuti\vendor\codeigniter4\framework\system\CodeIgniter.php(410): CodeIgniter\CodeIgniter->runController(Object(App\Controllers\Home))
#7 C:\Users\REDMIBOOK\Desktop\portf\sistemCuti\vendor\codeigniter4\framework\system\CodeIgniter.php(318): CodeIgniter\CodeIgniter->handleRequest(NULL, Object(Config\Cache), false)
#8 C:\Users\REDMIBOOK\Desktop\portf\sistemCuti\public\index.php(37): CodeIgniter\CodeIgniter->run()
#9 C:\Users\REDMIBOOK\Desktop\portf\sistemCuti\vendor\codeigniter4\framework\system\Commands\Server\rewrite.php(43): require_once('C:\\Users\\REDMIB...')
#10 {main}
ERROR - 2022-01-13 07:03:37 --> Column 'role' cannot be null
CRITICAL - 2022-01-13 07:03:37 --> Column 'role' cannot be null
#0 C:\Users\REDMIBOOK\Desktop\portf\sistemCuti\vendor\codeigniter4\framework\system\Database\MySQLi\Connection.php(292): mysqli->query('INSERT INTO `us...', 0)
#1 C:\Users\REDMIBOOK\Desktop\portf\sistemCuti\vendor\codeigniter4\framework\system\Database\BaseConnection.php(670): CodeIgniter\Database\MySQLi\Connection->execute('INSERT INTO `us...')
#2 C:\Users\REDMIBOOK\Desktop\portf\sistemCuti\vendor\codeigniter4\framework\system\Database\BaseConnection.php(598): CodeIgniter\Database\BaseConnection->simpleQuery('INSERT INTO `us...')
#3 C:\Users\REDMIBOOK\Desktop\portf\sistemCuti\vendor\codeigniter4\framework\system\Database\BaseBuilder.php(1759): CodeIgniter\Database\BaseConnection->query('INSERT INTO `us...', Array, false)
#4 C:\Users\REDMIBOOK\Desktop\portf\sistemCuti\vendor\codeigniter4\framework\system\Model.php(239): CodeIgniter\Database\BaseBuilder->insert()
#5 C:\Users\REDMIBOOK\Desktop\portf\sistemCuti\vendor\codeigniter4\framework\system\BaseModel.php(738): CodeIgniter\Model->doInsert(Array)
#6 C:\Users\REDMIBOOK\Desktop\portf\sistemCuti\vendor\codeigniter4\framework\system\Model.php(620): CodeIgniter\BaseModel->insert(Array, false)
#7 C:\Users\REDMIBOOK\Desktop\portf\sistemCuti\vendor\codeigniter4\framework\system\BaseModel.php(658): CodeIgniter\Model->insert(Array, false)
#8 C:\Users\REDMIBOOK\Desktop\portf\sistemCuti\app\Controllers\Api.php(71): CodeIgniter\BaseModel->save(Array)
#9 C:\Users\REDMIBOOK\Desktop\portf\sistemCuti\vendor\codeigniter4\framework\system\CodeIgniter.php(824): App\Controllers\Api->edit('pegawai')
#10 C:\Users\REDMIBOOK\Desktop\portf\sistemCuti\vendor\codeigniter4\framework\system\CodeIgniter.php(410): CodeIgniter\CodeIgniter->runController(Object(App\Controllers\Api))
#11 C:\Users\REDMIBOOK\Desktop\portf\sistemCuti\vendor\codeigniter4\framework\system\CodeIgniter.php(318): CodeIgniter\CodeIgniter->handleRequest(NULL, Object(Config\Cache), false)
#12 C:\Users\REDMIBOOK\Desktop\portf\sistemCuti\public\index.php(37): CodeIgniter\CodeIgniter->run()
#13 C:\Users\REDMIBOOK\Desktop\portf\sistemCuti\vendor\codeigniter4\framework\system\Commands\Server\rewrite.php(43): require_once('C:\\Users\\REDMIB...')
#14 {main}
ERROR - 2022-01-13 07:03:39 --> Column 'role' cannot be null
CRITICAL - 2022-01-13 07:03:39 --> Column 'role' cannot be null
#0 C:\Users\REDMIBOOK\Desktop\portf\sistemCuti\vendor\codeigniter4\framework\system\Database\MySQLi\Connection.php(292): mysqli->query('INSERT INTO `us...', 0)
#1 C:\Users\REDMIBOOK\Desktop\portf\sistemCuti\vendor\codeigniter4\framework\system\Database\BaseConnection.php(670): CodeIgniter\Database\MySQLi\Connection->execute('INSERT INTO `us...')
#2 C:\Users\REDMIBOOK\Desktop\portf\sistemCuti\vendor\codeigniter4\framework\system\Database\BaseConnection.php(598): CodeIgniter\Database\BaseConnection->simpleQuery('INSERT INTO `us...')
#3 C:\Users\REDMIBOOK\Desktop\portf\sistemCuti\vendor\codeigniter4\framework\system\Database\BaseBuilder.php(1759): CodeIgniter\Database\BaseConnection->query('INSERT INTO `us...', Array, false)
#4 C:\Users\REDMIBOOK\Desktop\portf\sistemCuti\vendor\codeigniter4\framework\system\Model.php(239): CodeIgniter\Database\BaseBuilder->insert()
#5 C:\Users\REDMIBOOK\Desktop\portf\sistemCuti\vendor\codeigniter4\framework\system\BaseModel.php(738): CodeIgniter\Model->doInsert(Array)
#6 C:\Users\REDMIBOOK\Desktop\portf\sistemCuti\vendor\codeigniter4\framework\system\Model.php(620): CodeIgniter\BaseModel->insert(Array, false)
#7 C:\Users\REDMIBOOK\Desktop\portf\sistemCuti\vendor\codeigniter4\framework\system\BaseModel.php(658): CodeIgniter\Model->insert(Array, false)
#8 C:\Users\REDMIBOOK\Desktop\portf\sistemCuti\app\Controllers\Api.php(71): CodeIgniter\BaseModel->save(Array)
#9 C:\Users\REDMIBOOK\Desktop\portf\sistemCuti\vendor\codeigniter4\framework\system\CodeIgniter.php(824): App\Controllers\Api->edit('pegawai')
#10 C:\Users\REDMIBOOK\Desktop\portf\sistemCuti\vendor\codeigniter4\framework\system\CodeIgniter.php(410): CodeIgniter\CodeIgniter->runController(Object(App\Controllers\Api))
#11 C:\Users\REDMIBOOK\Desktop\portf\sistemCuti\vendor\codeigniter4\framework\system\CodeIgniter.php(318): CodeIgniter\CodeIgniter->handleRequest(NULL, Object(Config\Cache), false)
#12 C:\Users\REDMIBOOK\Desktop\portf\sistemCuti\public\index.php(37): CodeIgniter\CodeIgniter->run()
#13 C:\Users\REDMIBOOK\Desktop\portf\sistemCuti\vendor\codeigniter4\framework\system\Commands\Server\rewrite.php(43): require_once('C:\\Users\\REDMIB...')
#14 {main}
ERROR - 2022-01-13 07:03:40 --> Column 'role' cannot be null
CRITICAL - 2022-01-13 07:03:40 --> Column 'role' cannot be null
#0 C:\Users\REDMIBOOK\Desktop\portf\sistemCuti\vendor\codeigniter4\framework\system\Database\MySQLi\Connection.php(292): mysqli->query('INSERT INTO `us...', 0)
#1 C:\Users\REDMIBOOK\Desktop\portf\sistemCuti\vendor\codeigniter4\framework\system\Database\BaseConnection.php(670): CodeIgniter\Database\MySQLi\Connection->execute('INSERT INTO `us...')
#2 C:\Users\REDMIBOOK\Desktop\portf\sistemCuti\vendor\codeigniter4\framework\system\Database\BaseConnection.php(598): CodeIgniter\Database\BaseConnection->simpleQuery('INSERT INTO `us...')
#3 C:\Users\REDMIBOOK\Desktop\portf\sistemCuti\vendor\codeigniter4\framework\system\Database\BaseBuilder.php(1759): CodeIgniter\Database\BaseConnection->query('INSERT INTO `us...', Array, false)
#4 C:\Users\REDMIBOOK\Desktop\portf\sistemCuti\vendor\codeigniter4\framework\system\Model.php(239): CodeIgniter\Database\BaseBuilder->insert()
#5 C:\Users\REDMIBOOK\Desktop\portf\sistemCuti\vendor\codeigniter4\framework\system\BaseModel.php(738): CodeIgniter\Model->doInsert(Array)
#6 C:\Users\REDMIBOOK\Desktop\portf\sistemCuti\vendor\codeigniter4\framework\system\Model.php(620): CodeIgniter\BaseModel->insert(Array, false)
#7 C:\Users\REDMIBOOK\Desktop\portf\sistemCuti\vendor\codeigniter4\framework\system\BaseModel.php(658): CodeIgniter\Model->insert(Array, false)
#8 C:\Users\REDMIBOOK\Desktop\portf\sistemCuti\app\Controllers\Api.php(71): CodeIgniter\BaseModel->save(Array)
#9 C:\Users\REDMIBOOK\Desktop\portf\sistemCuti\vendor\codeigniter4\framework\system\CodeIgniter.php(824): App\Controllers\Api->edit('pegawai')
#10 C:\Users\REDMIBOOK\Desktop\portf\sistemCuti\vendor\codeigniter4\framework\system\CodeIgniter.php(410): CodeIgniter\CodeIgniter->runController(Object(App\Controllers\Api))
#11 C:\Users\REDMIBOOK\Desktop\portf\sistemCuti\vendor\codeigniter4\framework\system\CodeIgniter.php(318): CodeIgniter\CodeIgniter->handleRequest(NULL, Object(Config\Cache), false)
#12 C:\Users\REDMIBOOK\Desktop\portf\sistemCuti\public\index.php(37): CodeIgniter\CodeIgniter->run()
#13 C:\Users\REDMIBOOK\Desktop\portf\sistemCuti\vendor\codeigniter4\framework\system\Commands\Server\rewrite.php(43): require_once('C:\\Users\\REDMIB...')
#14 {main}
ERROR - 2022-01-13 07:03:45 --> Column 'role' cannot be null
CRITICAL - 2022-01-13 07:03:45 --> Column 'role' cannot be null
#0 C:\Users\REDMIBOOK\Desktop\portf\sistemCuti\vendor\codeigniter4\framework\system\Database\MySQLi\Connection.php(292): mysqli->query('INSERT INTO `us...', 0)
#1 C:\Users\REDMIBOOK\Desktop\portf\sistemCuti\vendor\codeigniter4\framework\system\Database\BaseConnection.php(670): CodeIgniter\Database\MySQLi\Connection->execute('INSERT INTO `us...')
#2 C:\Users\REDMIBOOK\Desktop\portf\sistemCuti\vendor\codeigniter4\framework\system\Database\BaseConnection.php(598): CodeIgniter\Database\BaseConnection->simpleQuery('INSERT INTO `us...')
#3 C:\Users\REDMIBOOK\Desktop\portf\sistemCuti\vendor\codeigniter4\framework\system\Database\BaseBuilder.php(1759): CodeIgniter\Database\BaseConnection->query('INSERT INTO `us...', Array, false)
#4 C:\Users\REDMIBOOK\Desktop\portf\sistemCuti\vendor\codeigniter4\framework\system\Model.php(239): CodeIgniter\Database\BaseBuilder->insert()
#5 C:\Users\REDMIBOOK\Desktop\portf\sistemCuti\vendor\codeigniter4\framework\system\BaseModel.php(738): CodeIgniter\Model->doInsert(Array)
#6 C:\Users\REDMIBOOK\Desktop\portf\sistemCuti\vendor\codeigniter4\framework\system\Model.php(620): CodeIgniter\BaseModel->insert(Array, false)
#7 C:\Users\REDMIBOOK\Desktop\portf\sistemCuti\vendor\codeigniter4\framework\system\BaseModel.php(658): CodeIgniter\Model->insert(Array, false)
#8 C:\Users\REDMIBOOK\Desktop\portf\sistemCuti\app\Controllers\Api.php(71): CodeIgniter\BaseModel->save(Array)
#9 C:\Users\REDMIBOOK\Desktop\portf\sistemCuti\vendor\codeigniter4\framework\system\CodeIgniter.php(824): App\Controllers\Api->edit('pegawai')
#10 C:\Users\REDMIBOOK\Desktop\portf\sistemCuti\vendor\codeigniter4\framework\system\CodeIgniter.php(410): CodeIgniter\CodeIgniter->runController(Object(App\Controllers\Api))
#11 C:\Users\REDMIBOOK\Desktop\portf\sistemCuti\vendor\codeigniter4\framework\system\CodeIgniter.php(318): CodeIgniter\CodeIgniter->handleRequest(NULL, Object(Config\Cache), false)
#12 C:\Users\REDMIBOOK\Desktop\portf\sistemCuti\public\index.php(37): CodeIgniter\CodeIgniter->run()
#13 C:\Users\REDMIBOOK\Desktop\portf\sistemCuti\vendor\codeigniter4\framework\system\Commands\Server\rewrite.php(43): require_once('C:\\Users\\REDMIB...')
#14 {main}
ERROR - 2022-01-13 07:05:01 --> Column 'role' cannot be null
CRITICAL - 2022-01-13 07:05:01 --> Column 'role' cannot be null
#0 C:\Users\REDMIBOOK\Desktop\portf\sistemCuti\vendor\codeigniter4\framework\system\Database\MySQLi\Connection.php(292): mysqli->query('INSERT INTO `us...', 0)
#1 C:\Users\REDMIBOOK\Desktop\portf\sistemCuti\vendor\codeigniter4\framework\system\Database\BaseConnection.php(670): CodeIgniter\Database\MySQLi\Connection->execute('INSERT INTO `us...')
#2 C:\Users\REDMIBOOK\Desktop\portf\sistemCuti\vendor\codeigniter4\framework\system\Database\BaseConnection.php(598): CodeIgniter\Database\BaseConnection->simpleQuery('INSERT INTO `us...')
#3 C:\Users\REDMIBOOK\Desktop\portf\sistemCuti\vendor\codeigniter4\framework\system\Database\BaseBuilder.php(1759): CodeIgniter\Database\BaseConnection->query('INSERT INTO `us...', Array, false)
#4 C:\Users\REDMIBOOK\Desktop\portf\sistemCuti\vendor\codeigniter4\framework\system\Model.php(239): CodeIgniter\Database\BaseBuilder->insert()
#5 C:\Users\REDMIBOOK\Desktop\portf\sistemCuti\vendor\codeigniter4\framework\system\BaseModel.php(738): CodeIgniter\Model->doInsert(Array)
#6 C:\Users\REDMIBOOK\Desktop\portf\sistemCuti\vendor\codeigniter4\framework\system\Model.php(620): CodeIgniter\BaseModel->insert(Array, false)
#7 C:\Users\REDMIBOOK\Desktop\portf\sistemCuti\vendor\codeigniter4\framework\system\BaseModel.php(658): CodeIgniter\Model->insert(Array, false)
#8 C:\Users\REDMIBOOK\Desktop\portf\sistemCuti\app\Controllers\Api.php(71): CodeIgniter\BaseModel->save(Array)
#9 C:\Users\REDMIBOOK\Desktop\portf\sistemCuti\vendor\codeigniter4\framework\system\CodeIgniter.php(824): App\Controllers\Api->edit('pegawai')
#10 C:\Users\REDMIBOOK\Desktop\portf\sistemCuti\vendor\codeigniter4\framework\system\CodeIgniter.php(410): CodeIgniter\CodeIgniter->runController(Object(App\Controllers\Api))
#11 C:\Users\REDMIBOOK\Desktop\portf\sistemCuti\vendor\codeigniter4\framework\system\CodeIgniter.php(318): CodeIgniter\CodeIgniter->handleRequest(NULL, Object(Config\Cache), false)
#12 C:\Users\REDMIBOOK\Desktop\portf\sistemCuti\public\index.php(37): CodeIgniter\CodeIgniter->run()
#13 C:\Users\REDMIBOOK\Desktop\portf\sistemCuti\vendor\codeigniter4\framework\system\Commands\Server\rewrite.php(43): require_once('C:\\Users\\REDMIB...')
#14 {main}
ERROR - 2022-01-13 07:06:49 --> Column 'role' cannot be null
CRITICAL - 2022-01-13 07:06:49 --> Column 'role' cannot be null
#0 C:\Users\REDMIBOOK\Desktop\portf\sistemCuti\vendor\codeigniter4\framework\system\Database\MySQLi\Connection.php(292): mysqli->query('INSERT INTO `us...', 0)
#1 C:\Users\REDMIBOOK\Desktop\portf\sistemCuti\vendor\codeigniter4\framework\system\Database\BaseConnection.php(670): CodeIgniter\Database\MySQLi\Connection->execute('INSERT INTO `us...')
#2 C:\Users\REDMIBOOK\Desktop\portf\sistemCuti\vendor\codeigniter4\framework\system\Database\BaseConnection.php(598): CodeIgniter\Database\BaseConnection->simpleQuery('INSERT INTO `us...')
#3 C:\Users\REDMIBOOK\Desktop\portf\sistemCuti\vendor\codeigniter4\framework\system\Database\BaseBuilder.php(1759): CodeIgniter\Database\BaseConnection->query('INSERT INTO `us...', Array, false)
#4 C:\Users\REDMIBOOK\Desktop\portf\sistemCuti\vendor\codeigniter4\framework\system\Model.php(239): CodeIgniter\Database\BaseBuilder->insert()
#5 C:\Users\REDMIBOOK\Desktop\portf\sistemCuti\vendor\codeigniter4\framework\system\BaseModel.php(738): CodeIgniter\Model->doInsert(Array)
#6 C:\Users\REDMIBOOK\Desktop\portf\sistemCuti\vendor\codeigniter4\framework\system\Model.php(620): CodeIgniter\BaseModel->insert(Array, false)
#7 C:\Users\REDMIBOOK\Desktop\portf\sistemCuti\vendor\codeigniter4\framework\system\BaseModel.php(658): CodeIgniter\Model->insert(Array, false)
#8 C:\Users\REDMIBOOK\Desktop\portf\sistemCuti\app\Controllers\Api.php(71): CodeIgniter\BaseModel->save(Array)
#9 C:\Users\REDMIBOOK\Desktop\portf\sistemCuti\vendor\codeigniter4\framework\system\CodeIgniter.php(824): App\Controllers\Api->edit('pegawai')
#10 C:\Users\REDMIBOOK\Desktop\portf\sistemCuti\vendor\codeigniter4\framework\system\CodeIgniter.php(410): CodeIgniter\CodeIgniter->runController(Object(App\Controllers\Api))
#11 C:\Users\REDMIBOOK\Desktop\portf\sistemCuti\vendor\codeigniter4\framework\system\CodeIgniter.php(318): CodeIgniter\CodeIgniter->handleRequest(NULL, Object(Config\Cache), false)
#12 C:\Users\REDMIBOOK\Desktop\portf\sistemCuti\public\index.php(37): CodeIgniter\CodeIgniter->run()
#13 C:\Users\REDMIBOOK\Desktop\portf\sistemCuti\vendor\codeigniter4\framework\system\Commands\Server\rewrite.php(43): require_once('C:\\Users\\REDMIB...')
#14 {main}
ERROR - 2022-01-13 07:08:06 --> Column 'id_jabatan' cannot be null
CRITICAL - 2022-01-13 07:08:06 --> Column 'id_jabatan' cannot be null
#0 C:\Users\REDMIBOOK\Desktop\portf\sistemCuti\vendor\codeigniter4\framework\system\Database\MySQLi\Connection.php(292): mysqli->query('INSERT INTO `us...', 0)
#1 C:\Users\REDMIBOOK\Desktop\portf\sistemCuti\vendor\codeigniter4\framework\system\Database\BaseConnection.php(670): CodeIgniter\Database\MySQLi\Connection->execute('INSERT INTO `us...')
#2 C:\Users\REDMIBOOK\Desktop\portf\sistemCuti\vendor\codeigniter4\framework\system\Database\BaseConnection.php(598): CodeIgniter\Database\BaseConnection->simpleQuery('INSERT INTO `us...')
#3 C:\Users\REDMIBOOK\Desktop\portf\sistemCuti\vendor\codeigniter4\framework\system\Database\BaseBuilder.php(1759): CodeIgniter\Database\BaseConnection->query('INSERT INTO `us...', Array, false)
#4 C:\Users\REDMIBOOK\Desktop\portf\sistemCuti\vendor\codeigniter4\framework\system\Model.php(239): CodeIgniter\Database\BaseBuilder->insert()
#5 C:\Users\REDMIBOOK\Desktop\portf\sistemCuti\vendor\codeigniter4\framework\system\BaseModel.php(738): CodeIgniter\Model->doInsert(Array)
#6 C:\Users\REDMIBOOK\Desktop\portf\sistemCuti\vendor\codeigniter4\framework\system\Model.php(620): CodeIgniter\BaseModel->insert(Array, false)
#7 C:\Users\REDMIBOOK\Desktop\portf\sistemCuti\vendor\codeigniter4\framework\system\BaseModel.php(658): CodeIgniter\Model->insert(Array, false)
#8 C:\Users\REDMIBOOK\Desktop\portf\sistemCuti\app\Controllers\Api.php(71): CodeIgniter\BaseModel->save(Array)
#9 C:\Users\REDMIBOOK\Desktop\portf\sistemCuti\vendor\codeigniter4\framework\system\CodeIgniter.php(824): App\Controllers\Api->edit('pegawai')
#10 C:\Users\REDMIBOOK\Desktop\portf\sistemCuti\vendor\codeigniter4\framework\system\CodeIgniter.php(410): CodeIgniter\CodeIgniter->runController(Object(App\Controllers\Api))
#11 C:\Users\REDMIBOOK\Desktop\portf\sistemCuti\vendor\codeigniter4\framework\system\CodeIgniter.php(318): CodeIgniter\CodeIgniter->handleRequest(NULL, Object(Config\Cache), false)
#12 C:\Users\REDMIBOOK\Desktop\portf\sistemCuti\public\index.php(37): CodeIgniter\CodeIgniter->run()
#13 C:\Users\REDMIBOOK\Desktop\portf\sistemCuti\vendor\codeigniter4\framework\system\Commands\Server\rewrite.php(43): require_once('C:\\Users\\REDMIB...')
#14 {main}
ERROR - 2022-01-13 07:09:01 --> Column 'id_jabatan' cannot be null
CRITICAL - 2022-01-13 07:09:01 --> Column 'id_jabatan' cannot be null
#0 C:\Users\REDMIBOOK\Desktop\portf\sistemCuti\vendor\codeigniter4\framework\system\Database\MySQLi\Connection.php(292): mysqli->query('INSERT INTO `us...', 0)
#1 C:\Users\REDMIBOOK\Desktop\portf\sistemCuti\vendor\codeigniter4\framework\system\Database\BaseConnection.php(670): CodeIgniter\Database\MySQLi\Connection->execute('INSERT INTO `us...')
#2 C:\Users\REDMIBOOK\Desktop\portf\sistemCuti\vendor\codeigniter4\framework\system\Database\BaseConnection.php(598): CodeIgniter\Database\BaseConnection->simpleQuery('INSERT INTO `us...')
#3 C:\Users\REDMIBOOK\Desktop\portf\sistemCuti\vendor\codeigniter4\framework\system\Database\BaseBuilder.php(1759): CodeIgniter\Database\BaseConnection->query('INSERT INTO `us...', Array, false)
#4 C:\Users\REDMIBOOK\Desktop\portf\sistemCuti\vendor\codeigniter4\framework\system\Model.php(239): CodeIgniter\Database\BaseBuilder->insert()
#5 C:\Users\REDMIBOOK\Desktop\portf\sistemCuti\vendor\codeigniter4\framework\system\BaseModel.php(738): CodeIgniter\Model->doInsert(Array)
#6 C:\Users\REDMIBOOK\Desktop\portf\sistemCuti\vendor\codeigniter4\framework\system\Model.php(620): CodeIgniter\BaseModel->insert(Array, false)
#7 C:\Users\REDMIBOOK\Desktop\portf\sistemCuti\vendor\codeigniter4\framework\system\BaseModel.php(658): CodeIgniter\Model->insert(Array, false)
#8 C:\Users\REDMIBOOK\Desktop\portf\sistemCuti\app\Controllers\Api.php(71): CodeIgniter\BaseModel->save(Array)
#9 C:\Users\REDMIBOOK\Desktop\portf\sistemCuti\vendor\codeigniter4\framework\system\CodeIgniter.php(824): App\Controllers\Api->edit('pegawai')
#10 C:\Users\REDMIBOOK\Desktop\portf\sistemCuti\vendor\codeigniter4\framework\system\CodeIgniter.php(410): CodeIgniter\CodeIgniter->runController(Object(App\Controllers\Api))
#11 C:\Users\REDMIBOOK\Desktop\portf\sistemCuti\vendor\codeigniter4\framework\system\CodeIgniter.php(318): CodeIgniter\CodeIgniter->handleRequest(NULL, Object(Config\Cache), false)
#12 C:\Users\REDMIBOOK\Desktop\portf\sistemCuti\public\index.php(37): CodeIgniter\CodeIgniter->run()
#13 C:\Users\REDMIBOOK\Desktop\portf\sistemCuti\vendor\codeigniter4\framework\system\Commands\Server\rewrite.php(43): require_once('C:\\Users\\REDMIB...')
#14 {main}
ERROR - 2022-01-13 07:10:11 --> Column 'id_jabatan' cannot be null
CRITICAL - 2022-01-13 07:10:11 --> Column 'id_jabatan' cannot be null
#0 C:\Users\REDMIBOOK\Desktop\portf\sistemCuti\vendor\codeigniter4\framework\system\Database\MySQLi\Connection.php(292): mysqli->query('INSERT INTO `us...', 0)
#1 C:\Users\REDMIBOOK\Desktop\portf\sistemCuti\vendor\codeigniter4\framework\system\Database\BaseConnection.php(670): CodeIgniter\Database\MySQLi\Connection->execute('INSERT INTO `us...')
#2 C:\Users\REDMIBOOK\Desktop\portf\sistemCuti\vendor\codeigniter4\framework\system\Database\BaseConnection.php(598): CodeIgniter\Database\BaseConnection->simpleQuery('INSERT INTO `us...')
#3 C:\Users\REDMIBOOK\Desktop\portf\sistemCuti\vendor\codeigniter4\framework\system\Database\BaseBuilder.php(1759): CodeIgniter\Database\BaseConnection->query('INSERT INTO `us...', Array, false)
#4 C:\Users\REDMIBOOK\Desktop\portf\sistemCuti\vendor\codeigniter4\framework\system\Model.php(239): CodeIgniter\Database\BaseBuilder->insert()
#5 C:\Users\REDMIBOOK\Desktop\portf\sistemCuti\vendor\codeigniter4\framework\system\BaseModel.php(738): CodeIgniter\Model->doInsert(Array)
#6 C:\Users\REDMIBOOK\Desktop\portf\sistemCuti\vendor\codeigniter4\framework\system\Model.php(620): CodeIgniter\BaseModel->insert(Array, false)
#7 C:\Users\REDMIBOOK\Desktop\portf\sistemCuti\vendor\codeigniter4\framework\system\BaseModel.php(658): CodeIgniter\Model->insert(Array, false)
#8 C:\Users\REDMIBOOK\Desktop\portf\sistemCuti\app\Controllers\Api.php(71): CodeIgniter\BaseModel->save(Array)
#9 C:\Users\REDMIBOOK\Desktop\portf\sistemCuti\vendor\codeigniter4\framework\system\CodeIgniter.php(824): App\Controllers\Api->edit('pegawai')
#10 C:\Users\REDMIBOOK\Desktop\portf\sistemCuti\vendor\codeigniter4\framework\system\CodeIgniter.php(410): CodeIgniter\CodeIgniter->runController(Object(App\Controllers\Api))
#11 C:\Users\REDMIBOOK\Desktop\portf\sistemCuti\vendor\codeigniter4\framework\system\CodeIgniter.php(318): CodeIgniter\CodeIgniter->handleRequest(NULL, Object(Config\Cache), false)
#12 C:\Users\REDMIBOOK\Desktop\portf\sistemCuti\public\index.php(37): CodeIgniter\CodeIgniter->run()
#13 C:\Users\REDMIBOOK\Desktop\portf\sistemCuti\vendor\codeigniter4\framework\system\Commands\Server\rewrite.php(43): require_once('C:\\Users\\REDMIB...')
#14 {main}
CRITICAL - 2022-01-13 20:21:52 --> Undefined property: App\Controllers\Home::$divisi
#0 C:\Users\REDMIBOOK\Desktop\portf\sistemCuti\app\Controllers\Home.php(29): CodeIgniter\Debug\Exceptions->errorHandler(2, 'Undefined prope...', 'C:\\Users\\REDMIB...', 29)
#1 C:\Users\REDMIBOOK\Desktop\portf\sistemCuti\vendor\codeigniter4\framework\system\CodeIgniter.php(824): App\Controllers\Home->index()
#2 C:\Users\REDMIBOOK\Desktop\portf\sistemCuti\vendor\codeigniter4\framework\system\CodeIgniter.php(410): CodeIgniter\CodeIgniter->runController(Object(App\Controllers\Home))
#3 C:\Users\REDMIBOOK\Desktop\portf\sistemCuti\vendor\codeigniter4\framework\system\CodeIgniter.php(318): CodeIgniter\CodeIgniter->handleRequest(NULL, Object(Config\Cache), false)
#4 C:\Users\REDMIBOOK\Desktop\portf\sistemCuti\public\index.php(37): CodeIgniter\CodeIgniter->run()
#5 C:\Users\REDMIBOOK\Desktop\portf\sistemCuti\vendor\codeigniter4\framework\system\Commands\Server\rewrite.php(43): require_once('C:\\Users\\REDMIB...')
#6 {main}
ERROR - 2022-01-13 20:35:19 --> Unknown column 'users.id_jabatan' in 'on clause'
CRITICAL - 2022-01-13 20:35:19 --> Unknown column 'users.id_jabatan' in 'on clause'
#0 C:\Users\REDMIBOOK\Desktop\portf\sistemCuti\vendor\codeigniter4\framework\system\Database\MySQLi\Connection.php(292): mysqli->query('SELECT *\nFROM `...', 0)
#1 C:\Users\REDMIBOOK\Desktop\portf\sistemCuti\vendor\codeigniter4\framework\system\Database\BaseConnection.php(670): CodeIgniter\Database\MySQLi\Connection->execute('SELECT *\nFROM `...')
#2 C:\Users\REDMIBOOK\Desktop\portf\sistemCuti\vendor\codeigniter4\framework\system\Database\BaseConnection.php(598): CodeIgniter\Database\BaseConnection->simpleQuery('SELECT *\nFROM `...')
#3 C:\Users\REDMIBOOK\Desktop\portf\sistemCuti\vendor\codeigniter4\framework\system\Database\BaseBuilder.php(1443): CodeIgniter\Database\BaseConnection->query('SELECT *\nFROM `...', Array, false)
#4 C:\Users\REDMIBOOK\Desktop\portf\sistemCuti\vendor\codeigniter4\framework\system\Model.php(183): CodeIgniter\Database\BaseBuilder->get()
#5 C:\Users\REDMIBOOK\Desktop\portf\sistemCuti\vendor\codeigniter4\framework\system\BaseModel.php(584): CodeIgniter\Model->doFindAll(0, 0)
#6 C:\Users\REDMIBOOK\Desktop\portf\sistemCuti\app\Controllers\Home.php(44): CodeIgniter\BaseModel->findAll()
#7 C:\Users\REDMIBOOK\Desktop\portf\sistemCuti\vendor\codeigniter4\framework\system\CodeIgniter.php(824): App\Controllers\Home->link('data-pegawai')
#8 C:\Users\REDMIBOOK\Desktop\portf\sistemCuti\vendor\codeigniter4\framework\system\CodeIgniter.php(410): CodeIgniter\CodeIgniter->runController(Object(App\Controllers\Home))
#9 C:\Users\REDMIBOOK\Desktop\portf\sistemCuti\vendor\codeigniter4\framework\system\CodeIgniter.php(318): CodeIgniter\CodeIgniter->handleRequest(NULL, Object(Config\Cache), false)
#10 C:\Users\REDMIBOOK\Desktop\portf\sistemCuti\public\index.php(37): CodeIgniter\CodeIgniter->run()
#11 C:\Users\REDMIBOOK\Desktop\portf\sistemCuti\vendor\codeigniter4\framework\system\Commands\Server\rewrite.php(43): require_once('C:\\Users\\REDMIB...')
#12 {main}
ERROR - 2022-01-13 20:35:55 --> Unknown column 'users.id_user' in 'on clause'
CRITICAL - 2022-01-13 20:35:55 --> Unknown column 'users.id_user' in 'on clause'
#0 C:\Users\REDMIBOOK\Desktop\portf\sistemCuti\vendor\codeigniter4\framework\system\Database\MySQLi\Connection.php(292): mysqli->query('SELECT *\nFROM `...', 0)
#1 C:\Users\REDMIBOOK\Desktop\portf\sistemCuti\vendor\codeigniter4\framework\system\Database\BaseConnection.php(670): CodeIgniter\Database\MySQLi\Connection->execute('SELECT *\nFROM `...')
#2 C:\Users\REDMIBOOK\Desktop\portf\sistemCuti\vendor\codeigniter4\framework\system\Database\BaseConnection.php(598): CodeIgniter\Database\BaseConnection->simpleQuery('SELECT *\nFROM `...')
#3 C:\Users\REDMIBOOK\Desktop\portf\sistemCuti\vendor\codeigniter4\framework\system\Database\BaseBuilder.php(1443): CodeIgniter\Database\BaseConnection->query('SELECT *\nFROM `...', Array, false)
#4 C:\Users\REDMIBOOK\Desktop\portf\sistemCuti\vendor\codeigniter4\framework\system\Model.php(183): CodeIgniter\Database\BaseBuilder->get()
#5 C:\Users\REDMIBOOK\Desktop\portf\sistemCuti\vendor\codeigniter4\framework\system\BaseModel.php(584): CodeIgniter\Model->doFindAll(0, 0)
#6 C:\Users\REDMIBOOK\Desktop\portf\sistemCuti\app\Controllers\Home.php(44): CodeIgniter\BaseModel->findAll()
#7 C:\Users\REDMIBOOK\Desktop\portf\sistemCuti\vendor\codeigniter4\framework\system\CodeIgniter.php(824): App\Controllers\Home->link('data-pegawai')
#8 C:\Users\REDMIBOOK\Desktop\portf\sistemCuti\vendor\codeigniter4\framework\system\CodeIgniter.php(410): CodeIgniter\CodeIgniter->runController(Object(App\Controllers\Home))
#9 C:\Users\REDMIBOOK\Desktop\portf\sistemCuti\vendor\codeigniter4\framework\system\CodeIgniter.php(318): CodeIgniter\CodeIgniter->handleRequest(NULL, Object(Config\Cache), false)
#10 C:\Users\REDMIBOOK\Desktop\portf\sistemCuti\public\index.php(37): CodeIgniter\CodeIgniter->run()
#11 C:\Users\REDMIBOOK\Desktop\portf\sistemCuti\vendor\codeigniter4\framework\system\Commands\Server\rewrite.php(43): require_once('C:\\Users\\REDMIB...')
#12 {main}
ERROR - 2022-01-13 20:36:32 --> Unknown column 'users.id_user' in 'on clause'
CRITICAL - 2022-01-13 20:36:32 --> Unknown column 'users.id_user' in 'on clause'
#0 C:\Users\REDMIBOOK\Desktop\portf\sistemCuti\vendor\codeigniter4\framework\system\Database\MySQLi\Connection.php(292): mysqli->query('SELECT *\nFROM `...', 0)
#1 C:\Users\REDMIBOOK\Desktop\portf\sistemCuti\vendor\codeigniter4\framework\system\Database\BaseConnection.php(670): CodeIgniter\Database\MySQLi\Connection->execute('SELECT *\nFROM `...')
#2 C:\Users\REDMIBOOK\Desktop\portf\sistemCuti\vendor\codeigniter4\framework\system\Database\BaseConnection.php(598): CodeIgniter\Database\BaseConnection->simpleQuery('SELECT *\nFROM `...')
#3 C:\Users\REDMIBOOK\Desktop\portf\sistemCuti\vendor\codeigniter4\framework\system\Database\BaseBuilder.php(1443): CodeIgniter\Database\BaseConnection->query('SELECT *\nFROM `...', Array, false)
#4 C:\Users\REDMIBOOK\Desktop\portf\sistemCuti\vendor\codeigniter4\framework\system\Model.php(183): CodeIgniter\Database\BaseBuilder->get()
#5 C:\Users\REDMIBOOK\Desktop\portf\sistemCuti\vendor\codeigniter4\framework\system\BaseModel.php(584): CodeIgniter\Model->doFindAll(0, 0)
#6 C:\Users\REDMIBOOK\Desktop\portf\sistemCuti\app\Controllers\Home.php(44): CodeIgniter\BaseModel->findAll()
#7 C:\Users\REDMIBOOK\Desktop\portf\sistemCuti\vendor\codeigniter4\framework\system\CodeIgniter.php(824): App\Controllers\Home->link('data-pegawai')
#8 C:\Users\REDMIBOOK\Desktop\portf\sistemCuti\vendor\codeigniter4\framework\system\CodeIgniter.php(410): CodeIgniter\CodeIgniter->runController(Object(App\Controllers\Home))
#9 C:\Users\REDMIBOOK\Desktop\portf\sistemCuti\vendor\codeigniter4\framework\system\CodeIgniter.php(318): CodeIgniter\CodeIgniter->handleRequest(NULL, Object(Config\Cache), false)
#10 C:\Users\REDMIBOOK\Desktop\portf\sistemCuti\public\index.php(37): CodeIgniter\CodeIgniter->run()
#11 C:\Users\REDMIBOOK\Desktop\portf\sistemCuti\vendor\codeigniter4\framework\system\Commands\Server\rewrite.php(43): require_once('C:\\Users\\REDMIB...')
#12 {main}
