CRITICAL - 2021-12-29 19:26:15 --> syntax error, unexpected end of file
#0 C:\Users\REDMIBOOK\Desktop\portf\absensiOnline\vendor\codeigniter4\framework\system\View\View.php(217): CodeIgniter\View\View->CodeIgniter\View\{closure}()
#1 C:\Users\REDMIBOOK\Desktop\portf\absensiOnline\vendor\codeigniter4\framework\system\Common.php(1097): CodeIgniter\View\View->render('admin/cuti', Array, true)
#2 C:\Users\REDMIBOOK\Desktop\portf\absensiOnline\app\Controllers\Home.php(113): view('admin/cuti', Array)
#3 C:\Users\REDMIBOOK\Desktop\portf\absensiOnline\vendor\codeigniter4\framework\system\CodeIgniter.php(824): App\Controllers\Home->link('permintaan-cuti')
#4 C:\Users\REDMIBOOK\Desktop\portf\absensiOnline\vendor\codeigniter4\framework\system\CodeIgniter.php(410): CodeIgniter\CodeIgniter->runController(Object(App\Controllers\Home))
#5 C:\Users\REDMIBOOK\Desktop\portf\absensiOnline\vendor\codeigniter4\framework\system\CodeIgniter.php(318): CodeIgniter\CodeIgniter->handleRequest(NULL, Object(Config\Cache), false)
#6 C:\Users\REDMIBOOK\Desktop\portf\absensiOnline\public\index.php(37): CodeIgniter\CodeIgniter->run()
#7 C:\Users\REDMIBOOK\Desktop\portf\absensiOnline\vendor\codeigniter4\framework\system\Commands\Server\rewrite.php(43): require_once('C:\\Users\\REDMIB...')
#8 {main}
CRITICAL - 2021-12-29 07:52:04 --> syntax error, unexpected variable "$status", expecting "function" or "const"
#0 C:\Users\REDMIBOOK\Desktop\portf\absensiOnline\vendor\codeigniter4\framework\system\Autoloader\Autoloader.php(241): CodeIgniter\Autoloader\Autoloader->includeFile('C:\\Users\\REDMIB...')
#1 C:\Users\REDMIBOOK\Desktop\portf\absensiOnline\vendor\codeigniter4\framework\system\Autoloader\Autoloader.php(219): CodeIgniter\Autoloader\Autoloader->loadInNamespace('App\\Controllers...')
#2 [internal function]: CodeIgniter\Autoloader\Autoloader->loadClass('App\\Controllers...')
#3 C:\Users\REDMIBOOK\Desktop\portf\absensiOnline\vendor\codeigniter4\framework\system\CodeIgniter.php(789): class_exists('\\App\\Controller...', true)
#4 C:\Users\REDMIBOOK\Desktop\portf\absensiOnline\vendor\codeigniter4\framework\system\CodeIgniter.php(397): CodeIgniter\CodeIgniter->startController()
#5 C:\Users\REDMIBOOK\Desktop\portf\absensiOnline\vendor\codeigniter4\framework\system\CodeIgniter.php(318): CodeIgniter\CodeIgniter->handleRequest(NULL, Object(Config\Cache), false)
#6 C:\Users\REDMIBOOK\Desktop\portf\absensiOnline\public\index.php(37): CodeIgniter\CodeIgniter->run()
#7 C:\Users\REDMIBOOK\Desktop\portf\absensiOnline\vendor\codeigniter4\framework\system\Commands\Server\rewrite.php(43): require_once('C:\\Users\\REDMIB...')
#8 {main}
CRITICAL - 2021-12-29 07:52:24 --> syntax error, unexpected variable "$status", expecting "function" or "const"
#0 C:\Users\REDMIBOOK\Desktop\portf\absensiOnline\vendor\codeigniter4\framework\system\Autoloader\Autoloader.php(241): CodeIgniter\Autoloader\Autoloader->includeFile('C:\\Users\\REDMIB...')
#1 C:\Users\REDMIBOOK\Desktop\portf\absensiOnline\vendor\codeigniter4\framework\system\Autoloader\Autoloader.php(219): CodeIgniter\Autoloader\Autoloader->loadInNamespace('App\\Controllers...')
#2 [internal function]: CodeIgniter\Autoloader\Autoloader->loadClass('App\\Controllers...')
#3 C:\Users\REDMIBOOK\Desktop\portf\absensiOnline\vendor\codeigniter4\framework\system\CodeIgniter.php(789): class_exists('\\App\\Controller...', true)
#4 C:\Users\REDMIBOOK\Desktop\portf\absensiOnline\vendor\codeigniter4\framework\system\CodeIgniter.php(397): CodeIgniter\CodeIgniter->startController()
#5 C:\Users\REDMIBOOK\Desktop\portf\absensiOnline\vendor\codeigniter4\framework\system\CodeIgniter.php(318): CodeIgniter\CodeIgniter->handleRequest(NULL, Object(Config\Cache), false)
#6 C:\Users\REDMIBOOK\Desktop\portf\absensiOnline\public\index.php(37): CodeIgniter\CodeIgniter->run()
#7 C:\Users\REDMIBOOK\Desktop\portf\absensiOnline\vendor\codeigniter4\framework\system\Commands\Server\rewrite.php(43): require_once('C:\\Users\\REDMIB...')
#8 {main}
CRITICAL - 2021-12-29 07:52:36 --> syntax error, unexpected variable "$status", expecting "function" or "const"
#0 C:\Users\REDMIBOOK\Desktop\portf\absensiOnline\vendor\codeigniter4\framework\system\Autoloader\Autoloader.php(241): CodeIgniter\Autoloader\Autoloader->includeFile('C:\\Users\\REDMIB...')
#1 C:\Users\REDMIBOOK\Desktop\portf\absensiOnline\vendor\codeigniter4\framework\system\Autoloader\Autoloader.php(219): CodeIgniter\Autoloader\Autoloader->loadInNamespace('App\\Controllers...')
#2 [internal function]: CodeIgniter\Autoloader\Autoloader->loadClass('App\\Controllers...')
#3 C:\Users\REDMIBOOK\Desktop\portf\absensiOnline\vendor\codeigniter4\framework\system\CodeIgniter.php(789): class_exists('\\App\\Controller...', true)
#4 C:\Users\REDMIBOOK\Desktop\portf\absensiOnline\vendor\codeigniter4\framework\system\CodeIgniter.php(397): CodeIgniter\CodeIgniter->startController()
#5 C:\Users\REDMIBOOK\Desktop\portf\absensiOnline\vendor\codeigniter4\framework\system\CodeIgniter.php(318): CodeIgniter\CodeIgniter->handleRequest(NULL, Object(Config\Cache), false)
#6 C:\Users\REDMIBOOK\Desktop\portf\absensiOnline\public\index.php(37): CodeIgniter\CodeIgniter->run()
#7 C:\Users\REDMIBOOK\Desktop\portf\absensiOnline\vendor\codeigniter4\framework\system\Commands\Server\rewrite.php(43): require_once('C:\\Users\\REDMIB...')
#8 {main}
