CRITICAL - 2022-01-14 18:43:12 --> Attempt to read property "role" on array
#0 C:\Users\REDMIBOOK\Desktop\portf\sistemCuti\app\Controllers\Api.php(185): CodeIgniter\Debug\Exceptions->errorHandler(2, 'Attempt to read...', 'C:\\Users\\REDMIB...', 185)
#1 C:\Users\REDMIBOOK\Desktop\portf\sistemCuti\vendor\codeigniter4\framework\system\CodeIgniter.php(824): App\Controllers\Api->login()
#2 C:\Users\REDMIBOOK\Desktop\portf\sistemCuti\vendor\codeigniter4\framework\system\CodeIgniter.php(410): CodeIgniter\CodeIgniter->runController(Object(App\Controllers\Api))
#3 C:\Users\REDMIBOOK\Desktop\portf\sistemCuti\vendor\codeigniter4\framework\system\CodeIgniter.php(318): CodeIgniter\CodeIgniter->handleRequest(NULL, Object(Config\Cache), false)
#4 C:\Users\REDMIBOOK\Desktop\portf\sistemCuti\public\index.php(37): CodeIgniter\CodeIgniter->run()
#5 C:\Users\REDMIBOOK\Desktop\portf\sistemCuti\vendor\codeigniter4\framework\system\Commands\Server\rewrite.php(43): require_once('C:\\Users\\REDMIB...')
#6 {main}
CRITICAL - 2022-01-14 18:45:13 --> Undefined property: CodeIgniter\View\View::$session
#0 C:\Users\REDMIBOOK\Desktop\portf\sistemCuti\app\Views\template\admin_template.php(75): CodeIgniter\Debug\Exceptions->errorHandler(2, 'Undefined prope...', 'C:\\Users\\REDMIB...', 75)
#1 C:\Users\REDMIBOOK\Desktop\portf\sistemCuti\vendor\codeigniter4\framework\system\View\View.php(214): include('C:\\Users\\REDMIB...')
#2 C:\Users\REDMIBOOK\Desktop\portf\sistemCuti\vendor\codeigniter4\framework\system\View\View.php(217): CodeIgniter\View\View->CodeIgniter\View\{closure}()
#3 C:\Users\REDMIBOOK\Desktop\portf\sistemCuti\vendor\codeigniter4\framework\system\View\View.php(230): CodeIgniter\View\View->render('template/admin_...', Array, true)
#4 C:\Users\REDMIBOOK\Desktop\portf\sistemCuti\vendor\codeigniter4\framework\system\Common.php(1097): CodeIgniter\View\View->render('admin/home', Array, true)
#5 C:\Users\REDMIBOOK\Desktop\portf\sistemCuti\app\Controllers\Home.php(33): view('admin/home', Array)
#6 C:\Users\REDMIBOOK\Desktop\portf\sistemCuti\vendor\codeigniter4\framework\system\CodeIgniter.php(824): App\Controllers\Home->index()
#7 C:\Users\REDMIBOOK\Desktop\portf\sistemCuti\vendor\codeigniter4\framework\system\CodeIgniter.php(410): CodeIgniter\CodeIgniter->runController(Object(App\Controllers\Home))
#8 C:\Users\REDMIBOOK\Desktop\portf\sistemCuti\vendor\codeigniter4\framework\system\CodeIgniter.php(318): CodeIgniter\CodeIgniter->handleRequest(NULL, Object(Config\Cache), false)
#9 C:\Users\REDMIBOOK\Desktop\portf\sistemCuti\public\index.php(37): CodeIgniter\CodeIgniter->run()
#10 C:\Users\REDMIBOOK\Desktop\portf\sistemCuti\vendor\codeigniter4\framework\system\Commands\Server\rewrite.php(43): require_once('C:\\Users\\REDMIB...')
#11 {main}
CRITICAL - 2022-01-14 18:45:27 --> Undefined property: CodeIgniter\View\View::$session
#0 C:\Users\REDMIBOOK\Desktop\portf\sistemCuti\app\Views\template\admin_template.php(75): CodeIgniter\Debug\Exceptions->errorHandler(2, 'Undefined prope...', 'C:\\Users\\REDMIB...', 75)
#1 C:\Users\REDMIBOOK\Desktop\portf\sistemCuti\vendor\codeigniter4\framework\system\View\View.php(214): include('C:\\Users\\REDMIB...')
#2 C:\Users\REDMIBOOK\Desktop\portf\sistemCuti\vendor\codeigniter4\framework\system\View\View.php(217): CodeIgniter\View\View->CodeIgniter\View\{closure}()
#3 C:\Users\REDMIBOOK\Desktop\portf\sistemCuti\vendor\codeigniter4\framework\system\View\View.php(230): CodeIgniter\View\View->render('template/admin_...', Array, true)
#4 C:\Users\REDMIBOOK\Desktop\portf\sistemCuti\vendor\codeigniter4\framework\system\Common.php(1097): CodeIgniter\View\View->render('admin/home', Array, true)
#5 C:\Users\REDMIBOOK\Desktop\portf\sistemCuti\app\Controllers\Home.php(33): view('admin/home', Array)
#6 C:\Users\REDMIBOOK\Desktop\portf\sistemCuti\vendor\codeigniter4\framework\system\CodeIgniter.php(824): App\Controllers\Home->index()
#7 C:\Users\REDMIBOOK\Desktop\portf\sistemCuti\vendor\codeigniter4\framework\system\CodeIgniter.php(410): CodeIgniter\CodeIgniter->runController(Object(App\Controllers\Home))
#8 C:\Users\REDMIBOOK\Desktop\portf\sistemCuti\vendor\codeigniter4\framework\system\CodeIgniter.php(318): CodeIgniter\CodeIgniter->handleRequest(NULL, Object(Config\Cache), false)
#9 C:\Users\REDMIBOOK\Desktop\portf\sistemCuti\public\index.php(37): CodeIgniter\CodeIgniter->run()
#10 C:\Users\REDMIBOOK\Desktop\portf\sistemCuti\vendor\codeigniter4\framework\system\Commands\Server\rewrite.php(43): require_once('C:\\Users\\REDMIB...')
#11 {main}
CRITICAL - 2022-01-14 19:15:22 --> Undefined property: App\Controllers\Akses::$session
#0 C:\Users\REDMIBOOK\Desktop\portf\sistemCuti\app\Controllers\Akses.php(9): CodeIgniter\Debug\Exceptions->errorHandler(2, 'Undefined prope...', 'C:\\Users\\REDMIB...', 9)
#1 C:\Users\REDMIBOOK\Desktop\portf\sistemCuti\app\Controllers\Home.php(26): App\Controllers\Akses->cek()
#2 C:\Users\REDMIBOOK\Desktop\portf\sistemCuti\vendor\codeigniter4\framework\system\CodeIgniter.php(824): App\Controllers\Home->index()
#3 C:\Users\REDMIBOOK\Desktop\portf\sistemCuti\vendor\codeigniter4\framework\system\CodeIgniter.php(410): CodeIgniter\CodeIgniter->runController(Object(App\Controllers\Home))
#4 C:\Users\REDMIBOOK\Desktop\portf\sistemCuti\vendor\codeigniter4\framework\system\CodeIgniter.php(318): CodeIgniter\CodeIgniter->handleRequest(NULL, Object(Config\Cache), false)
#5 C:\Users\REDMIBOOK\Desktop\portf\sistemCuti\public\index.php(37): CodeIgniter\CodeIgniter->run()
#6 C:\Users\REDMIBOOK\Desktop\portf\sistemCuti\vendor\codeigniter4\framework\system\Commands\Server\rewrite.php(43): require_once('C:\\Users\\REDMIB...')
#7 {main}
ERROR - 2022-01-14 19:30:22 --> Table 'sys_cuti.users' doesn't exist
CRITICAL - 2022-01-14 19:30:22 --> Table 'sys_cuti.users' doesn't exist
#0 C:\Users\REDMIBOOK\Desktop\portf\sistemCuti\vendor\codeigniter4\framework\system\Database\MySQLi\Connection.php(292): mysqli->query('SELECT *\nFROM `...', 0)
#1 C:\Users\REDMIBOOK\Desktop\portf\sistemCuti\vendor\codeigniter4\framework\system\Database\BaseConnection.php(670): CodeIgniter\Database\MySQLi\Connection->execute('SELECT *\nFROM `...')
#2 C:\Users\REDMIBOOK\Desktop\portf\sistemCuti\vendor\codeigniter4\framework\system\Database\BaseConnection.php(598): CodeIgniter\Database\BaseConnection->simpleQuery('SELECT *\nFROM `...')
#3 C:\Users\REDMIBOOK\Desktop\portf\sistemCuti\vendor\codeigniter4\framework\system\Database\BaseBuilder.php(1443): CodeIgniter\Database\BaseConnection->query('SELECT *\nFROM `...', Array, false)
#4 C:\Users\REDMIBOOK\Desktop\portf\sistemCuti\vendor\codeigniter4\framework\system\Model.php(183): CodeIgniter\Database\BaseBuilder->get()
#5 C:\Users\REDMIBOOK\Desktop\portf\sistemCuti\vendor\codeigniter4\framework\system\BaseModel.php(584): CodeIgniter\Model->doFindAll(0, 0)
#6 C:\Users\REDMIBOOK\Desktop\portf\sistemCuti\app\Controllers\Home.php(63): CodeIgniter\BaseModel->findAll()
#7 C:\Users\REDMIBOOK\Desktop\portf\sistemCuti\vendor\codeigniter4\framework\system\CodeIgniter.php(824): App\Controllers\Home->link('permintaan-cuti')
#8 C:\Users\REDMIBOOK\Desktop\portf\sistemCuti\vendor\codeigniter4\framework\system\CodeIgniter.php(410): CodeIgniter\CodeIgniter->runController(Object(App\Controllers\Home))
#9 C:\Users\REDMIBOOK\Desktop\portf\sistemCuti\vendor\codeigniter4\framework\system\CodeIgniter.php(318): CodeIgniter\CodeIgniter->handleRequest(NULL, Object(Config\Cache), false)
#10 C:\Users\REDMIBOOK\Desktop\portf\sistemCuti\public\index.php(37): CodeIgniter\CodeIgniter->run()
#11 C:\Users\REDMIBOOK\Desktop\portf\sistemCuti\vendor\codeigniter4\framework\system\Commands\Server\rewrite.php(43): require_once('C:\\Users\\REDMIB...')
#12 {main}
ERROR - 2022-01-14 19:31:39 --> Unknown column 'cuti.id_user' in 'on clause'
CRITICAL - 2022-01-14 19:31:39 --> Unknown column 'cuti.id_user' in 'on clause'
#0 C:\Users\REDMIBOOK\Desktop\portf\sistemCuti\vendor\codeigniter4\framework\system\Database\MySQLi\Connection.php(292): mysqli->query('SELECT *\nFROM `...', 0)
#1 C:\Users\REDMIBOOK\Desktop\portf\sistemCuti\vendor\codeigniter4\framework\system\Database\BaseConnection.php(670): CodeIgniter\Database\MySQLi\Connection->execute('SELECT *\nFROM `...')
#2 C:\Users\REDMIBOOK\Desktop\portf\sistemCuti\vendor\codeigniter4\framework\system\Database\BaseConnection.php(598): CodeIgniter\Database\BaseConnection->simpleQuery('SELECT *\nFROM `...')
#3 C:\Users\REDMIBOOK\Desktop\portf\sistemCuti\vendor\codeigniter4\framework\system\Database\BaseBuilder.php(1443): CodeIgniter\Database\BaseConnection->query('SELECT *\nFROM `...', Array, false)
#4 C:\Users\REDMIBOOK\Desktop\portf\sistemCuti\vendor\codeigniter4\framework\system\Model.php(183): CodeIgniter\Database\BaseBuilder->get()
#5 C:\Users\REDMIBOOK\Desktop\portf\sistemCuti\vendor\codeigniter4\framework\system\BaseModel.php(584): CodeIgniter\Model->doFindAll(0, 0)
#6 C:\Users\REDMIBOOK\Desktop\portf\sistemCuti\app\Controllers\Home.php(63): CodeIgniter\BaseModel->findAll()
#7 C:\Users\REDMIBOOK\Desktop\portf\sistemCuti\vendor\codeigniter4\framework\system\CodeIgniter.php(824): App\Controllers\Home->link('permintaan-cuti')
#8 C:\Users\REDMIBOOK\Desktop\portf\sistemCuti\vendor\codeigniter4\framework\system\CodeIgniter.php(410): CodeIgniter\CodeIgniter->runController(Object(App\Controllers\Home))
#9 C:\Users\REDMIBOOK\Desktop\portf\sistemCuti\vendor\codeigniter4\framework\system\CodeIgniter.php(318): CodeIgniter\CodeIgniter->handleRequest(NULL, Object(Config\Cache), false)
#10 C:\Users\REDMIBOOK\Desktop\portf\sistemCuti\public\index.php(37): CodeIgniter\CodeIgniter->run()
#11 C:\Users\REDMIBOOK\Desktop\portf\sistemCuti\vendor\codeigniter4\framework\system\Commands\Server\rewrite.php(43): require_once('C:\\Users\\REDMIB...')
#12 {main}
CRITICAL - 2022-01-14 19:32:03 --> Undefined variable $data_cuti
#0 C:\Users\REDMIBOOK\Desktop\portf\sistemCuti\app\Views\admin\permintaan_cuti.php(66): CodeIgniter\Debug\Exceptions->errorHandler(2, 'Undefined varia...', 'C:\\Users\\REDMIB...', 66)
#1 C:\Users\REDMIBOOK\Desktop\portf\sistemCuti\vendor\codeigniter4\framework\system\View\View.php(214): include('C:\\Users\\REDMIB...')
#2 C:\Users\REDMIBOOK\Desktop\portf\sistemCuti\vendor\codeigniter4\framework\system\View\View.php(217): CodeIgniter\View\View->CodeIgniter\View\{closure}()
#3 C:\Users\REDMIBOOK\Desktop\portf\sistemCuti\vendor\codeigniter4\framework\system\Common.php(1097): CodeIgniter\View\View->render('admin/permintaa...', Array, true)
#4 C:\Users\REDMIBOOK\Desktop\portf\sistemCuti\app\Controllers\Home.php(64): view('admin/permintaa...')
#5 C:\Users\REDMIBOOK\Desktop\portf\sistemCuti\vendor\codeigniter4\framework\system\CodeIgniter.php(824): App\Controllers\Home->link('permintaan-cuti')
#6 C:\Users\REDMIBOOK\Desktop\portf\sistemCuti\vendor\codeigniter4\framework\system\CodeIgniter.php(410): CodeIgniter\CodeIgniter->runController(Object(App\Controllers\Home))
#7 C:\Users\REDMIBOOK\Desktop\portf\sistemCuti\vendor\codeigniter4\framework\system\CodeIgniter.php(318): CodeIgniter\CodeIgniter->handleRequest(NULL, Object(Config\Cache), false)
#8 C:\Users\REDMIBOOK\Desktop\portf\sistemCuti\public\index.php(37): CodeIgniter\CodeIgniter->run()
#9 C:\Users\REDMIBOOK\Desktop\portf\sistemCuti\vendor\codeigniter4\framework\system\Commands\Server\rewrite.php(43): require_once('C:\\Users\\REDMIB...')
#10 {main}
ERROR - 2022-01-14 20:25:58 --> Unknown column 'tahun' in 'where clause'
CRITICAL - 2022-01-14 20:25:58 --> Unknown column 'tahun' in 'where clause'
#0 C:\Users\REDMIBOOK\Desktop\portf\sistemCuti\vendor\codeigniter4\framework\system\Database\MySQLi\Connection.php(292): mysqli->query('SELECT *\nFROM `...', 0)
#1 C:\Users\REDMIBOOK\Desktop\portf\sistemCuti\vendor\codeigniter4\framework\system\Database\BaseConnection.php(670): CodeIgniter\Database\MySQLi\Connection->execute('SELECT *\nFROM `...')
#2 C:\Users\REDMIBOOK\Desktop\portf\sistemCuti\vendor\codeigniter4\framework\system\Database\BaseConnection.php(598): CodeIgniter\Database\BaseConnection->simpleQuery('SELECT *\nFROM `...')
#3 C:\Users\REDMIBOOK\Desktop\portf\sistemCuti\vendor\codeigniter4\framework\system\Database\BaseBuilder.php(1443): CodeIgniter\Database\BaseConnection->query('SELECT *\nFROM `...', Array, false)
#4 C:\Users\REDMIBOOK\Desktop\portf\sistemCuti\vendor\codeigniter4\framework\system\Model.php(210): CodeIgniter\Database\BaseBuilder->get()
#5 C:\Users\REDMIBOOK\Desktop\portf\sistemCuti\vendor\codeigniter4\framework\system\BaseModel.php(622): CodeIgniter\Model->doFirst()
#6 C:\Users\REDMIBOOK\Desktop\portf\sistemCuti\app\Controllers\Api.php(125): CodeIgniter\BaseModel->first()
#7 C:\Users\REDMIBOOK\Desktop\portf\sistemCuti\vendor\codeigniter4\framework\system\CodeIgniter.php(824): App\Controllers\Api->cuti()
#8 C:\Users\REDMIBOOK\Desktop\portf\sistemCuti\vendor\codeigniter4\framework\system\CodeIgniter.php(410): CodeIgniter\CodeIgniter->runController(Object(App\Controllers\Api))
#9 C:\Users\REDMIBOOK\Desktop\portf\sistemCuti\vendor\codeigniter4\framework\system\CodeIgniter.php(318): CodeIgniter\CodeIgniter->handleRequest(NULL, Object(Config\Cache), false)
#10 C:\Users\REDMIBOOK\Desktop\portf\sistemCuti\public\index.php(37): CodeIgniter\CodeIgniter->run()
#11 C:\Users\REDMIBOOK\Desktop\portf\sistemCuti\vendor\codeigniter4\framework\system\Commands\Server\rewrite.php(43): require_once('C:\\Users\\REDMIB...')
#12 {main}
CRITICAL - 2022-01-14 20:34:32 --> syntax error, unexpected end of file
#0 C:\Users\REDMIBOOK\Desktop\portf\sistemCuti\vendor\codeigniter4\framework\system\CodeIgniter.php(824): App\Controllers\Api->cuti()
#1 C:\Users\REDMIBOOK\Desktop\portf\sistemCuti\vendor\codeigniter4\framework\system\CodeIgniter.php(410): CodeIgniter\CodeIgniter->runController(Object(App\Controllers\Api))
#2 C:\Users\REDMIBOOK\Desktop\portf\sistemCuti\vendor\codeigniter4\framework\system\CodeIgniter.php(318): CodeIgniter\CodeIgniter->handleRequest(NULL, Object(Config\Cache), false)
#3 C:\Users\REDMIBOOK\Desktop\portf\sistemCuti\public\index.php(37): CodeIgniter\CodeIgniter->run()
#4 C:\Users\REDMIBOOK\Desktop\portf\sistemCuti\vendor\codeigniter4\framework\system\Commands\Server\rewrite.php(43): require_once('C:\\Users\\REDMIB...')
#5 {main}
CRITICAL - 2022-01-14 20:35:02 --> syntax error, unexpected end of file
#0 C:\Users\REDMIBOOK\Desktop\portf\sistemCuti\vendor\codeigniter4\framework\system\CodeIgniter.php(824): App\Controllers\Api->cuti()
#1 C:\Users\REDMIBOOK\Desktop\portf\sistemCuti\vendor\codeigniter4\framework\system\CodeIgniter.php(410): CodeIgniter\CodeIgniter->runController(Object(App\Controllers\Api))
#2 C:\Users\REDMIBOOK\Desktop\portf\sistemCuti\vendor\codeigniter4\framework\system\CodeIgniter.php(318): CodeIgniter\CodeIgniter->handleRequest(NULL, Object(Config\Cache), false)
#3 C:\Users\REDMIBOOK\Desktop\portf\sistemCuti\public\index.php(37): CodeIgniter\CodeIgniter->run()
#4 C:\Users\REDMIBOOK\Desktop\portf\sistemCuti\vendor\codeigniter4\framework\system\Commands\Server\rewrite.php(43): require_once('C:\\Users\\REDMIB...')
#5 {main}
