CRITICAL - 2022-01-20 05:48:38 --> Unclosed '{' on line 453 does not match ')'
#0 C:\Users\REDMIBOOK\Desktop\portf\sistemCuti\vendor\codeigniter4\framework\system\Autoloader\Autoloader.php(241): CodeIgniter\Autoloader\Autoloader->includeFile('C:\\Users\\REDMIB...')
#1 C:\Users\REDMIBOOK\Desktop\portf\sistemCuti\vendor\codeigniter4\framework\system\Autoloader\Autoloader.php(219): CodeIgniter\Autoloader\Autoloader->loadInNamespace('App\\Controllers...')
#2 [internal function]: CodeIgniter\Autoloader\Autoloader->loadClass('App\\Controllers...')
#3 C:\Users\REDMIBOOK\Desktop\portf\sistemCuti\vendor\codeigniter4\framework\system\CodeIgniter.php(789): class_exists('\\App\\Controller...', true)
#4 C:\Users\REDMIBOOK\Desktop\portf\sistemCuti\vendor\codeigniter4\framework\system\CodeIgniter.php(397): CodeIgniter\CodeIgniter->startController()
#5 C:\Users\REDMIBOOK\Desktop\portf\sistemCuti\vendor\codeigniter4\framework\system\CodeIgniter.php(318): CodeIgniter\CodeIgniter->handleRequest(NULL, Object(Config\Cache), false)
#6 C:\Users\REDMIBOOK\Desktop\portf\sistemCuti\public\index.php(37): CodeIgniter\CodeIgniter->run()
#7 C:\Users\REDMIBOOK\Desktop\portf\sistemCuti\vendor\codeigniter4\framework\system\Commands\Server\rewrite.php(43): require_once('C:\\Users\\REDMIB...')
#8 {main}
CRITICAL - 2022-01-20 05:48:38 --> Unclosed '{' on line 453 does not match ')'
#0 C:\Users\REDMIBOOK\Desktop\portf\sistemCuti\vendor\codeigniter4\framework\system\Autoloader\Autoloader.php(241): CodeIgniter\Autoloader\Autoloader->includeFile('C:\\Users\\REDMIB...')
#1 C:\Users\REDMIBOOK\Desktop\portf\sistemCuti\vendor\codeigniter4\framework\system\Autoloader\Autoloader.php(219): CodeIgniter\Autoloader\Autoloader->loadInNamespace('App\\Controllers...')
#2 [internal function]: CodeIgniter\Autoloader\Autoloader->loadClass('App\\Controllers...')
#3 C:\Users\REDMIBOOK\Desktop\portf\sistemCuti\vendor\codeigniter4\framework\system\CodeIgniter.php(789): class_exists('\\App\\Controller...', true)
#4 C:\Users\REDMIBOOK\Desktop\portf\sistemCuti\vendor\codeigniter4\framework\system\CodeIgniter.php(397): CodeIgniter\CodeIgniter->startController()
#5 C:\Users\REDMIBOOK\Desktop\portf\sistemCuti\vendor\codeigniter4\framework\system\CodeIgniter.php(318): CodeIgniter\CodeIgniter->handleRequest(NULL, Object(Config\Cache), false)
#6 C:\Users\REDMIBOOK\Desktop\portf\sistemCuti\public\index.php(37): CodeIgniter\CodeIgniter->run()
#7 C:\Users\REDMIBOOK\Desktop\portf\sistemCuti\vendor\codeigniter4\framework\system\Commands\Server\rewrite.php(43): require_once('C:\\Users\\REDMIB...')
#8 {main}
CRITICAL - 2022-01-20 05:48:42 --> Unclosed '{' on line 453 does not match ')'
#0 C:\Users\REDMIBOOK\Desktop\portf\sistemCuti\vendor\codeigniter4\framework\system\Autoloader\Autoloader.php(241): CodeIgniter\Autoloader\Autoloader->includeFile('C:\\Users\\REDMIB...')
#1 C:\Users\REDMIBOOK\Desktop\portf\sistemCuti\vendor\codeigniter4\framework\system\Autoloader\Autoloader.php(219): CodeIgniter\Autoloader\Autoloader->loadInNamespace('App\\Controllers...')
#2 [internal function]: CodeIgniter\Autoloader\Autoloader->loadClass('App\\Controllers...')
#3 C:\Users\REDMIBOOK\Desktop\portf\sistemCuti\vendor\codeigniter4\framework\system\CodeIgniter.php(789): class_exists('\\App\\Controller...', true)
#4 C:\Users\REDMIBOOK\Desktop\portf\sistemCuti\vendor\codeigniter4\framework\system\CodeIgniter.php(397): CodeIgniter\CodeIgniter->startController()
#5 C:\Users\REDMIBOOK\Desktop\portf\sistemCuti\vendor\codeigniter4\framework\system\CodeIgniter.php(318): CodeIgniter\CodeIgniter->handleRequest(NULL, Object(Config\Cache), false)
#6 C:\Users\REDMIBOOK\Desktop\portf\sistemCuti\public\index.php(37): CodeIgniter\CodeIgniter->run()
#7 C:\Users\REDMIBOOK\Desktop\portf\sistemCuti\vendor\codeigniter4\framework\system\Commands\Server\rewrite.php(43): require_once('C:\\Users\\REDMIB...')
#8 {main}
CRITICAL - 2022-01-20 05:48:44 --> Unclosed '{' on line 453 does not match ')'
#0 C:\Users\REDMIBOOK\Desktop\portf\sistemCuti\vendor\codeigniter4\framework\system\Autoloader\Autoloader.php(241): CodeIgniter\Autoloader\Autoloader->includeFile('C:\\Users\\REDMIB...')
#1 C:\Users\REDMIBOOK\Desktop\portf\sistemCuti\vendor\codeigniter4\framework\system\Autoloader\Autoloader.php(219): CodeIgniter\Autoloader\Autoloader->loadInNamespace('App\\Controllers...')
#2 [internal function]: CodeIgniter\Autoloader\Autoloader->loadClass('App\\Controllers...')
#3 C:\Users\REDMIBOOK\Desktop\portf\sistemCuti\vendor\codeigniter4\framework\system\CodeIgniter.php(789): class_exists('\\App\\Controller...', true)
#4 C:\Users\REDMIBOOK\Desktop\portf\sistemCuti\vendor\codeigniter4\framework\system\CodeIgniter.php(397): CodeIgniter\CodeIgniter->startController()
#5 C:\Users\REDMIBOOK\Desktop\portf\sistemCuti\vendor\codeigniter4\framework\system\CodeIgniter.php(318): CodeIgniter\CodeIgniter->handleRequest(NULL, Object(Config\Cache), false)
#6 C:\Users\REDMIBOOK\Desktop\portf\sistemCuti\public\index.php(37): CodeIgniter\CodeIgniter->run()
#7 C:\Users\REDMIBOOK\Desktop\portf\sistemCuti\vendor\codeigniter4\framework\system\Commands\Server\rewrite.php(43): require_once('C:\\Users\\REDMIB...')
#8 {main}
CRITICAL - 2022-01-20 05:48:47 --> Unclosed '{' on line 453 does not match ')'
#0 C:\Users\REDMIBOOK\Desktop\portf\sistemCuti\vendor\codeigniter4\framework\system\Autoloader\Autoloader.php(241): CodeIgniter\Autoloader\Autoloader->includeFile('C:\\Users\\REDMIB...')
#1 C:\Users\REDMIBOOK\Desktop\portf\sistemCuti\vendor\codeigniter4\framework\system\Autoloader\Autoloader.php(219): CodeIgniter\Autoloader\Autoloader->loadInNamespace('App\\Controllers...')
#2 [internal function]: CodeIgniter\Autoloader\Autoloader->loadClass('App\\Controllers...')
#3 C:\Users\REDMIBOOK\Desktop\portf\sistemCuti\vendor\codeigniter4\framework\system\CodeIgniter.php(789): class_exists('\\App\\Controller...', true)
#4 C:\Users\REDMIBOOK\Desktop\portf\sistemCuti\vendor\codeigniter4\framework\system\CodeIgniter.php(397): CodeIgniter\CodeIgniter->startController()
#5 C:\Users\REDMIBOOK\Desktop\portf\sistemCuti\vendor\codeigniter4\framework\system\CodeIgniter.php(318): CodeIgniter\CodeIgniter->handleRequest(NULL, Object(Config\Cache), false)
#6 C:\Users\REDMIBOOK\Desktop\portf\sistemCuti\public\index.php(37): CodeIgniter\CodeIgniter->run()
#7 C:\Users\REDMIBOOK\Desktop\portf\sistemCuti\vendor\codeigniter4\framework\system\Commands\Server\rewrite.php(43): require_once('C:\\Users\\REDMIB...')
#8 {main}
CRITICAL - 2022-01-20 05:48:48 --> Unclosed '{' on line 453 does not match ')'
#0 C:\Users\REDMIBOOK\Desktop\portf\sistemCuti\vendor\codeigniter4\framework\system\Autoloader\Autoloader.php(241): CodeIgniter\Autoloader\Autoloader->includeFile('C:\\Users\\REDMIB...')
#1 C:\Users\REDMIBOOK\Desktop\portf\sistemCuti\vendor\codeigniter4\framework\system\Autoloader\Autoloader.php(219): CodeIgniter\Autoloader\Autoloader->loadInNamespace('App\\Controllers...')
#2 [internal function]: CodeIgniter\Autoloader\Autoloader->loadClass('App\\Controllers...')
#3 C:\Users\REDMIBOOK\Desktop\portf\sistemCuti\vendor\codeigniter4\framework\system\CodeIgniter.php(789): class_exists('\\App\\Controller...', true)
#4 C:\Users\REDMIBOOK\Desktop\portf\sistemCuti\vendor\codeigniter4\framework\system\CodeIgniter.php(397): CodeIgniter\CodeIgniter->startController()
#5 C:\Users\REDMIBOOK\Desktop\portf\sistemCuti\vendor\codeigniter4\framework\system\CodeIgniter.php(318): CodeIgniter\CodeIgniter->handleRequest(NULL, Object(Config\Cache), false)
#6 C:\Users\REDMIBOOK\Desktop\portf\sistemCuti\public\index.php(37): CodeIgniter\CodeIgniter->run()
#7 C:\Users\REDMIBOOK\Desktop\portf\sistemCuti\vendor\codeigniter4\framework\system\Commands\Server\rewrite.php(43): require_once('C:\\Users\\REDMIB...')
#8 {main}
CRITICAL - 2022-01-20 05:48:52 --> Unclosed '{' on line 453 does not match ')'
#0 C:\Users\REDMIBOOK\Desktop\portf\sistemCuti\vendor\codeigniter4\framework\system\Autoloader\Autoloader.php(241): CodeIgniter\Autoloader\Autoloader->includeFile('C:\\Users\\REDMIB...')
#1 C:\Users\REDMIBOOK\Desktop\portf\sistemCuti\vendor\codeigniter4\framework\system\Autoloader\Autoloader.php(219): CodeIgniter\Autoloader\Autoloader->loadInNamespace('App\\Controllers...')
#2 [internal function]: CodeIgniter\Autoloader\Autoloader->loadClass('App\\Controllers...')
#3 C:\Users\REDMIBOOK\Desktop\portf\sistemCuti\vendor\codeigniter4\framework\system\CodeIgniter.php(789): class_exists('\\App\\Controller...', true)
#4 C:\Users\REDMIBOOK\Desktop\portf\sistemCuti\vendor\codeigniter4\framework\system\CodeIgniter.php(397): CodeIgniter\CodeIgniter->startController()
#5 C:\Users\REDMIBOOK\Desktop\portf\sistemCuti\vendor\codeigniter4\framework\system\CodeIgniter.php(318): CodeIgniter\CodeIgniter->handleRequest(NULL, Object(Config\Cache), false)
#6 C:\Users\REDMIBOOK\Desktop\portf\sistemCuti\public\index.php(37): CodeIgniter\CodeIgniter->run()
#7 C:\Users\REDMIBOOK\Desktop\portf\sistemCuti\vendor\codeigniter4\framework\system\Commands\Server\rewrite.php(43): require_once('C:\\Users\\REDMIB...')
#8 {main}
CRITICAL - 2022-01-20 05:48:53 --> Unclosed '{' on line 453 does not match ')'
#0 C:\Users\REDMIBOOK\Desktop\portf\sistemCuti\vendor\codeigniter4\framework\system\Autoloader\Autoloader.php(241): CodeIgniter\Autoloader\Autoloader->includeFile('C:\\Users\\REDMIB...')
#1 C:\Users\REDMIBOOK\Desktop\portf\sistemCuti\vendor\codeigniter4\framework\system\Autoloader\Autoloader.php(219): CodeIgniter\Autoloader\Autoloader->loadInNamespace('App\\Controllers...')
#2 [internal function]: CodeIgniter\Autoloader\Autoloader->loadClass('App\\Controllers...')
#3 C:\Users\REDMIBOOK\Desktop\portf\sistemCuti\vendor\codeigniter4\framework\system\CodeIgniter.php(789): class_exists('\\App\\Controller...', true)
#4 C:\Users\REDMIBOOK\Desktop\portf\sistemCuti\vendor\codeigniter4\framework\system\CodeIgniter.php(397): CodeIgniter\CodeIgniter->startController()
#5 C:\Users\REDMIBOOK\Desktop\portf\sistemCuti\vendor\codeigniter4\framework\system\CodeIgniter.php(318): CodeIgniter\CodeIgniter->handleRequest(NULL, Object(Config\Cache), false)
#6 C:\Users\REDMIBOOK\Desktop\portf\sistemCuti\public\index.php(37): CodeIgniter\CodeIgniter->run()
#7 C:\Users\REDMIBOOK\Desktop\portf\sistemCuti\vendor\codeigniter4\framework\system\Commands\Server\rewrite.php(43): require_once('C:\\Users\\REDMIB...')
#8 {main}
CRITICAL - 2022-01-20 05:48:57 --> Unclosed '{' on line 453 does not match ')'
#0 C:\Users\REDMIBOOK\Desktop\portf\sistemCuti\vendor\codeigniter4\framework\system\Autoloader\Autoloader.php(241): CodeIgniter\Autoloader\Autoloader->includeFile('C:\\Users\\REDMIB...')
#1 C:\Users\REDMIBOOK\Desktop\portf\sistemCuti\vendor\codeigniter4\framework\system\Autoloader\Autoloader.php(219): CodeIgniter\Autoloader\Autoloader->loadInNamespace('App\\Controllers...')
#2 [internal function]: CodeIgniter\Autoloader\Autoloader->loadClass('App\\Controllers...')
#3 C:\Users\REDMIBOOK\Desktop\portf\sistemCuti\vendor\codeigniter4\framework\system\CodeIgniter.php(789): class_exists('\\App\\Controller...', true)
#4 C:\Users\REDMIBOOK\Desktop\portf\sistemCuti\vendor\codeigniter4\framework\system\CodeIgniter.php(397): CodeIgniter\CodeIgniter->startController()
#5 C:\Users\REDMIBOOK\Desktop\portf\sistemCuti\vendor\codeigniter4\framework\system\CodeIgniter.php(318): CodeIgniter\CodeIgniter->handleRequest(NULL, Object(Config\Cache), false)
#6 C:\Users\REDMIBOOK\Desktop\portf\sistemCuti\public\index.php(37): CodeIgniter\CodeIgniter->run()
#7 C:\Users\REDMIBOOK\Desktop\portf\sistemCuti\vendor\codeigniter4\framework\system\Commands\Server\rewrite.php(43): require_once('C:\\Users\\REDMIB...')
#8 {main}
CRITICAL - 2022-01-20 05:48:58 --> Unclosed '{' on line 453 does not match ')'
#0 C:\Users\REDMIBOOK\Desktop\portf\sistemCuti\vendor\codeigniter4\framework\system\Autoloader\Autoloader.php(241): CodeIgniter\Autoloader\Autoloader->includeFile('C:\\Users\\REDMIB...')
#1 C:\Users\REDMIBOOK\Desktop\portf\sistemCuti\vendor\codeigniter4\framework\system\Autoloader\Autoloader.php(219): CodeIgniter\Autoloader\Autoloader->loadInNamespace('App\\Controllers...')
#2 [internal function]: CodeIgniter\Autoloader\Autoloader->loadClass('App\\Controllers...')
#3 C:\Users\REDMIBOOK\Desktop\portf\sistemCuti\vendor\codeigniter4\framework\system\CodeIgniter.php(789): class_exists('\\App\\Controller...', true)
#4 C:\Users\REDMIBOOK\Desktop\portf\sistemCuti\vendor\codeigniter4\framework\system\CodeIgniter.php(397): CodeIgniter\CodeIgniter->startController()
#5 C:\Users\REDMIBOOK\Desktop\portf\sistemCuti\vendor\codeigniter4\framework\system\CodeIgniter.php(318): CodeIgniter\CodeIgniter->handleRequest(NULL, Object(Config\Cache), false)
#6 C:\Users\REDMIBOOK\Desktop\portf\sistemCuti\public\index.php(37): CodeIgniter\CodeIgniter->run()
#7 C:\Users\REDMIBOOK\Desktop\portf\sistemCuti\vendor\codeigniter4\framework\system\Commands\Server\rewrite.php(43): require_once('C:\\Users\\REDMIB...')
#8 {main}
CRITICAL - 2022-01-20 05:49:02 --> Unclosed '{' on line 453 does not match ')'
#0 C:\Users\REDMIBOOK\Desktop\portf\sistemCuti\vendor\codeigniter4\framework\system\Autoloader\Autoloader.php(241): CodeIgniter\Autoloader\Autoloader->includeFile('C:\\Users\\REDMIB...')
#1 C:\Users\REDMIBOOK\Desktop\portf\sistemCuti\vendor\codeigniter4\framework\system\Autoloader\Autoloader.php(219): CodeIgniter\Autoloader\Autoloader->loadInNamespace('App\\Controllers...')
#2 [internal function]: CodeIgniter\Autoloader\Autoloader->loadClass('App\\Controllers...')
#3 C:\Users\REDMIBOOK\Desktop\portf\sistemCuti\vendor\codeigniter4\framework\system\CodeIgniter.php(789): class_exists('\\App\\Controller...', true)
#4 C:\Users\REDMIBOOK\Desktop\portf\sistemCuti\vendor\codeigniter4\framework\system\CodeIgniter.php(397): CodeIgniter\CodeIgniter->startController()
#5 C:\Users\REDMIBOOK\Desktop\portf\sistemCuti\vendor\codeigniter4\framework\system\CodeIgniter.php(318): CodeIgniter\CodeIgniter->handleRequest(NULL, Object(Config\Cache), false)
#6 C:\Users\REDMIBOOK\Desktop\portf\sistemCuti\public\index.php(37): CodeIgniter\CodeIgniter->run()
#7 C:\Users\REDMIBOOK\Desktop\portf\sistemCuti\vendor\codeigniter4\framework\system\Commands\Server\rewrite.php(43): require_once('C:\\Users\\REDMIB...')
#8 {main}
CRITICAL - 2022-01-20 05:49:03 --> Unclosed '{' on line 453 does not match ')'
#0 C:\Users\REDMIBOOK\Desktop\portf\sistemCuti\vendor\codeigniter4\framework\system\Autoloader\Autoloader.php(241): CodeIgniter\Autoloader\Autoloader->includeFile('C:\\Users\\REDMIB...')
#1 C:\Users\REDMIBOOK\Desktop\portf\sistemCuti\vendor\codeigniter4\framework\system\Autoloader\Autoloader.php(219): CodeIgniter\Autoloader\Autoloader->loadInNamespace('App\\Controllers...')
#2 [internal function]: CodeIgniter\Autoloader\Autoloader->loadClass('App\\Controllers...')
#3 C:\Users\REDMIBOOK\Desktop\portf\sistemCuti\vendor\codeigniter4\framework\system\CodeIgniter.php(789): class_exists('\\App\\Controller...', true)
#4 C:\Users\REDMIBOOK\Desktop\portf\sistemCuti\vendor\codeigniter4\framework\system\CodeIgniter.php(397): CodeIgniter\CodeIgniter->startController()
#5 C:\Users\REDMIBOOK\Desktop\portf\sistemCuti\vendor\codeigniter4\framework\system\CodeIgniter.php(318): CodeIgniter\CodeIgniter->handleRequest(NULL, Object(Config\Cache), false)
#6 C:\Users\REDMIBOOK\Desktop\portf\sistemCuti\public\index.php(37): CodeIgniter\CodeIgniter->run()
#7 C:\Users\REDMIBOOK\Desktop\portf\sistemCuti\vendor\codeigniter4\framework\system\Commands\Server\rewrite.php(43): require_once('C:\\Users\\REDMIB...')
#8 {main}
CRITICAL - 2022-01-20 05:49:07 --> Unclosed '{' on line 453 does not match ')'
#0 C:\Users\REDMIBOOK\Desktop\portf\sistemCuti\vendor\codeigniter4\framework\system\Autoloader\Autoloader.php(241): CodeIgniter\Autoloader\Autoloader->includeFile('C:\\Users\\REDMIB...')
#1 C:\Users\REDMIBOOK\Desktop\portf\sistemCuti\vendor\codeigniter4\framework\system\Autoloader\Autoloader.php(219): CodeIgniter\Autoloader\Autoloader->loadInNamespace('App\\Controllers...')
#2 [internal function]: CodeIgniter\Autoloader\Autoloader->loadClass('App\\Controllers...')
#3 C:\Users\REDMIBOOK\Desktop\portf\sistemCuti\vendor\codeigniter4\framework\system\CodeIgniter.php(789): class_exists('\\App\\Controller...', true)
#4 C:\Users\REDMIBOOK\Desktop\portf\sistemCuti\vendor\codeigniter4\framework\system\CodeIgniter.php(397): CodeIgniter\CodeIgniter->startController()
#5 C:\Users\REDMIBOOK\Desktop\portf\sistemCuti\vendor\codeigniter4\framework\system\CodeIgniter.php(318): CodeIgniter\CodeIgniter->handleRequest(NULL, Object(Config\Cache), false)
#6 C:\Users\REDMIBOOK\Desktop\portf\sistemCuti\public\index.php(37): CodeIgniter\CodeIgniter->run()
#7 C:\Users\REDMIBOOK\Desktop\portf\sistemCuti\vendor\codeigniter4\framework\system\Commands\Server\rewrite.php(43): require_once('C:\\Users\\REDMIB...')
#8 {main}
CRITICAL - 2022-01-20 05:49:08 --> Unclosed '{' on line 453 does not match ')'
#0 C:\Users\REDMIBOOK\Desktop\portf\sistemCuti\vendor\codeigniter4\framework\system\Autoloader\Autoloader.php(241): CodeIgniter\Autoloader\Autoloader->includeFile('C:\\Users\\REDMIB...')
#1 C:\Users\REDMIBOOK\Desktop\portf\sistemCuti\vendor\codeigniter4\framework\system\Autoloader\Autoloader.php(219): CodeIgniter\Autoloader\Autoloader->loadInNamespace('App\\Controllers...')
#2 [internal function]: CodeIgniter\Autoloader\Autoloader->loadClass('App\\Controllers...')
#3 C:\Users\REDMIBOOK\Desktop\portf\sistemCuti\vendor\codeigniter4\framework\system\CodeIgniter.php(789): class_exists('\\App\\Controller...', true)
#4 C:\Users\REDMIBOOK\Desktop\portf\sistemCuti\vendor\codeigniter4\framework\system\CodeIgniter.php(397): CodeIgniter\CodeIgniter->startController()
#5 C:\Users\REDMIBOOK\Desktop\portf\sistemCuti\vendor\codeigniter4\framework\system\CodeIgniter.php(318): CodeIgniter\CodeIgniter->handleRequest(NULL, Object(Config\Cache), false)
#6 C:\Users\REDMIBOOK\Desktop\portf\sistemCuti\public\index.php(37): CodeIgniter\CodeIgniter->run()
#7 C:\Users\REDMIBOOK\Desktop\portf\sistemCuti\vendor\codeigniter4\framework\system\Commands\Server\rewrite.php(43): require_once('C:\\Users\\REDMIB...')
#8 {main}
CRITICAL - 2022-01-20 05:49:12 --> Unclosed '{' on line 453 does not match ')'
#0 C:\Users\REDMIBOOK\Desktop\portf\sistemCuti\vendor\codeigniter4\framework\system\Autoloader\Autoloader.php(241): CodeIgniter\Autoloader\Autoloader->includeFile('C:\\Users\\REDMIB...')
#1 C:\Users\REDMIBOOK\Desktop\portf\sistemCuti\vendor\codeigniter4\framework\system\Autoloader\Autoloader.php(219): CodeIgniter\Autoloader\Autoloader->loadInNamespace('App\\Controllers...')
#2 [internal function]: CodeIgniter\Autoloader\Autoloader->loadClass('App\\Controllers...')
#3 C:\Users\REDMIBOOK\Desktop\portf\sistemCuti\vendor\codeigniter4\framework\system\CodeIgniter.php(789): class_exists('\\App\\Controller...', true)
#4 C:\Users\REDMIBOOK\Desktop\portf\sistemCuti\vendor\codeigniter4\framework\system\CodeIgniter.php(397): CodeIgniter\CodeIgniter->startController()
#5 C:\Users\REDMIBOOK\Desktop\portf\sistemCuti\vendor\codeigniter4\framework\system\CodeIgniter.php(318): CodeIgniter\CodeIgniter->handleRequest(NULL, Object(Config\Cache), false)
#6 C:\Users\REDMIBOOK\Desktop\portf\sistemCuti\public\index.php(37): CodeIgniter\CodeIgniter->run()
#7 C:\Users\REDMIBOOK\Desktop\portf\sistemCuti\vendor\codeigniter4\framework\system\Commands\Server\rewrite.php(43): require_once('C:\\Users\\REDMIB...')
#8 {main}
CRITICAL - 2022-01-20 05:49:13 --> Unclosed '{' on line 453 does not match ')'
#0 C:\Users\REDMIBOOK\Desktop\portf\sistemCuti\vendor\codeigniter4\framework\system\Autoloader\Autoloader.php(241): CodeIgniter\Autoloader\Autoloader->includeFile('C:\\Users\\REDMIB...')
#1 C:\Users\REDMIBOOK\Desktop\portf\sistemCuti\vendor\codeigniter4\framework\system\Autoloader\Autoloader.php(219): CodeIgniter\Autoloader\Autoloader->loadInNamespace('App\\Controllers...')
#2 [internal function]: CodeIgniter\Autoloader\Autoloader->loadClass('App\\Controllers...')
#3 C:\Users\REDMIBOOK\Desktop\portf\sistemCuti\vendor\codeigniter4\framework\system\CodeIgniter.php(789): class_exists('\\App\\Controller...', true)
#4 C:\Users\REDMIBOOK\Desktop\portf\sistemCuti\vendor\codeigniter4\framework\system\CodeIgniter.php(397): CodeIgniter\CodeIgniter->startController()
#5 C:\Users\REDMIBOOK\Desktop\portf\sistemCuti\vendor\codeigniter4\framework\system\CodeIgniter.php(318): CodeIgniter\CodeIgniter->handleRequest(NULL, Object(Config\Cache), false)
#6 C:\Users\REDMIBOOK\Desktop\portf\sistemCuti\public\index.php(37): CodeIgniter\CodeIgniter->run()
#7 C:\Users\REDMIBOOK\Desktop\portf\sistemCuti\vendor\codeigniter4\framework\system\Commands\Server\rewrite.php(43): require_once('C:\\Users\\REDMIB...')
#8 {main}
CRITICAL - 2022-01-20 05:49:18 --> Unclosed '{' on line 453 does not match ')'
#0 C:\Users\REDMIBOOK\Desktop\portf\sistemCuti\vendor\codeigniter4\framework\system\Autoloader\Autoloader.php(241): CodeIgniter\Autoloader\Autoloader->includeFile('C:\\Users\\REDMIB...')
#1 C:\Users\REDMIBOOK\Desktop\portf\sistemCuti\vendor\codeigniter4\framework\system\Autoloader\Autoloader.php(219): CodeIgniter\Autoloader\Autoloader->loadInNamespace('App\\Controllers...')
#2 [internal function]: CodeIgniter\Autoloader\Autoloader->loadClass('App\\Controllers...')
#3 C:\Users\REDMIBOOK\Desktop\portf\sistemCuti\vendor\codeigniter4\framework\system\CodeIgniter.php(789): class_exists('\\App\\Controller...', true)
#4 C:\Users\REDMIBOOK\Desktop\portf\sistemCuti\vendor\codeigniter4\framework\system\CodeIgniter.php(397): CodeIgniter\CodeIgniter->startController()
#5 C:\Users\REDMIBOOK\Desktop\portf\sistemCuti\vendor\codeigniter4\framework\system\CodeIgniter.php(318): CodeIgniter\CodeIgniter->handleRequest(NULL, Object(Config\Cache), false)
#6 C:\Users\REDMIBOOK\Desktop\portf\sistemCuti\public\index.php(37): CodeIgniter\CodeIgniter->run()
#7 C:\Users\REDMIBOOK\Desktop\portf\sistemCuti\vendor\codeigniter4\framework\system\Commands\Server\rewrite.php(43): require_once('C:\\Users\\REDMIB...')
#8 {main}
CRITICAL - 2022-01-20 05:49:19 --> Unclosed '{' on line 453 does not match ')'
#0 C:\Users\REDMIBOOK\Desktop\portf\sistemCuti\vendor\codeigniter4\framework\system\Autoloader\Autoloader.php(241): CodeIgniter\Autoloader\Autoloader->includeFile('C:\\Users\\REDMIB...')
#1 C:\Users\REDMIBOOK\Desktop\portf\sistemCuti\vendor\codeigniter4\framework\system\Autoloader\Autoloader.php(219): CodeIgniter\Autoloader\Autoloader->loadInNamespace('App\\Controllers...')
#2 [internal function]: CodeIgniter\Autoloader\Autoloader->loadClass('App\\Controllers...')
#3 C:\Users\REDMIBOOK\Desktop\portf\sistemCuti\vendor\codeigniter4\framework\system\CodeIgniter.php(789): class_exists('\\App\\Controller...', true)
#4 C:\Users\REDMIBOOK\Desktop\portf\sistemCuti\vendor\codeigniter4\framework\system\CodeIgniter.php(397): CodeIgniter\CodeIgniter->startController()
#5 C:\Users\REDMIBOOK\Desktop\portf\sistemCuti\vendor\codeigniter4\framework\system\CodeIgniter.php(318): CodeIgniter\CodeIgniter->handleRequest(NULL, Object(Config\Cache), false)
#6 C:\Users\REDMIBOOK\Desktop\portf\sistemCuti\public\index.php(37): CodeIgniter\CodeIgniter->run()
#7 C:\Users\REDMIBOOK\Desktop\portf\sistemCuti\vendor\codeigniter4\framework\system\Commands\Server\rewrite.php(43): require_once('C:\\Users\\REDMIB...')
#8 {main}
CRITICAL - 2022-01-20 05:49:22 --> Unclosed '{' on line 453 does not match ')'
#0 C:\Users\REDMIBOOK\Desktop\portf\sistemCuti\vendor\codeigniter4\framework\system\Autoloader\Autoloader.php(241): CodeIgniter\Autoloader\Autoloader->includeFile('C:\\Users\\REDMIB...')
#1 C:\Users\REDMIBOOK\Desktop\portf\sistemCuti\vendor\codeigniter4\framework\system\Autoloader\Autoloader.php(219): CodeIgniter\Autoloader\Autoloader->loadInNamespace('App\\Controllers...')
#2 [internal function]: CodeIgniter\Autoloader\Autoloader->loadClass('App\\Controllers...')
#3 C:\Users\REDMIBOOK\Desktop\portf\sistemCuti\vendor\codeigniter4\framework\system\CodeIgniter.php(789): class_exists('\\App\\Controller...', true)
#4 C:\Users\REDMIBOOK\Desktop\portf\sistemCuti\vendor\codeigniter4\framework\system\CodeIgniter.php(397): CodeIgniter\CodeIgniter->startController()
#5 C:\Users\REDMIBOOK\Desktop\portf\sistemCuti\vendor\codeigniter4\framework\system\CodeIgniter.php(318): CodeIgniter\CodeIgniter->handleRequest(NULL, Object(Config\Cache), false)
#6 C:\Users\REDMIBOOK\Desktop\portf\sistemCuti\public\index.php(37): CodeIgniter\CodeIgniter->run()
#7 C:\Users\REDMIBOOK\Desktop\portf\sistemCuti\vendor\codeigniter4\framework\system\Commands\Server\rewrite.php(43): require_once('C:\\Users\\REDMIB...')
#8 {main}
CRITICAL - 2022-01-20 05:49:23 --> Unclosed '{' on line 453 does not match ')'
#0 C:\Users\REDMIBOOK\Desktop\portf\sistemCuti\vendor\codeigniter4\framework\system\Autoloader\Autoloader.php(241): CodeIgniter\Autoloader\Autoloader->includeFile('C:\\Users\\REDMIB...')
#1 C:\Users\REDMIBOOK\Desktop\portf\sistemCuti\vendor\codeigniter4\framework\system\Autoloader\Autoloader.php(219): CodeIgniter\Autoloader\Autoloader->loadInNamespace('App\\Controllers...')
#2 [internal function]: CodeIgniter\Autoloader\Autoloader->loadClass('App\\Controllers...')
#3 C:\Users\REDMIBOOK\Desktop\portf\sistemCuti\vendor\codeigniter4\framework\system\CodeIgniter.php(789): class_exists('\\App\\Controller...', true)
#4 C:\Users\REDMIBOOK\Desktop\portf\sistemCuti\vendor\codeigniter4\framework\system\CodeIgniter.php(397): CodeIgniter\CodeIgniter->startController()
#5 C:\Users\REDMIBOOK\Desktop\portf\sistemCuti\vendor\codeigniter4\framework\system\CodeIgniter.php(318): CodeIgniter\CodeIgniter->handleRequest(NULL, Object(Config\Cache), false)
#6 C:\Users\REDMIBOOK\Desktop\portf\sistemCuti\public\index.php(37): CodeIgniter\CodeIgniter->run()
#7 C:\Users\REDMIBOOK\Desktop\portf\sistemCuti\vendor\codeigniter4\framework\system\Commands\Server\rewrite.php(43): require_once('C:\\Users\\REDMIB...')
#8 {main}
CRITICAL - 2022-01-20 05:49:28 --> Unclosed '{' on line 453 does not match ')'
#0 C:\Users\REDMIBOOK\Desktop\portf\sistemCuti\vendor\codeigniter4\framework\system\Autoloader\Autoloader.php(241): CodeIgniter\Autoloader\Autoloader->includeFile('C:\\Users\\REDMIB...')
#1 C:\Users\REDMIBOOK\Desktop\portf\sistemCuti\vendor\codeigniter4\framework\system\Autoloader\Autoloader.php(219): CodeIgniter\Autoloader\Autoloader->loadInNamespace('App\\Controllers...')
#2 [internal function]: CodeIgniter\Autoloader\Autoloader->loadClass('App\\Controllers...')
#3 C:\Users\REDMIBOOK\Desktop\portf\sistemCuti\vendor\codeigniter4\framework\system\CodeIgniter.php(789): class_exists('\\App\\Controller...', true)
#4 C:\Users\REDMIBOOK\Desktop\portf\sistemCuti\vendor\codeigniter4\framework\system\CodeIgniter.php(397): CodeIgniter\CodeIgniter->startController()
#5 C:\Users\REDMIBOOK\Desktop\portf\sistemCuti\vendor\codeigniter4\framework\system\CodeIgniter.php(318): CodeIgniter\CodeIgniter->handleRequest(NULL, Object(Config\Cache), false)
#6 C:\Users\REDMIBOOK\Desktop\portf\sistemCuti\public\index.php(37): CodeIgniter\CodeIgniter->run()
#7 C:\Users\REDMIBOOK\Desktop\portf\sistemCuti\vendor\codeigniter4\framework\system\Commands\Server\rewrite.php(43): require_once('C:\\Users\\REDMIB...')
#8 {main}
CRITICAL - 2022-01-20 05:49:29 --> Unclosed '{' on line 453 does not match ')'
#0 C:\Users\REDMIBOOK\Desktop\portf\sistemCuti\vendor\codeigniter4\framework\system\Autoloader\Autoloader.php(241): CodeIgniter\Autoloader\Autoloader->includeFile('C:\\Users\\REDMIB...')
#1 C:\Users\REDMIBOOK\Desktop\portf\sistemCuti\vendor\codeigniter4\framework\system\Autoloader\Autoloader.php(219): CodeIgniter\Autoloader\Autoloader->loadInNamespace('App\\Controllers...')
#2 [internal function]: CodeIgniter\Autoloader\Autoloader->loadClass('App\\Controllers...')
#3 C:\Users\REDMIBOOK\Desktop\portf\sistemCuti\vendor\codeigniter4\framework\system\CodeIgniter.php(789): class_exists('\\App\\Controller...', true)
#4 C:\Users\REDMIBOOK\Desktop\portf\sistemCuti\vendor\codeigniter4\framework\system\CodeIgniter.php(397): CodeIgniter\CodeIgniter->startController()
#5 C:\Users\REDMIBOOK\Desktop\portf\sistemCuti\vendor\codeigniter4\framework\system\CodeIgniter.php(318): CodeIgniter\CodeIgniter->handleRequest(NULL, Object(Config\Cache), false)
#6 C:\Users\REDMIBOOK\Desktop\portf\sistemCuti\public\index.php(37): CodeIgniter\CodeIgniter->run()
#7 C:\Users\REDMIBOOK\Desktop\portf\sistemCuti\vendor\codeigniter4\framework\system\Commands\Server\rewrite.php(43): require_once('C:\\Users\\REDMIB...')
#8 {main}
CRITICAL - 2022-01-20 05:49:32 --> Unclosed '{' on line 453 does not match ')'
#0 C:\Users\REDMIBOOK\Desktop\portf\sistemCuti\vendor\codeigniter4\framework\system\Autoloader\Autoloader.php(241): CodeIgniter\Autoloader\Autoloader->includeFile('C:\\Users\\REDMIB...')
#1 C:\Users\REDMIBOOK\Desktop\portf\sistemCuti\vendor\codeigniter4\framework\system\Autoloader\Autoloader.php(219): CodeIgniter\Autoloader\Autoloader->loadInNamespace('App\\Controllers...')
#2 [internal function]: CodeIgniter\Autoloader\Autoloader->loadClass('App\\Controllers...')
#3 C:\Users\REDMIBOOK\Desktop\portf\sistemCuti\vendor\codeigniter4\framework\system\CodeIgniter.php(789): class_exists('\\App\\Controller...', true)
#4 C:\Users\REDMIBOOK\Desktop\portf\sistemCuti\vendor\codeigniter4\framework\system\CodeIgniter.php(397): CodeIgniter\CodeIgniter->startController()
#5 C:\Users\REDMIBOOK\Desktop\portf\sistemCuti\vendor\codeigniter4\framework\system\CodeIgniter.php(318): CodeIgniter\CodeIgniter->handleRequest(NULL, Object(Config\Cache), false)
#6 C:\Users\REDMIBOOK\Desktop\portf\sistemCuti\public\index.php(37): CodeIgniter\CodeIgniter->run()
#7 C:\Users\REDMIBOOK\Desktop\portf\sistemCuti\vendor\codeigniter4\framework\system\Commands\Server\rewrite.php(43): require_once('C:\\Users\\REDMIB...')
#8 {main}
CRITICAL - 2022-01-20 19:57:37 --> CodeIgniter\HTTP\RedirectResponse::to(): Argument #1 ($uri) must be of type string, null given, called in C:\Users\REDMIBOOK\Desktop\portf\sistemCuti\app\Controllers\Home.php on line 253
#0 C:\Users\REDMIBOOK\Desktop\portf\sistemCuti\app\Controllers\Home.php(253): CodeIgniter\HTTP\RedirectResponse->to(NULL)
#1 C:\Users\REDMIBOOK\Desktop\portf\sistemCuti\vendor\codeigniter4\framework\system\CodeIgniter.php(824): App\Controllers\Home->buatSuratCuti('27')
#2 C:\Users\REDMIBOOK\Desktop\portf\sistemCuti\vendor\codeigniter4\framework\system\CodeIgniter.php(410): CodeIgniter\CodeIgniter->runController(Object(App\Controllers\Home))
#3 C:\Users\REDMIBOOK\Desktop\portf\sistemCuti\vendor\codeigniter4\framework\system\CodeIgniter.php(318): CodeIgniter\CodeIgniter->handleRequest(NULL, Object(Config\Cache), false)
#4 C:\Users\REDMIBOOK\Desktop\portf\sistemCuti\public\index.php(37): CodeIgniter\CodeIgniter->run()
#5 C:\Users\REDMIBOOK\Desktop\portf\sistemCuti\vendor\codeigniter4\framework\system\Commands\Server\rewrite.php(43): require_once('C:\\Users\\REDMIB...')
#6 {main}
CRITICAL - 2022-01-20 20:00:22 --> CodeIgniter\HTTP\RedirectResponse::to(): Argument #1 ($uri) must be of type string, null given, called in C:\Users\REDMIBOOK\Desktop\portf\sistemCuti\app\Controllers\Home.php on line 253
#0 C:\Users\REDMIBOOK\Desktop\portf\sistemCuti\app\Controllers\Home.php(253): CodeIgniter\HTTP\RedirectResponse->to(NULL)
#1 C:\Users\REDMIBOOK\Desktop\portf\sistemCuti\vendor\codeigniter4\framework\system\CodeIgniter.php(824): App\Controllers\Home->buatSuratCuti('27')
#2 C:\Users\REDMIBOOK\Desktop\portf\sistemCuti\vendor\codeigniter4\framework\system\CodeIgniter.php(410): CodeIgniter\CodeIgniter->runController(Object(App\Controllers\Home))
#3 C:\Users\REDMIBOOK\Desktop\portf\sistemCuti\vendor\codeigniter4\framework\system\CodeIgniter.php(318): CodeIgniter\CodeIgniter->handleRequest(NULL, Object(Config\Cache), false)
#4 C:\Users\REDMIBOOK\Desktop\portf\sistemCuti\public\index.php(37): CodeIgniter\CodeIgniter->run()
#5 C:\Users\REDMIBOOK\Desktop\portf\sistemCuti\vendor\codeigniter4\framework\system\Commands\Server\rewrite.php(43): require_once('C:\\Users\\REDMIB...')
#6 {main}
CRITICAL - 2022-01-20 20:00:55 --> CodeIgniter\HTTP\RedirectResponse::to(): Argument #1 ($uri) must be of type string, null given, called in C:\Users\REDMIBOOK\Desktop\portf\sistemCuti\app\Controllers\Home.php on line 253
#0 C:\Users\REDMIBOOK\Desktop\portf\sistemCuti\app\Controllers\Home.php(253): CodeIgniter\HTTP\RedirectResponse->to(NULL)
#1 C:\Users\REDMIBOOK\Desktop\portf\sistemCuti\vendor\codeigniter4\framework\system\CodeIgniter.php(824): App\Controllers\Home->buatSuratCuti('27')
#2 C:\Users\REDMIBOOK\Desktop\portf\sistemCuti\vendor\codeigniter4\framework\system\CodeIgniter.php(410): CodeIgniter\CodeIgniter->runController(Object(App\Controllers\Home))
#3 C:\Users\REDMIBOOK\Desktop\portf\sistemCuti\vendor\codeigniter4\framework\system\CodeIgniter.php(318): CodeIgniter\CodeIgniter->handleRequest(NULL, Object(Config\Cache), false)
#4 C:\Users\REDMIBOOK\Desktop\portf\sistemCuti\public\index.php(37): CodeIgniter\CodeIgniter->run()
#5 C:\Users\REDMIBOOK\Desktop\portf\sistemCuti\vendor\codeigniter4\framework\system\Commands\Server\rewrite.php(43): require_once('C:\\Users\\REDMIB...')
#6 {main}
CRITICAL - 2022-01-20 20:01:31 --> CodeIgniter\HTTP\RedirectResponse::to(): Argument #1 ($uri) must be of type string, null given, called in C:\Users\REDMIBOOK\Desktop\portf\sistemCuti\app\Controllers\Home.php on line 253
#0 C:\Users\REDMIBOOK\Desktop\portf\sistemCuti\app\Controllers\Home.php(253): CodeIgniter\HTTP\RedirectResponse->to(NULL)
#1 C:\Users\REDMIBOOK\Desktop\portf\sistemCuti\vendor\codeigniter4\framework\system\CodeIgniter.php(824): App\Controllers\Home->buatSuratCuti('27')
#2 C:\Users\REDMIBOOK\Desktop\portf\sistemCuti\vendor\codeigniter4\framework\system\CodeIgniter.php(410): CodeIgniter\CodeIgniter->runController(Object(App\Controllers\Home))
#3 C:\Users\REDMIBOOK\Desktop\portf\sistemCuti\vendor\codeigniter4\framework\system\CodeIgniter.php(318): CodeIgniter\CodeIgniter->handleRequest(NULL, Object(Config\Cache), false)
#4 C:\Users\REDMIBOOK\Desktop\portf\sistemCuti\public\index.php(37): CodeIgniter\CodeIgniter->run()
#5 C:\Users\REDMIBOOK\Desktop\portf\sistemCuti\vendor\codeigniter4\framework\system\Commands\Server\rewrite.php(43): require_once('C:\\Users\\REDMIB...')
#6 {main}
CRITICAL - 2022-01-20 20:01:43 --> CodeIgniter\HTTP\RedirectResponse::to(): Argument #1 ($uri) must be of type string, null given, called in C:\Users\REDMIBOOK\Desktop\portf\sistemCuti\app\Controllers\Home.php on line 253
#0 C:\Users\REDMIBOOK\Desktop\portf\sistemCuti\app\Controllers\Home.php(253): CodeIgniter\HTTP\RedirectResponse->to(NULL)
#1 C:\Users\REDMIBOOK\Desktop\portf\sistemCuti\vendor\codeigniter4\framework\system\CodeIgniter.php(824): App\Controllers\Home->buatSuratCuti('27')
#2 C:\Users\REDMIBOOK\Desktop\portf\sistemCuti\vendor\codeigniter4\framework\system\CodeIgniter.php(410): CodeIgniter\CodeIgniter->runController(Object(App\Controllers\Home))
#3 C:\Users\REDMIBOOK\Desktop\portf\sistemCuti\vendor\codeigniter4\framework\system\CodeIgniter.php(318): CodeIgniter\CodeIgniter->handleRequest(NULL, Object(Config\Cache), false)
#4 C:\Users\REDMIBOOK\Desktop\portf\sistemCuti\public\index.php(37): CodeIgniter\CodeIgniter->run()
#5 C:\Users\REDMIBOOK\Desktop\portf\sistemCuti\vendor\codeigniter4\framework\system\Commands\Server\rewrite.php(43): require_once('C:\\Users\\REDMIB...')
#6 {main}
CRITICAL - 2022-01-20 20:02:13 --> CodeIgniter\HTTP\RedirectResponse::to(): Argument #1 ($uri) must be of type string, null given, called in C:\Users\REDMIBOOK\Desktop\portf\sistemCuti\app\Controllers\Home.php on line 253
#0 C:\Users\REDMIBOOK\Desktop\portf\sistemCuti\app\Controllers\Home.php(253): CodeIgniter\HTTP\RedirectResponse->to(NULL)
#1 C:\Users\REDMIBOOK\Desktop\portf\sistemCuti\vendor\codeigniter4\framework\system\CodeIgniter.php(824): App\Controllers\Home->buatSuratCuti('27')
#2 C:\Users\REDMIBOOK\Desktop\portf\sistemCuti\vendor\codeigniter4\framework\system\CodeIgniter.php(410): CodeIgniter\CodeIgniter->runController(Object(App\Controllers\Home))
#3 C:\Users\REDMIBOOK\Desktop\portf\sistemCuti\vendor\codeigniter4\framework\system\CodeIgniter.php(318): CodeIgniter\CodeIgniter->handleRequest(NULL, Object(Config\Cache), false)
#4 C:\Users\REDMIBOOK\Desktop\portf\sistemCuti\public\index.php(37): CodeIgniter\CodeIgniter->run()
#5 C:\Users\REDMIBOOK\Desktop\portf\sistemCuti\vendor\codeigniter4\framework\system\Commands\Server\rewrite.php(43): require_once('C:\\Users\\REDMIB...')
#6 {main}
CRITICAL - 2022-01-20 20:13:49 --> CodeIgniter\HTTP\RedirectResponse::to(): Argument #1 ($uri) must be of type string, null given, called in C:\Users\REDMIBOOK\Desktop\portf\sistemCuti\app\Controllers\Home.php on line 253
#0 C:\Users\REDMIBOOK\Desktop\portf\sistemCuti\app\Controllers\Home.php(253): CodeIgniter\HTTP\RedirectResponse->to(NULL)
#1 C:\Users\REDMIBOOK\Desktop\portf\sistemCuti\vendor\codeigniter4\framework\system\CodeIgniter.php(824): App\Controllers\Home->buatSuratCuti('25')
#2 C:\Users\REDMIBOOK\Desktop\portf\sistemCuti\vendor\codeigniter4\framework\system\CodeIgniter.php(410): CodeIgniter\CodeIgniter->runController(Object(App\Controllers\Home))
#3 C:\Users\REDMIBOOK\Desktop\portf\sistemCuti\vendor\codeigniter4\framework\system\CodeIgniter.php(318): CodeIgniter\CodeIgniter->handleRequest(NULL, Object(Config\Cache), false)
#4 C:\Users\REDMIBOOK\Desktop\portf\sistemCuti\public\index.php(37): CodeIgniter\CodeIgniter->run()
#5 C:\Users\REDMIBOOK\Desktop\portf\sistemCuti\vendor\codeigniter4\framework\system\Commands\Server\rewrite.php(43): require_once('C:\\Users\\REDMIB...')
#6 {main}
CRITICAL - 2022-01-20 20:14:56 --> CodeIgniter\HTTP\RedirectResponse::to(): Argument #1 ($uri) must be of type string, null given, called in C:\Users\REDMIBOOK\Desktop\portf\sistemCuti\app\Controllers\Home.php on line 253
#0 C:\Users\REDMIBOOK\Desktop\portf\sistemCuti\app\Controllers\Home.php(253): CodeIgniter\HTTP\RedirectResponse->to(NULL)
#1 C:\Users\REDMIBOOK\Desktop\portf\sistemCuti\vendor\codeigniter4\framework\system\CodeIgniter.php(824): App\Controllers\Home->buatSuratCuti('25')
#2 C:\Users\REDMIBOOK\Desktop\portf\sistemCuti\vendor\codeigniter4\framework\system\CodeIgniter.php(410): CodeIgniter\CodeIgniter->runController(Object(App\Controllers\Home))
#3 C:\Users\REDMIBOOK\Desktop\portf\sistemCuti\vendor\codeigniter4\framework\system\CodeIgniter.php(318): CodeIgniter\CodeIgniter->handleRequest(NULL, Object(Config\Cache), false)
#4 C:\Users\REDMIBOOK\Desktop\portf\sistemCuti\public\index.php(37): CodeIgniter\CodeIgniter->run()
#5 C:\Users\REDMIBOOK\Desktop\portf\sistemCuti\vendor\codeigniter4\framework\system\Commands\Server\rewrite.php(43): require_once('C:\\Users\\REDMIB...')
#6 {main}
CRITICAL - 2022-01-20 20:16:26 --> Array to string conversion
#0 C:\Users\REDMIBOOK\Desktop\portf\sistemCuti\app\Controllers\Home.php(218): CodeIgniter\Debug\Exceptions->errorHandler(2, 'Array to string...', 'C:\\Users\\REDMIB...', 218)
#1 C:\Users\REDMIBOOK\Desktop\portf\sistemCuti\vendor\codeigniter4\framework\system\CodeIgniter.php(824): App\Controllers\Home->buatSuratCuti('25')
#2 C:\Users\REDMIBOOK\Desktop\portf\sistemCuti\vendor\codeigniter4\framework\system\CodeIgniter.php(410): CodeIgniter\CodeIgniter->runController(Object(App\Controllers\Home))
#3 C:\Users\REDMIBOOK\Desktop\portf\sistemCuti\vendor\codeigniter4\framework\system\CodeIgniter.php(318): CodeIgniter\CodeIgniter->handleRequest(NULL, Object(Config\Cache), false)
#4 C:\Users\REDMIBOOK\Desktop\portf\sistemCuti\public\index.php(37): CodeIgniter\CodeIgniter->run()
#5 C:\Users\REDMIBOOK\Desktop\portf\sistemCuti\vendor\codeigniter4\framework\system\Commands\Server\rewrite.php(43): require_once('C:\\Users\\REDMIB...')
#6 {main}
CRITICAL - 2022-01-20 20:17:04 --> CodeIgniter\HTTP\RedirectResponse::to(): Argument #1 ($uri) must be of type string, null given, called in C:\Users\REDMIBOOK\Desktop\portf\sistemCuti\app\Controllers\Home.php on line 253
#0 C:\Users\REDMIBOOK\Desktop\portf\sistemCuti\app\Controllers\Home.php(253): CodeIgniter\HTTP\RedirectResponse->to(NULL)
#1 C:\Users\REDMIBOOK\Desktop\portf\sistemCuti\vendor\codeigniter4\framework\system\CodeIgniter.php(824): App\Controllers\Home->buatSuratCuti('25')
#2 C:\Users\REDMIBOOK\Desktop\portf\sistemCuti\vendor\codeigniter4\framework\system\CodeIgniter.php(410): CodeIgniter\CodeIgniter->runController(Object(App\Controllers\Home))
#3 C:\Users\REDMIBOOK\Desktop\portf\sistemCuti\vendor\codeigniter4\framework\system\CodeIgniter.php(318): CodeIgniter\CodeIgniter->handleRequest(NULL, Object(Config\Cache), false)
#4 C:\Users\REDMIBOOK\Desktop\portf\sistemCuti\public\index.php(37): CodeIgniter\CodeIgniter->run()
#5 C:\Users\REDMIBOOK\Desktop\portf\sistemCuti\vendor\codeigniter4\framework\system\Commands\Server\rewrite.php(43): require_once('C:\\Users\\REDMIB...')
#6 {main}
CRITICAL - 2022-01-20 20:18:45 --> Undefined array key "nomor"
#0 C:\Users\REDMIBOOK\Desktop\portf\sistemCuti\app\Controllers\Home.php(217): CodeIgniter\Debug\Exceptions->errorHandler(2, 'Undefined array...', 'C:\\Users\\REDMIB...', 217)
#1 C:\Users\REDMIBOOK\Desktop\portf\sistemCuti\vendor\codeigniter4\framework\system\CodeIgniter.php(824): App\Controllers\Home->buatSuratCuti('25')
#2 C:\Users\REDMIBOOK\Desktop\portf\sistemCuti\vendor\codeigniter4\framework\system\CodeIgniter.php(410): CodeIgniter\CodeIgniter->runController(Object(App\Controllers\Home))
#3 C:\Users\REDMIBOOK\Desktop\portf\sistemCuti\vendor\codeigniter4\framework\system\CodeIgniter.php(318): CodeIgniter\CodeIgniter->handleRequest(NULL, Object(Config\Cache), false)
#4 C:\Users\REDMIBOOK\Desktop\portf\sistemCuti\public\index.php(37): CodeIgniter\CodeIgniter->run()
#5 C:\Users\REDMIBOOK\Desktop\portf\sistemCuti\vendor\codeigniter4\framework\system\Commands\Server\rewrite.php(43): require_once('C:\\Users\\REDMIB...')
#6 {main}
CRITICAL - 2022-01-20 20:19:12 --> CodeIgniter\HTTP\RedirectResponse::to(): Argument #1 ($uri) must be of type string, null given, called in C:\Users\REDMIBOOK\Desktop\portf\sistemCuti\app\Controllers\Home.php on line 253
#0 C:\Users\REDMIBOOK\Desktop\portf\sistemCuti\app\Controllers\Home.php(253): CodeIgniter\HTTP\RedirectResponse->to(NULL)
#1 C:\Users\REDMIBOOK\Desktop\portf\sistemCuti\vendor\codeigniter4\framework\system\CodeIgniter.php(824): App\Controllers\Home->buatSuratCuti('25')
#2 C:\Users\REDMIBOOK\Desktop\portf\sistemCuti\vendor\codeigniter4\framework\system\CodeIgniter.php(410): CodeIgniter\CodeIgniter->runController(Object(App\Controllers\Home))
#3 C:\Users\REDMIBOOK\Desktop\portf\sistemCuti\vendor\codeigniter4\framework\system\CodeIgniter.php(318): CodeIgniter\CodeIgniter->handleRequest(NULL, Object(Config\Cache), false)
#4 C:\Users\REDMIBOOK\Desktop\portf\sistemCuti\public\index.php(37): CodeIgniter\CodeIgniter->run()
#5 C:\Users\REDMIBOOK\Desktop\portf\sistemCuti\vendor\codeigniter4\framework\system\Commands\Server\rewrite.php(43): require_once('C:\\Users\\REDMIB...')
#6 {main}
CRITICAL - 2022-01-20 20:20:09 --> CodeIgniter\HTTP\RedirectResponse::to(): Argument #1 ($uri) must be of type string, null given, called in C:\Users\REDMIBOOK\Desktop\portf\sistemCuti\app\Controllers\Home.php on line 253
#0 C:\Users\REDMIBOOK\Desktop\portf\sistemCuti\app\Controllers\Home.php(253): CodeIgniter\HTTP\RedirectResponse->to(NULL)
#1 C:\Users\REDMIBOOK\Desktop\portf\sistemCuti\vendor\codeigniter4\framework\system\CodeIgniter.php(824): App\Controllers\Home->buatSuratCuti('25')
#2 C:\Users\REDMIBOOK\Desktop\portf\sistemCuti\vendor\codeigniter4\framework\system\CodeIgniter.php(410): CodeIgniter\CodeIgniter->runController(Object(App\Controllers\Home))
#3 C:\Users\REDMIBOOK\Desktop\portf\sistemCuti\vendor\codeigniter4\framework\system\CodeIgniter.php(318): CodeIgniter\CodeIgniter->handleRequest(NULL, Object(Config\Cache), false)
#4 C:\Users\REDMIBOOK\Desktop\portf\sistemCuti\public\index.php(37): CodeIgniter\CodeIgniter->run()
#5 C:\Users\REDMIBOOK\Desktop\portf\sistemCuti\vendor\codeigniter4\framework\system\Commands\Server\rewrite.php(43): require_once('C:\\Users\\REDMIB...')
#6 {main}
CRITICAL - 2022-01-20 20:22:58 --> CodeIgniter\HTTP\RedirectResponse::to(): Argument #1 ($uri) must be of type string, null given, called in C:\Users\REDMIBOOK\Desktop\portf\sistemCuti\app\Controllers\Home.php on line 253
#0 C:\Users\REDMIBOOK\Desktop\portf\sistemCuti\app\Controllers\Home.php(253): CodeIgniter\HTTP\RedirectResponse->to(NULL)
#1 C:\Users\REDMIBOOK\Desktop\portf\sistemCuti\vendor\codeigniter4\framework\system\CodeIgniter.php(824): App\Controllers\Home->buatSuratCuti('25')
#2 C:\Users\REDMIBOOK\Desktop\portf\sistemCuti\vendor\codeigniter4\framework\system\CodeIgniter.php(410): CodeIgniter\CodeIgniter->runController(Object(App\Controllers\Home))
#3 C:\Users\REDMIBOOK\Desktop\portf\sistemCuti\vendor\codeigniter4\framework\system\CodeIgniter.php(318): CodeIgniter\CodeIgniter->handleRequest(NULL, Object(Config\Cache), false)
#4 C:\Users\REDMIBOOK\Desktop\portf\sistemCuti\public\index.php(37): CodeIgniter\CodeIgniter->run()
#5 C:\Users\REDMIBOOK\Desktop\portf\sistemCuti\vendor\codeigniter4\framework\system\Commands\Server\rewrite.php(43): require_once('C:\\Users\\REDMIB...')
#6 {main}
CRITICAL - 2022-01-20 20:24:52 --> CodeIgniter\HTTP\RedirectResponse::to(): Argument #1 ($uri) must be of type string, null given, called in C:\Users\REDMIBOOK\Desktop\portf\sistemCuti\app\Controllers\Home.php on line 253
#0 C:\Users\REDMIBOOK\Desktop\portf\sistemCuti\app\Controllers\Home.php(253): CodeIgniter\HTTP\RedirectResponse->to(NULL)
#1 C:\Users\REDMIBOOK\Desktop\portf\sistemCuti\vendor\codeigniter4\framework\system\CodeIgniter.php(824): App\Controllers\Home->buatSuratCuti('25')
#2 C:\Users\REDMIBOOK\Desktop\portf\sistemCuti\vendor\codeigniter4\framework\system\CodeIgniter.php(410): CodeIgniter\CodeIgniter->runController(Object(App\Controllers\Home))
#3 C:\Users\REDMIBOOK\Desktop\portf\sistemCuti\vendor\codeigniter4\framework\system\CodeIgniter.php(318): CodeIgniter\CodeIgniter->handleRequest(NULL, Object(Config\Cache), false)
#4 C:\Users\REDMIBOOK\Desktop\portf\sistemCuti\public\index.php(37): CodeIgniter\CodeIgniter->run()
#5 C:\Users\REDMIBOOK\Desktop\portf\sistemCuti\vendor\codeigniter4\framework\system\Commands\Server\rewrite.php(43): require_once('C:\\Users\\REDMIB...')
#6 {main}
CRITICAL - 2022-01-20 20:25:56 --> CodeIgniter\HTTP\RedirectResponse::to(): Argument #1 ($uri) must be of type string, null given, called in C:\Users\REDMIBOOK\Desktop\portf\sistemCuti\app\Controllers\Home.php on line 253
#0 C:\Users\REDMIBOOK\Desktop\portf\sistemCuti\app\Controllers\Home.php(253): CodeIgniter\HTTP\RedirectResponse->to(NULL)
#1 C:\Users\REDMIBOOK\Desktop\portf\sistemCuti\vendor\codeigniter4\framework\system\CodeIgniter.php(824): App\Controllers\Home->buatSuratCuti('25')
#2 C:\Users\REDMIBOOK\Desktop\portf\sistemCuti\vendor\codeigniter4\framework\system\CodeIgniter.php(410): CodeIgniter\CodeIgniter->runController(Object(App\Controllers\Home))
#3 C:\Users\REDMIBOOK\Desktop\portf\sistemCuti\vendor\codeigniter4\framework\system\CodeIgniter.php(318): CodeIgniter\CodeIgniter->handleRequest(NULL, Object(Config\Cache), false)
#4 C:\Users\REDMIBOOK\Desktop\portf\sistemCuti\public\index.php(37): CodeIgniter\CodeIgniter->run()
#5 C:\Users\REDMIBOOK\Desktop\portf\sistemCuti\vendor\codeigniter4\framework\system\Commands\Server\rewrite.php(43): require_once('C:\\Users\\REDMIB...')
#6 {main}
CRITICAL - 2022-01-20 20:28:49 --> CodeIgniter\HTTP\RedirectResponse::to(): Argument #1 ($uri) must be of type string, null given, called in C:\Users\REDMIBOOK\Desktop\portf\sistemCuti\app\Controllers\Home.php on line 253
#0 C:\Users\REDMIBOOK\Desktop\portf\sistemCuti\app\Controllers\Home.php(253): CodeIgniter\HTTP\RedirectResponse->to(NULL)
#1 C:\Users\REDMIBOOK\Desktop\portf\sistemCuti\vendor\codeigniter4\framework\system\CodeIgniter.php(824): App\Controllers\Home->buatSuratCuti('25')
#2 C:\Users\REDMIBOOK\Desktop\portf\sistemCuti\vendor\codeigniter4\framework\system\CodeIgniter.php(410): CodeIgniter\CodeIgniter->runController(Object(App\Controllers\Home))
#3 C:\Users\REDMIBOOK\Desktop\portf\sistemCuti\vendor\codeigniter4\framework\system\CodeIgniter.php(318): CodeIgniter\CodeIgniter->handleRequest(NULL, Object(Config\Cache), false)
#4 C:\Users\REDMIBOOK\Desktop\portf\sistemCuti\public\index.php(37): CodeIgniter\CodeIgniter->run()
#5 C:\Users\REDMIBOOK\Desktop\portf\sistemCuti\vendor\codeigniter4\framework\system\Commands\Server\rewrite.php(43): require_once('C:\\Users\\REDMIB...')
#6 {main}
CRITICAL - 2022-01-20 20:29:39 --> CodeIgniter\HTTP\RedirectResponse::to(): Argument #1 ($uri) must be of type string, null given, called in C:\Users\REDMIBOOK\Desktop\portf\sistemCuti\app\Controllers\Home.php on line 253
#0 C:\Users\REDMIBOOK\Desktop\portf\sistemCuti\app\Controllers\Home.php(253): CodeIgniter\HTTP\RedirectResponse->to(NULL)
#1 C:\Users\REDMIBOOK\Desktop\portf\sistemCuti\vendor\codeigniter4\framework\system\CodeIgniter.php(824): App\Controllers\Home->buatSuratCuti('25')
#2 C:\Users\REDMIBOOK\Desktop\portf\sistemCuti\vendor\codeigniter4\framework\system\CodeIgniter.php(410): CodeIgniter\CodeIgniter->runController(Object(App\Controllers\Home))
#3 C:\Users\REDMIBOOK\Desktop\portf\sistemCuti\vendor\codeigniter4\framework\system\CodeIgniter.php(318): CodeIgniter\CodeIgniter->handleRequest(NULL, Object(Config\Cache), false)
#4 C:\Users\REDMIBOOK\Desktop\portf\sistemCuti\public\index.php(37): CodeIgniter\CodeIgniter->run()
#5 C:\Users\REDMIBOOK\Desktop\portf\sistemCuti\vendor\codeigniter4\framework\system\Commands\Server\rewrite.php(43): require_once('C:\\Users\\REDMIB...')
#6 {main}
CRITICAL - 2022-01-20 20:30:35 --> CodeIgniter\HTTP\RedirectResponse::to(): Argument #1 ($uri) must be of type string, null given, called in C:\Users\REDMIBOOK\Desktop\portf\sistemCuti\app\Controllers\Home.php on line 253
#0 C:\Users\REDMIBOOK\Desktop\portf\sistemCuti\app\Controllers\Home.php(253): CodeIgniter\HTTP\RedirectResponse->to(NULL)
#1 C:\Users\REDMIBOOK\Desktop\portf\sistemCuti\vendor\codeigniter4\framework\system\CodeIgniter.php(824): App\Controllers\Home->buatSuratCuti('25')
#2 C:\Users\REDMIBOOK\Desktop\portf\sistemCuti\vendor\codeigniter4\framework\system\CodeIgniter.php(410): CodeIgniter\CodeIgniter->runController(Object(App\Controllers\Home))
#3 C:\Users\REDMIBOOK\Desktop\portf\sistemCuti\vendor\codeigniter4\framework\system\CodeIgniter.php(318): CodeIgniter\CodeIgniter->handleRequest(NULL, Object(Config\Cache), false)
#4 C:\Users\REDMIBOOK\Desktop\portf\sistemCuti\public\index.php(37): CodeIgniter\CodeIgniter->run()
#5 C:\Users\REDMIBOOK\Desktop\portf\sistemCuti\vendor\codeigniter4\framework\system\Commands\Server\rewrite.php(43): require_once('C:\\Users\\REDMIB...')
#6 {main}
CRITICAL - 2022-01-20 20:33:35 --> CodeIgniter\HTTP\RedirectResponse::to(): Argument #1 ($uri) must be of type string, null given, called in C:\Users\REDMIBOOK\Desktop\portf\sistemCuti\app\Controllers\Home.php on line 253
#0 C:\Users\REDMIBOOK\Desktop\portf\sistemCuti\app\Controllers\Home.php(253): CodeIgniter\HTTP\RedirectResponse->to(NULL)
#1 C:\Users\REDMIBOOK\Desktop\portf\sistemCuti\vendor\codeigniter4\framework\system\CodeIgniter.php(824): App\Controllers\Home->buatSuratCuti('25')
#2 C:\Users\REDMIBOOK\Desktop\portf\sistemCuti\vendor\codeigniter4\framework\system\CodeIgniter.php(410): CodeIgniter\CodeIgniter->runController(Object(App\Controllers\Home))
#3 C:\Users\REDMIBOOK\Desktop\portf\sistemCuti\vendor\codeigniter4\framework\system\CodeIgniter.php(318): CodeIgniter\CodeIgniter->handleRequest(NULL, Object(Config\Cache), false)
#4 C:\Users\REDMIBOOK\Desktop\portf\sistemCuti\public\index.php(37): CodeIgniter\CodeIgniter->run()
#5 C:\Users\REDMIBOOK\Desktop\portf\sistemCuti\vendor\codeigniter4\framework\system\Commands\Server\rewrite.php(43): require_once('C:\\Users\\REDMIB...')
#6 {main}
CRITICAL - 2022-01-20 20:35:39 --> CodeIgniter\HTTP\RedirectResponse::to(): Argument #1 ($uri) must be of type string, null given, called in C:\Users\REDMIBOOK\Desktop\portf\sistemCuti\app\Controllers\Home.php on line 253
#0 C:\Users\REDMIBOOK\Desktop\portf\sistemCuti\app\Controllers\Home.php(253): CodeIgniter\HTTP\RedirectResponse->to(NULL)
#1 C:\Users\REDMIBOOK\Desktop\portf\sistemCuti\vendor\codeigniter4\framework\system\CodeIgniter.php(824): App\Controllers\Home->buatSuratCuti('25')
#2 C:\Users\REDMIBOOK\Desktop\portf\sistemCuti\vendor\codeigniter4\framework\system\CodeIgniter.php(410): CodeIgniter\CodeIgniter->runController(Object(App\Controllers\Home))
#3 C:\Users\REDMIBOOK\Desktop\portf\sistemCuti\vendor\codeigniter4\framework\system\CodeIgniter.php(318): CodeIgniter\CodeIgniter->handleRequest(NULL, Object(Config\Cache), false)
#4 C:\Users\REDMIBOOK\Desktop\portf\sistemCuti\public\index.php(37): CodeIgniter\CodeIgniter->run()
#5 C:\Users\REDMIBOOK\Desktop\portf\sistemCuti\vendor\codeigniter4\framework\system\Commands\Server\rewrite.php(43): require_once('C:\\Users\\REDMIB...')
#6 {main}
CRITICAL - 2022-01-20 20:36:10 --> preg_replace(): Delimiter must not be alphanumeric or backslash
#0 [internal function]: CodeIgniter\Debug\Exceptions->errorHandler(2, 'preg_replace():...', 'C:\\Users\\REDMIB...', 437)
#1 C:\Users\REDMIBOOK\Desktop\portf\sistemCuti\app\Views\admin\pembuatan_surat_cuti2.php(437): preg_replace('RUDI', '', 'RUDI  87654321 ')
#2 C:\Users\REDMIBOOK\Desktop\portf\sistemCuti\vendor\codeigniter4\framework\system\View\View.php(214): include('C:\\Users\\REDMIB...')
#3 C:\Users\REDMIBOOK\Desktop\portf\sistemCuti\vendor\codeigniter4\framework\system\View\View.php(217): CodeIgniter\View\View->CodeIgniter\View\{closure}()
#4 C:\Users\REDMIBOOK\Desktop\portf\sistemCuti\vendor\codeigniter4\framework\system\Common.php(1097): CodeIgniter\View\View->render('admin/pembuatan...', Array, true)
#5 C:\Users\REDMIBOOK\Desktop\portf\sistemCuti\app\Controllers\Home.php(245): view('admin/pembuatan...', Array)
#6 C:\Users\REDMIBOOK\Desktop\portf\sistemCuti\vendor\codeigniter4\framework\system\CodeIgniter.php(824): App\Controllers\Home->buatSuratCuti('25')
#7 C:\Users\REDMIBOOK\Desktop\portf\sistemCuti\vendor\codeigniter4\framework\system\CodeIgniter.php(410): CodeIgniter\CodeIgniter->runController(Object(App\Controllers\Home))
#8 C:\Users\REDMIBOOK\Desktop\portf\sistemCuti\vendor\codeigniter4\framework\system\CodeIgniter.php(318): CodeIgniter\CodeIgniter->handleRequest(NULL, Object(Config\Cache), false)
#9 C:\Users\REDMIBOOK\Desktop\portf\sistemCuti\public\index.php(37): CodeIgniter\CodeIgniter->run()
#10 C:\Users\REDMIBOOK\Desktop\portf\sistemCuti\vendor\codeigniter4\framework\system\Commands\Server\rewrite.php(43): require_once('C:\\Users\\REDMIB...')
#11 {main}
CRITICAL - 2022-01-20 20:36:47 --> CodeIgniter\HTTP\RedirectResponse::to(): Argument #1 ($uri) must be of type string, null given, called in C:\Users\REDMIBOOK\Desktop\portf\sistemCuti\app\Controllers\Home.php on line 253
#0 C:\Users\REDMIBOOK\Desktop\portf\sistemCuti\app\Controllers\Home.php(253): CodeIgniter\HTTP\RedirectResponse->to(NULL)
#1 C:\Users\REDMIBOOK\Desktop\portf\sistemCuti\vendor\codeigniter4\framework\system\CodeIgniter.php(824): App\Controllers\Home->buatSuratCuti('25')
#2 C:\Users\REDMIBOOK\Desktop\portf\sistemCuti\vendor\codeigniter4\framework\system\CodeIgniter.php(410): CodeIgniter\CodeIgniter->runController(Object(App\Controllers\Home))
#3 C:\Users\REDMIBOOK\Desktop\portf\sistemCuti\vendor\codeigniter4\framework\system\CodeIgniter.php(318): CodeIgniter\CodeIgniter->handleRequest(NULL, Object(Config\Cache), false)
#4 C:\Users\REDMIBOOK\Desktop\portf\sistemCuti\public\index.php(37): CodeIgniter\CodeIgniter->run()
#5 C:\Users\REDMIBOOK\Desktop\portf\sistemCuti\vendor\codeigniter4\framework\system\Commands\Server\rewrite.php(43): require_once('C:\\Users\\REDMIB...')
#6 {main}
CRITICAL - 2022-01-20 20:37:26 --> CodeIgniter\HTTP\RedirectResponse::to(): Argument #1 ($uri) must be of type string, null given, called in C:\Users\REDMIBOOK\Desktop\portf\sistemCuti\app\Controllers\Home.php on line 253
#0 C:\Users\REDMIBOOK\Desktop\portf\sistemCuti\app\Controllers\Home.php(253): CodeIgniter\HTTP\RedirectResponse->to(NULL)
#1 C:\Users\REDMIBOOK\Desktop\portf\sistemCuti\vendor\codeigniter4\framework\system\CodeIgniter.php(824): App\Controllers\Home->buatSuratCuti('25')
#2 C:\Users\REDMIBOOK\Desktop\portf\sistemCuti\vendor\codeigniter4\framework\system\CodeIgniter.php(410): CodeIgniter\CodeIgniter->runController(Object(App\Controllers\Home))
#3 C:\Users\REDMIBOOK\Desktop\portf\sistemCuti\vendor\codeigniter4\framework\system\CodeIgniter.php(318): CodeIgniter\CodeIgniter->handleRequest(NULL, Object(Config\Cache), false)
#4 C:\Users\REDMIBOOK\Desktop\portf\sistemCuti\public\index.php(37): CodeIgniter\CodeIgniter->run()
#5 C:\Users\REDMIBOOK\Desktop\portf\sistemCuti\vendor\codeigniter4\framework\system\Commands\Server\rewrite.php(43): require_once('C:\\Users\\REDMIB...')
#6 {main}
CRITICAL - 2022-01-20 20:38:04 --> CodeIgniter\HTTP\RedirectResponse::to(): Argument #1 ($uri) must be of type string, null given, called in C:\Users\REDMIBOOK\Desktop\portf\sistemCuti\app\Controllers\Home.php on line 253
#0 C:\Users\REDMIBOOK\Desktop\portf\sistemCuti\app\Controllers\Home.php(253): CodeIgniter\HTTP\RedirectResponse->to(NULL)
#1 C:\Users\REDMIBOOK\Desktop\portf\sistemCuti\vendor\codeigniter4\framework\system\CodeIgniter.php(824): App\Controllers\Home->buatSuratCuti('25')
#2 C:\Users\REDMIBOOK\Desktop\portf\sistemCuti\vendor\codeigniter4\framework\system\CodeIgniter.php(410): CodeIgniter\CodeIgniter->runController(Object(App\Controllers\Home))
#3 C:\Users\REDMIBOOK\Desktop\portf\sistemCuti\vendor\codeigniter4\framework\system\CodeIgniter.php(318): CodeIgniter\CodeIgniter->handleRequest(NULL, Object(Config\Cache), false)
#4 C:\Users\REDMIBOOK\Desktop\portf\sistemCuti\public\index.php(37): CodeIgniter\CodeIgniter->run()
#5 C:\Users\REDMIBOOK\Desktop\portf\sistemCuti\vendor\codeigniter4\framework\system\Commands\Server\rewrite.php(43): require_once('C:\\Users\\REDMIB...')
#6 {main}
CRITICAL - 2022-01-20 20:45:32 --> CodeIgniter\HTTP\RedirectResponse::to(): Argument #1 ($uri) must be of type string, null given, called in C:\Users\REDMIBOOK\Desktop\portf\sistemCuti\app\Controllers\Home.php on line 261
#0 C:\Users\REDMIBOOK\Desktop\portf\sistemCuti\app\Controllers\Home.php(261): CodeIgniter\HTTP\RedirectResponse->to(NULL)
#1 C:\Users\REDMIBOOK\Desktop\portf\sistemCuti\vendor\codeigniter4\framework\system\CodeIgniter.php(824): App\Controllers\Home->buatSuratCuti('25')
#2 C:\Users\REDMIBOOK\Desktop\portf\sistemCuti\vendor\codeigniter4\framework\system\CodeIgniter.php(410): CodeIgniter\CodeIgniter->runController(Object(App\Controllers\Home))
#3 C:\Users\REDMIBOOK\Desktop\portf\sistemCuti\vendor\codeigniter4\framework\system\CodeIgniter.php(318): CodeIgniter\CodeIgniter->handleRequest(NULL, Object(Config\Cache), false)
#4 C:\Users\REDMIBOOK\Desktop\portf\sistemCuti\public\index.php(37): CodeIgniter\CodeIgniter->run()
#5 C:\Users\REDMIBOOK\Desktop\portf\sistemCuti\vendor\codeigniter4\framework\system\Commands\Server\rewrite.php(43): require_once('C:\\Users\\REDMIB...')
#6 {main}
CRITICAL - 2022-01-20 21:02:08 --> Undefined property: CodeIgniter\View\View::$session
#0 C:\Users\REDMIBOOK\Desktop\portf\sistemCuti\app\Views\readme.php(1): CodeIgniter\Debug\Exceptions->errorHandler(2, 'Undefined prope...', 'C:\\Users\\REDMIB...', 1)
#1 C:\Users\REDMIBOOK\Desktop\portf\sistemCuti\vendor\codeigniter4\framework\system\View\View.php(214): include('C:\\Users\\REDMIB...')
#2 C:\Users\REDMIBOOK\Desktop\portf\sistemCuti\vendor\codeigniter4\framework\system\View\View.php(217): CodeIgniter\View\View->CodeIgniter\View\{closure}()
#3 C:\Users\REDMIBOOK\Desktop\portf\sistemCuti\vendor\codeigniter4\framework\system\Common.php(1097): CodeIgniter\View\View->render('readme', Array, true)
#4 C:\Users\REDMIBOOK\Desktop\portf\sistemCuti\app\Controllers\Home.php(213): view('readme')
#5 C:\Users\REDMIBOOK\Desktop\portf\sistemCuti\vendor\codeigniter4\framework\system\CodeIgniter.php(824): App\Controllers\Home->readme()
#6 C:\Users\REDMIBOOK\Desktop\portf\sistemCuti\vendor\codeigniter4\framework\system\CodeIgniter.php(410): CodeIgniter\CodeIgniter->runController(Object(App\Controllers\Home))
#7 C:\Users\REDMIBOOK\Desktop\portf\sistemCuti\vendor\codeigniter4\framework\system\CodeIgniter.php(318): CodeIgniter\CodeIgniter->handleRequest(NULL, Object(Config\Cache), false)
#8 C:\Users\REDMIBOOK\Desktop\portf\sistemCuti\public\index.php(37): CodeIgniter\CodeIgniter->run()
#9 C:\Users\REDMIBOOK\Desktop\portf\sistemCuti\vendor\codeigniter4\framework\system\Commands\Server\rewrite.php(43): require_once('C:\\Users\\REDMIB...')
#10 {main}
ERROR - 2022-01-20 21:44:01 --> Error connecting to the database: No connection could be made because the target machine actively refused it
CRITICAL - 2022-01-20 21:44:01 --> Unable to connect to the database.
Main connection [MySQLi]: No connection could be made because the target machine actively refused it
#0 C:\Users\REDMIBOOK\Desktop\portf\sistemCuti\vendor\codeigniter4\framework\system\Database\BaseConnection.php(577): CodeIgniter\Database\BaseConnection->initialize()
#1 C:\Users\REDMIBOOK\Desktop\portf\sistemCuti\vendor\codeigniter4\framework\system\Database\BaseBuilder.php(1443): CodeIgniter\Database\BaseConnection->query('SELECT *\nFROM `...', Array, false)
#2 C:\Users\REDMIBOOK\Desktop\portf\sistemCuti\vendor\codeigniter4\framework\system\Model.php(145): CodeIgniter\Database\BaseBuilder->get()
#3 C:\Users\REDMIBOOK\Desktop\portf\sistemCuti\vendor\codeigniter4\framework\system\BaseModel.php(523): CodeIgniter\Model->doFind(false, NULL)
#4 C:\Users\REDMIBOOK\Desktop\portf\sistemCuti\app\Controllers\Api.php(37): CodeIgniter\BaseModel->find()
#5 C:\Users\REDMIBOOK\Desktop\portf\sistemCuti\vendor\codeigniter4\framework\system\CodeIgniter.php(824): App\Controllers\Api->notif()
#6 C:\Users\REDMIBOOK\Desktop\portf\sistemCuti\vendor\codeigniter4\framework\system\CodeIgniter.php(410): CodeIgniter\CodeIgniter->runController(Object(App\Controllers\Api))
#7 C:\Users\REDMIBOOK\Desktop\portf\sistemCuti\vendor\codeigniter4\framework\system\CodeIgniter.php(318): CodeIgniter\CodeIgniter->handleRequest(NULL, Object(Config\Cache), false)
#8 C:\Users\REDMIBOOK\Desktop\portf\sistemCuti\public\index.php(37): CodeIgniter\CodeIgniter->run()
#9 C:\Users\REDMIBOOK\Desktop\portf\sistemCuti\vendor\codeigniter4\framework\system\Commands\Server\rewrite.php(43): require_once('C:\\Users\\REDMIB...')
#10 {main}
ERROR - 2022-01-20 21:44:05 --> Error connecting to the database: No connection could be made because the target machine actively refused it
CRITICAL - 2022-01-20 21:44:05 --> Unable to connect to the database.
Main connection [MySQLi]: No connection could be made because the target machine actively refused it
#0 C:\Users\REDMIBOOK\Desktop\portf\sistemCuti\vendor\codeigniter4\framework\system\Database\BaseConnection.php(577): CodeIgniter\Database\BaseConnection->initialize()
#1 C:\Users\REDMIBOOK\Desktop\portf\sistemCuti\vendor\codeigniter4\framework\system\Database\BaseBuilder.php(1443): CodeIgniter\Database\BaseConnection->query('SELECT *\nFROM `...', Array, false)
#2 C:\Users\REDMIBOOK\Desktop\portf\sistemCuti\vendor\codeigniter4\framework\system\Model.php(145): CodeIgniter\Database\BaseBuilder->get()
#3 C:\Users\REDMIBOOK\Desktop\portf\sistemCuti\vendor\codeigniter4\framework\system\BaseModel.php(523): CodeIgniter\Model->doFind(false, NULL)
#4 C:\Users\REDMIBOOK\Desktop\portf\sistemCuti\app\Controllers\Api.php(37): CodeIgniter\BaseModel->find()
#5 C:\Users\REDMIBOOK\Desktop\portf\sistemCuti\vendor\codeigniter4\framework\system\CodeIgniter.php(824): App\Controllers\Api->notif()
#6 C:\Users\REDMIBOOK\Desktop\portf\sistemCuti\vendor\codeigniter4\framework\system\CodeIgniter.php(410): CodeIgniter\CodeIgniter->runController(Object(App\Controllers\Api))
#7 C:\Users\REDMIBOOK\Desktop\portf\sistemCuti\vendor\codeigniter4\framework\system\CodeIgniter.php(318): CodeIgniter\CodeIgniter->handleRequest(NULL, Object(Config\Cache), false)
#8 C:\Users\REDMIBOOK\Desktop\portf\sistemCuti\public\index.php(37): CodeIgniter\CodeIgniter->run()
#9 C:\Users\REDMIBOOK\Desktop\portf\sistemCuti\vendor\codeigniter4\framework\system\Commands\Server\rewrite.php(43): require_once('C:\\Users\\REDMIB...')
#10 {main}
ERROR - 2022-01-20 21:44:09 --> Error connecting to the database: No connection could be made because the target machine actively refused it
CRITICAL - 2022-01-20 21:44:09 --> Unable to connect to the database.
Main connection [MySQLi]: No connection could be made because the target machine actively refused it
#0 C:\Users\REDMIBOOK\Desktop\portf\sistemCuti\vendor\codeigniter4\framework\system\Database\BaseConnection.php(577): CodeIgniter\Database\BaseConnection->initialize()
#1 C:\Users\REDMIBOOK\Desktop\portf\sistemCuti\vendor\codeigniter4\framework\system\Database\BaseBuilder.php(1443): CodeIgniter\Database\BaseConnection->query('SELECT *\nFROM `...', Array, false)
#2 C:\Users\REDMIBOOK\Desktop\portf\sistemCuti\vendor\codeigniter4\framework\system\Model.php(145): CodeIgniter\Database\BaseBuilder->get()
#3 C:\Users\REDMIBOOK\Desktop\portf\sistemCuti\vendor\codeigniter4\framework\system\BaseModel.php(523): CodeIgniter\Model->doFind(false, NULL)
#4 C:\Users\REDMIBOOK\Desktop\portf\sistemCuti\app\Controllers\Api.php(37): CodeIgniter\BaseModel->find()
#5 C:\Users\REDMIBOOK\Desktop\portf\sistemCuti\vendor\codeigniter4\framework\system\CodeIgniter.php(824): App\Controllers\Api->notif()
#6 C:\Users\REDMIBOOK\Desktop\portf\sistemCuti\vendor\codeigniter4\framework\system\CodeIgniter.php(410): CodeIgniter\CodeIgniter->runController(Object(App\Controllers\Api))
#7 C:\Users\REDMIBOOK\Desktop\portf\sistemCuti\vendor\codeigniter4\framework\system\CodeIgniter.php(318): CodeIgniter\CodeIgniter->handleRequest(NULL, Object(Config\Cache), false)
#8 C:\Users\REDMIBOOK\Desktop\portf\sistemCuti\public\index.php(37): CodeIgniter\CodeIgniter->run()
#9 C:\Users\REDMIBOOK\Desktop\portf\sistemCuti\vendor\codeigniter4\framework\system\Commands\Server\rewrite.php(43): require_once('C:\\Users\\REDMIB...')
#10 {main}
ERROR - 2022-01-20 21:44:13 --> Error connecting to the database: No connection could be made because the target machine actively refused it
CRITICAL - 2022-01-20 21:44:13 --> Unable to connect to the database.
Main connection [MySQLi]: No connection could be made because the target machine actively refused it
#0 C:\Users\REDMIBOOK\Desktop\portf\sistemCuti\vendor\codeigniter4\framework\system\Database\BaseConnection.php(577): CodeIgniter\Database\BaseConnection->initialize()
#1 C:\Users\REDMIBOOK\Desktop\portf\sistemCuti\vendor\codeigniter4\framework\system\Database\BaseBuilder.php(1443): CodeIgniter\Database\BaseConnection->query('SELECT *\nFROM `...', Array, false)
#2 C:\Users\REDMIBOOK\Desktop\portf\sistemCuti\vendor\codeigniter4\framework\system\Model.php(145): CodeIgniter\Database\BaseBuilder->get()
#3 C:\Users\REDMIBOOK\Desktop\portf\sistemCuti\vendor\codeigniter4\framework\system\BaseModel.php(523): CodeIgniter\Model->doFind(false, NULL)
#4 C:\Users\REDMIBOOK\Desktop\portf\sistemCuti\app\Controllers\Api.php(37): CodeIgniter\BaseModel->find()
#5 C:\Users\REDMIBOOK\Desktop\portf\sistemCuti\vendor\codeigniter4\framework\system\CodeIgniter.php(824): App\Controllers\Api->notif()
#6 C:\Users\REDMIBOOK\Desktop\portf\sistemCuti\vendor\codeigniter4\framework\system\CodeIgniter.php(410): CodeIgniter\CodeIgniter->runController(Object(App\Controllers\Api))
#7 C:\Users\REDMIBOOK\Desktop\portf\sistemCuti\vendor\codeigniter4\framework\system\CodeIgniter.php(318): CodeIgniter\CodeIgniter->handleRequest(NULL, Object(Config\Cache), false)
#8 C:\Users\REDMIBOOK\Desktop\portf\sistemCuti\public\index.php(37): CodeIgniter\CodeIgniter->run()
#9 C:\Users\REDMIBOOK\Desktop\portf\sistemCuti\vendor\codeigniter4\framework\system\Commands\Server\rewrite.php(43): require_once('C:\\Users\\REDMIB...')
#10 {main}
ERROR - 2022-01-20 21:44:17 --> Error connecting to the database: No connection could be made because the target machine actively refused it
CRITICAL - 2022-01-20 21:44:17 --> Unable to connect to the database.
Main connection [MySQLi]: No connection could be made because the target machine actively refused it
#0 C:\Users\REDMIBOOK\Desktop\portf\sistemCuti\vendor\codeigniter4\framework\system\Database\BaseConnection.php(577): CodeIgniter\Database\BaseConnection->initialize()
#1 C:\Users\REDMIBOOK\Desktop\portf\sistemCuti\vendor\codeigniter4\framework\system\Database\BaseBuilder.php(1443): CodeIgniter\Database\BaseConnection->query('SELECT *\nFROM `...', Array, false)
#2 C:\Users\REDMIBOOK\Desktop\portf\sistemCuti\vendor\codeigniter4\framework\system\Model.php(145): CodeIgniter\Database\BaseBuilder->get()
#3 C:\Users\REDMIBOOK\Desktop\portf\sistemCuti\vendor\codeigniter4\framework\system\BaseModel.php(523): CodeIgniter\Model->doFind(false, NULL)
#4 C:\Users\REDMIBOOK\Desktop\portf\sistemCuti\app\Controllers\Api.php(37): CodeIgniter\BaseModel->find()
#5 C:\Users\REDMIBOOK\Desktop\portf\sistemCuti\vendor\codeigniter4\framework\system\CodeIgniter.php(824): App\Controllers\Api->notif()
#6 C:\Users\REDMIBOOK\Desktop\portf\sistemCuti\vendor\codeigniter4\framework\system\CodeIgniter.php(410): CodeIgniter\CodeIgniter->runController(Object(App\Controllers\Api))
#7 C:\Users\REDMIBOOK\Desktop\portf\sistemCuti\vendor\codeigniter4\framework\system\CodeIgniter.php(318): CodeIgniter\CodeIgniter->handleRequest(NULL, Object(Config\Cache), false)
#8 C:\Users\REDMIBOOK\Desktop\portf\sistemCuti\public\index.php(37): CodeIgniter\CodeIgniter->run()
#9 C:\Users\REDMIBOOK\Desktop\portf\sistemCuti\vendor\codeigniter4\framework\system\Commands\Server\rewrite.php(43): require_once('C:\\Users\\REDMIB...')
#10 {main}
ERROR - 2022-01-20 21:44:21 --> Error connecting to the database: No connection could be made because the target machine actively refused it
CRITICAL - 2022-01-20 21:44:21 --> Unable to connect to the database.
Main connection [MySQLi]: No connection could be made because the target machine actively refused it
#0 C:\Users\REDMIBOOK\Desktop\portf\sistemCuti\vendor\codeigniter4\framework\system\Database\BaseConnection.php(577): CodeIgniter\Database\BaseConnection->initialize()
#1 C:\Users\REDMIBOOK\Desktop\portf\sistemCuti\vendor\codeigniter4\framework\system\Database\BaseBuilder.php(1443): CodeIgniter\Database\BaseConnection->query('SELECT *\nFROM `...', Array, false)
#2 C:\Users\REDMIBOOK\Desktop\portf\sistemCuti\vendor\codeigniter4\framework\system\Model.php(145): CodeIgniter\Database\BaseBuilder->get()
#3 C:\Users\REDMIBOOK\Desktop\portf\sistemCuti\vendor\codeigniter4\framework\system\BaseModel.php(523): CodeIgniter\Model->doFind(false, NULL)
#4 C:\Users\REDMIBOOK\Desktop\portf\sistemCuti\app\Controllers\Api.php(37): CodeIgniter\BaseModel->find()
#5 C:\Users\REDMIBOOK\Desktop\portf\sistemCuti\vendor\codeigniter4\framework\system\CodeIgniter.php(824): App\Controllers\Api->notif()
#6 C:\Users\REDMIBOOK\Desktop\portf\sistemCuti\vendor\codeigniter4\framework\system\CodeIgniter.php(410): CodeIgniter\CodeIgniter->runController(Object(App\Controllers\Api))
#7 C:\Users\REDMIBOOK\Desktop\portf\sistemCuti\vendor\codeigniter4\framework\system\CodeIgniter.php(318): CodeIgniter\CodeIgniter->handleRequest(NULL, Object(Config\Cache), false)
#8 C:\Users\REDMIBOOK\Desktop\portf\sistemCuti\public\index.php(37): CodeIgniter\CodeIgniter->run()
#9 C:\Users\REDMIBOOK\Desktop\portf\sistemCuti\vendor\codeigniter4\framework\system\Commands\Server\rewrite.php(43): require_once('C:\\Users\\REDMIB...')
#10 {main}
ERROR - 2022-01-20 21:44:25 --> Error connecting to the database: No connection could be made because the target machine actively refused it
CRITICAL - 2022-01-20 21:44:25 --> Unable to connect to the database.
Main connection [MySQLi]: No connection could be made because the target machine actively refused it
#0 C:\Users\REDMIBOOK\Desktop\portf\sistemCuti\vendor\codeigniter4\framework\system\Database\BaseConnection.php(577): CodeIgniter\Database\BaseConnection->initialize()
#1 C:\Users\REDMIBOOK\Desktop\portf\sistemCuti\vendor\codeigniter4\framework\system\Database\BaseBuilder.php(1443): CodeIgniter\Database\BaseConnection->query('SELECT *\nFROM `...', Array, false)
#2 C:\Users\REDMIBOOK\Desktop\portf\sistemCuti\vendor\codeigniter4\framework\system\Model.php(145): CodeIgniter\Database\BaseBuilder->get()
#3 C:\Users\REDMIBOOK\Desktop\portf\sistemCuti\vendor\codeigniter4\framework\system\BaseModel.php(523): CodeIgniter\Model->doFind(false, NULL)
#4 C:\Users\REDMIBOOK\Desktop\portf\sistemCuti\app\Controllers\Api.php(37): CodeIgniter\BaseModel->find()
#5 C:\Users\REDMIBOOK\Desktop\portf\sistemCuti\vendor\codeigniter4\framework\system\CodeIgniter.php(824): App\Controllers\Api->notif()
#6 C:\Users\REDMIBOOK\Desktop\portf\sistemCuti\vendor\codeigniter4\framework\system\CodeIgniter.php(410): CodeIgniter\CodeIgniter->runController(Object(App\Controllers\Api))
#7 C:\Users\REDMIBOOK\Desktop\portf\sistemCuti\vendor\codeigniter4\framework\system\CodeIgniter.php(318): CodeIgniter\CodeIgniter->handleRequest(NULL, Object(Config\Cache), false)
#8 C:\Users\REDMIBOOK\Desktop\portf\sistemCuti\public\index.php(37): CodeIgniter\CodeIgniter->run()
#9 C:\Users\REDMIBOOK\Desktop\portf\sistemCuti\vendor\codeigniter4\framework\system\Commands\Server\rewrite.php(43): require_once('C:\\Users\\REDMIB...')
#10 {main}
ERROR - 2022-01-20 21:44:29 --> Error connecting to the database: No connection could be made because the target machine actively refused it
CRITICAL - 2022-01-20 21:44:29 --> Unable to connect to the database.
Main connection [MySQLi]: No connection could be made because the target machine actively refused it
#0 C:\Users\REDMIBOOK\Desktop\portf\sistemCuti\vendor\codeigniter4\framework\system\Database\BaseConnection.php(577): CodeIgniter\Database\BaseConnection->initialize()
#1 C:\Users\REDMIBOOK\Desktop\portf\sistemCuti\vendor\codeigniter4\framework\system\Database\BaseBuilder.php(1443): CodeIgniter\Database\BaseConnection->query('SELECT *\nFROM `...', Array, false)
#2 C:\Users\REDMIBOOK\Desktop\portf\sistemCuti\vendor\codeigniter4\framework\system\Model.php(145): CodeIgniter\Database\BaseBuilder->get()
#3 C:\Users\REDMIBOOK\Desktop\portf\sistemCuti\vendor\codeigniter4\framework\system\BaseModel.php(523): CodeIgniter\Model->doFind(false, NULL)
#4 C:\Users\REDMIBOOK\Desktop\portf\sistemCuti\app\Controllers\Api.php(37): CodeIgniter\BaseModel->find()
#5 C:\Users\REDMIBOOK\Desktop\portf\sistemCuti\vendor\codeigniter4\framework\system\CodeIgniter.php(824): App\Controllers\Api->notif()
#6 C:\Users\REDMIBOOK\Desktop\portf\sistemCuti\vendor\codeigniter4\framework\system\CodeIgniter.php(410): CodeIgniter\CodeIgniter->runController(Object(App\Controllers\Api))
#7 C:\Users\REDMIBOOK\Desktop\portf\sistemCuti\vendor\codeigniter4\framework\system\CodeIgniter.php(318): CodeIgniter\CodeIgniter->handleRequest(NULL, Object(Config\Cache), false)
#8 C:\Users\REDMIBOOK\Desktop\portf\sistemCuti\public\index.php(37): CodeIgniter\CodeIgniter->run()
#9 C:\Users\REDMIBOOK\Desktop\portf\sistemCuti\vendor\codeigniter4\framework\system\Commands\Server\rewrite.php(43): require_once('C:\\Users\\REDMIB...')
#10 {main}
ERROR - 2022-01-20 21:44:34 --> Error connecting to the database: No connection could be made because the target machine actively refused it
CRITICAL - 2022-01-20 21:44:34 --> Unable to connect to the database.
Main connection [MySQLi]: No connection could be made because the target machine actively refused it
#0 C:\Users\REDMIBOOK\Desktop\portf\sistemCuti\vendor\codeigniter4\framework\system\Database\BaseConnection.php(577): CodeIgniter\Database\BaseConnection->initialize()
#1 C:\Users\REDMIBOOK\Desktop\portf\sistemCuti\vendor\codeigniter4\framework\system\Database\BaseBuilder.php(1443): CodeIgniter\Database\BaseConnection->query('SELECT *\nFROM `...', Array, false)
#2 C:\Users\REDMIBOOK\Desktop\portf\sistemCuti\vendor\codeigniter4\framework\system\Model.php(145): CodeIgniter\Database\BaseBuilder->get()
#3 C:\Users\REDMIBOOK\Desktop\portf\sistemCuti\vendor\codeigniter4\framework\system\BaseModel.php(523): CodeIgniter\Model->doFind(false, NULL)
#4 C:\Users\REDMIBOOK\Desktop\portf\sistemCuti\app\Controllers\Api.php(37): CodeIgniter\BaseModel->find()
#5 C:\Users\REDMIBOOK\Desktop\portf\sistemCuti\vendor\codeigniter4\framework\system\CodeIgniter.php(824): App\Controllers\Api->notif()
#6 C:\Users\REDMIBOOK\Desktop\portf\sistemCuti\vendor\codeigniter4\framework\system\CodeIgniter.php(410): CodeIgniter\CodeIgniter->runController(Object(App\Controllers\Api))
#7 C:\Users\REDMIBOOK\Desktop\portf\sistemCuti\vendor\codeigniter4\framework\system\CodeIgniter.php(318): CodeIgniter\CodeIgniter->handleRequest(NULL, Object(Config\Cache), false)
#8 C:\Users\REDMIBOOK\Desktop\portf\sistemCuti\public\index.php(37): CodeIgniter\CodeIgniter->run()
#9 C:\Users\REDMIBOOK\Desktop\portf\sistemCuti\vendor\codeigniter4\framework\system\Commands\Server\rewrite.php(43): require_once('C:\\Users\\REDMIB...')
#10 {main}
ERROR - 2022-01-20 21:44:38 --> Error connecting to the database: No connection could be made because the target machine actively refused it
CRITICAL - 2022-01-20 21:44:38 --> Unable to connect to the database.
Main connection [MySQLi]: No connection could be made because the target machine actively refused it
#0 C:\Users\REDMIBOOK\Desktop\portf\sistemCuti\vendor\codeigniter4\framework\system\Database\BaseConnection.php(577): CodeIgniter\Database\BaseConnection->initialize()
#1 C:\Users\REDMIBOOK\Desktop\portf\sistemCuti\vendor\codeigniter4\framework\system\Database\BaseBuilder.php(1443): CodeIgniter\Database\BaseConnection->query('SELECT *\nFROM `...', Array, false)
#2 C:\Users\REDMIBOOK\Desktop\portf\sistemCuti\vendor\codeigniter4\framework\system\Model.php(145): CodeIgniter\Database\BaseBuilder->get()
#3 C:\Users\REDMIBOOK\Desktop\portf\sistemCuti\vendor\codeigniter4\framework\system\BaseModel.php(523): CodeIgniter\Model->doFind(false, NULL)
#4 C:\Users\REDMIBOOK\Desktop\portf\sistemCuti\app\Controllers\Api.php(37): CodeIgniter\BaseModel->find()
#5 C:\Users\REDMIBOOK\Desktop\portf\sistemCuti\vendor\codeigniter4\framework\system\CodeIgniter.php(824): App\Controllers\Api->notif()
#6 C:\Users\REDMIBOOK\Desktop\portf\sistemCuti\vendor\codeigniter4\framework\system\CodeIgniter.php(410): CodeIgniter\CodeIgniter->runController(Object(App\Controllers\Api))
#7 C:\Users\REDMIBOOK\Desktop\portf\sistemCuti\vendor\codeigniter4\framework\system\CodeIgniter.php(318): CodeIgniter\CodeIgniter->handleRequest(NULL, Object(Config\Cache), false)
#8 C:\Users\REDMIBOOK\Desktop\portf\sistemCuti\public\index.php(37): CodeIgniter\CodeIgniter->run()
#9 C:\Users\REDMIBOOK\Desktop\portf\sistemCuti\vendor\codeigniter4\framework\system\Commands\Server\rewrite.php(43): require_once('C:\\Users\\REDMIB...')
#10 {main}
ERROR - 2022-01-20 21:44:42 --> Error connecting to the database: No connection could be made because the target machine actively refused it
CRITICAL - 2022-01-20 21:44:42 --> Unable to connect to the database.
Main connection [MySQLi]: No connection could be made because the target machine actively refused it
#0 C:\Users\REDMIBOOK\Desktop\portf\sistemCuti\vendor\codeigniter4\framework\system\Database\BaseConnection.php(577): CodeIgniter\Database\BaseConnection->initialize()
#1 C:\Users\REDMIBOOK\Desktop\portf\sistemCuti\vendor\codeigniter4\framework\system\Database\BaseBuilder.php(1443): CodeIgniter\Database\BaseConnection->query('SELECT *\nFROM `...', Array, false)
#2 C:\Users\REDMIBOOK\Desktop\portf\sistemCuti\vendor\codeigniter4\framework\system\Model.php(145): CodeIgniter\Database\BaseBuilder->get()
#3 C:\Users\REDMIBOOK\Desktop\portf\sistemCuti\vendor\codeigniter4\framework\system\BaseModel.php(523): CodeIgniter\Model->doFind(false, NULL)
#4 C:\Users\REDMIBOOK\Desktop\portf\sistemCuti\app\Controllers\Api.php(37): CodeIgniter\BaseModel->find()
#5 C:\Users\REDMIBOOK\Desktop\portf\sistemCuti\vendor\codeigniter4\framework\system\CodeIgniter.php(824): App\Controllers\Api->notif()
#6 C:\Users\REDMIBOOK\Desktop\portf\sistemCuti\vendor\codeigniter4\framework\system\CodeIgniter.php(410): CodeIgniter\CodeIgniter->runController(Object(App\Controllers\Api))
#7 C:\Users\REDMIBOOK\Desktop\portf\sistemCuti\vendor\codeigniter4\framework\system\CodeIgniter.php(318): CodeIgniter\CodeIgniter->handleRequest(NULL, Object(Config\Cache), false)
#8 C:\Users\REDMIBOOK\Desktop\portf\sistemCuti\public\index.php(37): CodeIgniter\CodeIgniter->run()
#9 C:\Users\REDMIBOOK\Desktop\portf\sistemCuti\vendor\codeigniter4\framework\system\Commands\Server\rewrite.php(43): require_once('C:\\Users\\REDMIB...')
#10 {main}
ERROR - 2022-01-20 21:44:46 --> Error connecting to the database: No connection could be made because the target machine actively refused it
CRITICAL - 2022-01-20 21:44:46 --> Unable to connect to the database.
Main connection [MySQLi]: No connection could be made because the target machine actively refused it
#0 C:\Users\REDMIBOOK\Desktop\portf\sistemCuti\vendor\codeigniter4\framework\system\Database\BaseConnection.php(577): CodeIgniter\Database\BaseConnection->initialize()
#1 C:\Users\REDMIBOOK\Desktop\portf\sistemCuti\vendor\codeigniter4\framework\system\Database\BaseBuilder.php(1443): CodeIgniter\Database\BaseConnection->query('SELECT *\nFROM `...', Array, false)
#2 C:\Users\REDMIBOOK\Desktop\portf\sistemCuti\vendor\codeigniter4\framework\system\Model.php(145): CodeIgniter\Database\BaseBuilder->get()
#3 C:\Users\REDMIBOOK\Desktop\portf\sistemCuti\vendor\codeigniter4\framework\system\BaseModel.php(523): CodeIgniter\Model->doFind(false, NULL)
#4 C:\Users\REDMIBOOK\Desktop\portf\sistemCuti\app\Controllers\Api.php(37): CodeIgniter\BaseModel->find()
#5 C:\Users\REDMIBOOK\Desktop\portf\sistemCuti\vendor\codeigniter4\framework\system\CodeIgniter.php(824): App\Controllers\Api->notif()
#6 C:\Users\REDMIBOOK\Desktop\portf\sistemCuti\vendor\codeigniter4\framework\system\CodeIgniter.php(410): CodeIgniter\CodeIgniter->runController(Object(App\Controllers\Api))
#7 C:\Users\REDMIBOOK\Desktop\portf\sistemCuti\vendor\codeigniter4\framework\system\CodeIgniter.php(318): CodeIgniter\CodeIgniter->handleRequest(NULL, Object(Config\Cache), false)
#8 C:\Users\REDMIBOOK\Desktop\portf\sistemCuti\public\index.php(37): CodeIgniter\CodeIgniter->run()
#9 C:\Users\REDMIBOOK\Desktop\portf\sistemCuti\vendor\codeigniter4\framework\system\Commands\Server\rewrite.php(43): require_once('C:\\Users\\REDMIB...')
#10 {main}
ERROR - 2022-01-20 21:44:50 --> Error connecting to the database: No connection could be made because the target machine actively refused it
CRITICAL - 2022-01-20 21:44:50 --> Unable to connect to the database.
Main connection [MySQLi]: No connection could be made because the target machine actively refused it
#0 C:\Users\REDMIBOOK\Desktop\portf\sistemCuti\vendor\codeigniter4\framework\system\Database\BaseConnection.php(577): CodeIgniter\Database\BaseConnection->initialize()
#1 C:\Users\REDMIBOOK\Desktop\portf\sistemCuti\vendor\codeigniter4\framework\system\Database\BaseBuilder.php(1443): CodeIgniter\Database\BaseConnection->query('SELECT *\nFROM `...', Array, false)
#2 C:\Users\REDMIBOOK\Desktop\portf\sistemCuti\vendor\codeigniter4\framework\system\Model.php(145): CodeIgniter\Database\BaseBuilder->get()
#3 C:\Users\REDMIBOOK\Desktop\portf\sistemCuti\vendor\codeigniter4\framework\system\BaseModel.php(523): CodeIgniter\Model->doFind(false, NULL)
#4 C:\Users\REDMIBOOK\Desktop\portf\sistemCuti\app\Controllers\Api.php(37): CodeIgniter\BaseModel->find()
#5 C:\Users\REDMIBOOK\Desktop\portf\sistemCuti\vendor\codeigniter4\framework\system\CodeIgniter.php(824): App\Controllers\Api->notif()
#6 C:\Users\REDMIBOOK\Desktop\portf\sistemCuti\vendor\codeigniter4\framework\system\CodeIgniter.php(410): CodeIgniter\CodeIgniter->runController(Object(App\Controllers\Api))
#7 C:\Users\REDMIBOOK\Desktop\portf\sistemCuti\vendor\codeigniter4\framework\system\CodeIgniter.php(318): CodeIgniter\CodeIgniter->handleRequest(NULL, Object(Config\Cache), false)
#8 C:\Users\REDMIBOOK\Desktop\portf\sistemCuti\public\index.php(37): CodeIgniter\CodeIgniter->run()
#9 C:\Users\REDMIBOOK\Desktop\portf\sistemCuti\vendor\codeigniter4\framework\system\Commands\Server\rewrite.php(43): require_once('C:\\Users\\REDMIB...')
#10 {main}
ERROR - 2022-01-20 21:44:54 --> Error connecting to the database: No connection could be made because the target machine actively refused it
CRITICAL - 2022-01-20 21:44:54 --> Unable to connect to the database.
Main connection [MySQLi]: No connection could be made because the target machine actively refused it
#0 C:\Users\REDMIBOOK\Desktop\portf\sistemCuti\vendor\codeigniter4\framework\system\Database\BaseConnection.php(577): CodeIgniter\Database\BaseConnection->initialize()
#1 C:\Users\REDMIBOOK\Desktop\portf\sistemCuti\vendor\codeigniter4\framework\system\Database\BaseBuilder.php(1443): CodeIgniter\Database\BaseConnection->query('SELECT *\nFROM `...', Array, false)
#2 C:\Users\REDMIBOOK\Desktop\portf\sistemCuti\vendor\codeigniter4\framework\system\Model.php(145): CodeIgniter\Database\BaseBuilder->get()
#3 C:\Users\REDMIBOOK\Desktop\portf\sistemCuti\vendor\codeigniter4\framework\system\BaseModel.php(523): CodeIgniter\Model->doFind(false, NULL)
#4 C:\Users\REDMIBOOK\Desktop\portf\sistemCuti\app\Controllers\Api.php(37): CodeIgniter\BaseModel->find()
#5 C:\Users\REDMIBOOK\Desktop\portf\sistemCuti\vendor\codeigniter4\framework\system\CodeIgniter.php(824): App\Controllers\Api->notif()
#6 C:\Users\REDMIBOOK\Desktop\portf\sistemCuti\vendor\codeigniter4\framework\system\CodeIgniter.php(410): CodeIgniter\CodeIgniter->runController(Object(App\Controllers\Api))
#7 C:\Users\REDMIBOOK\Desktop\portf\sistemCuti\vendor\codeigniter4\framework\system\CodeIgniter.php(318): CodeIgniter\CodeIgniter->handleRequest(NULL, Object(Config\Cache), false)
#8 C:\Users\REDMIBOOK\Desktop\portf\sistemCuti\public\index.php(37): CodeIgniter\CodeIgniter->run()
#9 C:\Users\REDMIBOOK\Desktop\portf\sistemCuti\vendor\codeigniter4\framework\system\Commands\Server\rewrite.php(43): require_once('C:\\Users\\REDMIB...')
#10 {main}
