CRITICAL - 2021-12-17 05:38:11 --> Invalid file: admin/data-pegawai.php
#0 C:\Users\REDMIBOOK\Desktop\portf\absensiOnline\vendor\codeigniter4\framework\system\View\View.php(198): CodeIgniter\Exceptions\FrameworkException::forInvalidFile('admin/data-pega...')
#1 C:\Users\REDMIBOOK\Desktop\portf\absensiOnline\vendor\codeigniter4\framework\system\Common.php(1097): CodeIgniter\View\View->render('admin/data-pega...', Array, true)
#2 C:\Users\REDMIBOOK\Desktop\portf\absensiOnline\app\Controllers\Home.php(40): view('admin/data-pega...', Array)
#3 C:\Users\REDMIBOOK\Desktop\portf\absensiOnline\vendor\codeigniter4\framework\system\CodeIgniter.php(824): App\Controllers\Home->link('data-pegawai')
#4 C:\Users\REDMIBOOK\Desktop\portf\absensiOnline\vendor\codeigniter4\framework\system\CodeIgniter.php(410): CodeIgniter\CodeIgniter->runController(Object(App\Controllers\Home))
#5 C:\Users\REDMIBOOK\Desktop\portf\absensiOnline\vendor\codeigniter4\framework\system\CodeIgniter.php(318): CodeIgniter\CodeIgniter->handleRequest(NULL, Object(Config\Cache), false)
#6 C:\Users\REDMIBOOK\Desktop\portf\absensiOnline\public\index.php(37): CodeIgniter\CodeIgniter->run()
#7 C:\Users\REDMIBOOK\Desktop\portf\absensiOnline\vendor\codeigniter4\framework\system\Commands\Server\rewrite.php(43): require_once('C:\\Users\\REDMIB...')
#8 {main}
CRITICAL - 2021-12-17 05:38:24 --> Undefined array key "nama_divisi"
#0 C:\Users\REDMIBOOK\Desktop\portf\absensiOnline\app\Views\admin\data_pegawai.php(35): CodeIgniter\Debug\Exceptions->errorHandler(2, 'Undefined array...', 'C:\\Users\\REDMIB...', 35)
#1 C:\Users\REDMIBOOK\Desktop\portf\absensiOnline\vendor\codeigniter4\framework\system\View\View.php(214): include('C:\\Users\\REDMIB...')
#2 C:\Users\REDMIBOOK\Desktop\portf\absensiOnline\vendor\codeigniter4\framework\system\View\View.php(217): CodeIgniter\View\View->CodeIgniter\View\{closure}()
#3 C:\Users\REDMIBOOK\Desktop\portf\absensiOnline\vendor\codeigniter4\framework\system\Common.php(1097): CodeIgniter\View\View->render('admin/data_pega...', Array, true)
#4 C:\Users\REDMIBOOK\Desktop\portf\absensiOnline\app\Controllers\Home.php(40): view('admin/data_pega...', Array)
#5 C:\Users\REDMIBOOK\Desktop\portf\absensiOnline\vendor\codeigniter4\framework\system\CodeIgniter.php(824): App\Controllers\Home->link('data-pegawai')
#6 C:\Users\REDMIBOOK\Desktop\portf\absensiOnline\vendor\codeigniter4\framework\system\CodeIgniter.php(410): CodeIgniter\CodeIgniter->runController(Object(App\Controllers\Home))
#7 C:\Users\REDMIBOOK\Desktop\portf\absensiOnline\vendor\codeigniter4\framework\system\CodeIgniter.php(318): CodeIgniter\CodeIgniter->handleRequest(NULL, Object(Config\Cache), false)
#8 C:\Users\REDMIBOOK\Desktop\portf\absensiOnline\public\index.php(37): CodeIgniter\CodeIgniter->run()
#9 C:\Users\REDMIBOOK\Desktop\portf\absensiOnline\vendor\codeigniter4\framework\system\Commands\Server\rewrite.php(43): require_once('C:\\Users\\REDMIB...')
#10 {main}
CRITICAL - 2021-12-17 05:40:32 --> Undefined array key "id"
#0 C:\Users\REDMIBOOK\Desktop\portf\absensiOnline\app\Views\admin\data_pegawai.php(41): CodeIgniter\Debug\Exceptions->errorHandler(2, 'Undefined array...', 'C:\\Users\\REDMIB...', 41)
#1 C:\Users\REDMIBOOK\Desktop\portf\absensiOnline\vendor\codeigniter4\framework\system\View\View.php(214): include('C:\\Users\\REDMIB...')
#2 C:\Users\REDMIBOOK\Desktop\portf\absensiOnline\vendor\codeigniter4\framework\system\View\View.php(217): CodeIgniter\View\View->CodeIgniter\View\{closure}()
#3 C:\Users\REDMIBOOK\Desktop\portf\absensiOnline\vendor\codeigniter4\framework\system\Common.php(1097): CodeIgniter\View\View->render('admin/data_pega...', Array, true)
#4 C:\Users\REDMIBOOK\Desktop\portf\absensiOnline\app\Controllers\Home.php(40): view('admin/data_pega...', Array)
#5 C:\Users\REDMIBOOK\Desktop\portf\absensiOnline\vendor\codeigniter4\framework\system\CodeIgniter.php(824): App\Controllers\Home->link('data-pegawai')
#6 C:\Users\REDMIBOOK\Desktop\portf\absensiOnline\vendor\codeigniter4\framework\system\CodeIgniter.php(410): CodeIgniter\CodeIgniter->runController(Object(App\Controllers\Home))
#7 C:\Users\REDMIBOOK\Desktop\portf\absensiOnline\vendor\codeigniter4\framework\system\CodeIgniter.php(318): CodeIgniter\CodeIgniter->handleRequest(NULL, Object(Config\Cache), false)
#8 C:\Users\REDMIBOOK\Desktop\portf\absensiOnline\public\index.php(37): CodeIgniter\CodeIgniter->run()
#9 C:\Users\REDMIBOOK\Desktop\portf\absensiOnline\vendor\codeigniter4\framework\system\Commands\Server\rewrite.php(43): require_once('C:\\Users\\REDMIB...')
#10 {main}
CRITICAL - 2021-12-17 05:56:18 --> Undefined array key "nama"
#0 C:\Users\REDMIBOOK\Desktop\portf\absensiOnline\app\Views\admin\data_pegawai.php(73): CodeIgniter\Debug\Exceptions->errorHandler(2, 'Undefined array...', 'C:\\Users\\REDMIB...', 73)
#1 C:\Users\REDMIBOOK\Desktop\portf\absensiOnline\vendor\codeigniter4\framework\system\View\View.php(214): include('C:\\Users\\REDMIB...')
#2 C:\Users\REDMIBOOK\Desktop\portf\absensiOnline\vendor\codeigniter4\framework\system\View\View.php(217): CodeIgniter\View\View->CodeIgniter\View\{closure}()
#3 C:\Users\REDMIBOOK\Desktop\portf\absensiOnline\vendor\codeigniter4\framework\system\Common.php(1097): CodeIgniter\View\View->render('admin/data_pega...', Array, true)
#4 C:\Users\REDMIBOOK\Desktop\portf\absensiOnline\app\Controllers\Home.php(40): view('admin/data_pega...', Array)
#5 C:\Users\REDMIBOOK\Desktop\portf\absensiOnline\vendor\codeigniter4\framework\system\CodeIgniter.php(824): App\Controllers\Home->link('data-pegawai')
#6 C:\Users\REDMIBOOK\Desktop\portf\absensiOnline\vendor\codeigniter4\framework\system\CodeIgniter.php(410): CodeIgniter\CodeIgniter->runController(Object(App\Controllers\Home))
#7 C:\Users\REDMIBOOK\Desktop\portf\absensiOnline\vendor\codeigniter4\framework\system\CodeIgniter.php(318): CodeIgniter\CodeIgniter->handleRequest(NULL, Object(Config\Cache), false)
#8 C:\Users\REDMIBOOK\Desktop\portf\absensiOnline\public\index.php(37): CodeIgniter\CodeIgniter->run()
#9 C:\Users\REDMIBOOK\Desktop\portf\absensiOnline\vendor\codeigniter4\framework\system\Commands\Server\rewrite.php(43): require_once('C:\\Users\\REDMIB...')
#10 {main}
CRITICAL - 2021-12-17 22:43:37 --> Undefined array key "id"
#0 C:\Users\REDMIBOOK\Desktop\portf\absensiOnline\app\Views\admin\data_pegawai.php(33): CodeIgniter\Debug\Exceptions->errorHandler(2, 'Undefined array...', 'C:\\Users\\REDMIB...', 33)
#1 C:\Users\REDMIBOOK\Desktop\portf\absensiOnline\vendor\codeigniter4\framework\system\View\View.php(214): include('C:\\Users\\REDMIB...')
#2 C:\Users\REDMIBOOK\Desktop\portf\absensiOnline\vendor\codeigniter4\framework\system\View\View.php(217): CodeIgniter\View\View->CodeIgniter\View\{closure}()
#3 C:\Users\REDMIBOOK\Desktop\portf\absensiOnline\vendor\codeigniter4\framework\system\Common.php(1097): CodeIgniter\View\View->render('admin/data_pega...', Array, true)
#4 C:\Users\REDMIBOOK\Desktop\portf\absensiOnline\app\Controllers\Home.php(43): view('admin/data_pega...', Array)
#5 C:\Users\REDMIBOOK\Desktop\portf\absensiOnline\vendor\codeigniter4\framework\system\CodeIgniter.php(824): App\Controllers\Home->link('data-pegawai')
#6 C:\Users\REDMIBOOK\Desktop\portf\absensiOnline\vendor\codeigniter4\framework\system\CodeIgniter.php(410): CodeIgniter\CodeIgniter->runController(Object(App\Controllers\Home))
#7 C:\Users\REDMIBOOK\Desktop\portf\absensiOnline\vendor\codeigniter4\framework\system\CodeIgniter.php(318): CodeIgniter\CodeIgniter->handleRequest(NULL, Object(Config\Cache), false)
#8 C:\Users\REDMIBOOK\Desktop\portf\absensiOnline\public\index.php(37): CodeIgniter\CodeIgniter->run()
#9 C:\Users\REDMIBOOK\Desktop\portf\absensiOnline\vendor\codeigniter4\framework\system\Commands\Server\rewrite.php(43): require_once('C:\\Users\\REDMIB...')
#10 {main}
CRITICAL - 2021-12-17 23:02:15 --> Undefined array key "nama_divisi"
#0 C:\Users\REDMIBOOK\Desktop\portf\absensiOnline\app\Views\admin\data_pegawai.php(38): CodeIgniter\Debug\Exceptions->errorHandler(2, 'Undefined array...', 'C:\\Users\\REDMIB...', 38)
#1 C:\Users\REDMIBOOK\Desktop\portf\absensiOnline\vendor\codeigniter4\framework\system\View\View.php(214): include('C:\\Users\\REDMIB...')
#2 C:\Users\REDMIBOOK\Desktop\portf\absensiOnline\vendor\codeigniter4\framework\system\View\View.php(217): CodeIgniter\View\View->CodeIgniter\View\{closure}()
#3 C:\Users\REDMIBOOK\Desktop\portf\absensiOnline\vendor\codeigniter4\framework\system\Common.php(1097): CodeIgniter\View\View->render('admin/data_pega...', Array, true)
#4 C:\Users\REDMIBOOK\Desktop\portf\absensiOnline\app\Controllers\Home.php(43): view('admin/data_pega...', Array)
#5 C:\Users\REDMIBOOK\Desktop\portf\absensiOnline\vendor\codeigniter4\framework\system\CodeIgniter.php(824): App\Controllers\Home->link('data-pegawai')
#6 C:\Users\REDMIBOOK\Desktop\portf\absensiOnline\vendor\codeigniter4\framework\system\CodeIgniter.php(410): CodeIgniter\CodeIgniter->runController(Object(App\Controllers\Home))
#7 C:\Users\REDMIBOOK\Desktop\portf\absensiOnline\vendor\codeigniter4\framework\system\CodeIgniter.php(318): CodeIgniter\CodeIgniter->handleRequest(NULL, Object(Config\Cache), false)
#8 C:\Users\REDMIBOOK\Desktop\portf\absensiOnline\public\index.php(37): CodeIgniter\CodeIgniter->run()
#9 C:\Users\REDMIBOOK\Desktop\portf\absensiOnline\vendor\codeigniter4\framework\system\Commands\Server\rewrite.php(43): require_once('C:\\Users\\REDMIB...')
#10 {main}
