CRITICAL - 2022-02-02 19:58:47 --> Maximum execution time of 60 seconds exceeded
#0 [internal function]: CodeIgniter\Debug\Exceptions->shutdownHandler()
#1 {main}
CRITICAL - 2022-02-02 19:59:58 --> Maximum execution time of 60 seconds exceeded
#0 [internal function]: CodeIgniter\Debug\Exceptions->shutdownHandler()
#1 {main}
CRITICAL - 2022-02-02 20:01:02 --> Maximum execution time of 60 seconds exceeded
#0 [internal function]: CodeIgniter\Debug\Exceptions->shutdownHandler()
#1 {main}
CRITICAL - 2022-02-02 20:02:21 --> Maximum execution time of 60 seconds exceeded
#0 [internal function]: CodeIgniter\Debug\Exceptions->shutdownHandler()
#1 {main}
CRITICAL - 2022-02-02 20:02:23 --> CodeIgniter\HTTP\RedirectResponse::to(): Argument #1 ($uri) must be of type string, null given, called in C:\Users\REDMIBOOK\Desktop\SISTEM CUTI PUSYANKESWANAK\app\Controllers\Home.php on line 292
#0 C:\Users\REDMIBOOK\Desktop\SISTEM CUTI PUSYANKESWANAK\app\Controllers\Home.php(292): CodeIgniter\HTTP\RedirectResponse->to(NULL)
#1 C:\Users\REDMIBOOK\Desktop\SISTEM CUTI PUSYANKESWANAK\vendor\codeigniter4\framework\system\CodeIgniter.php(824): App\Controllers\Home->buatSuratCuti('51')
#2 C:\Users\REDMIBOOK\Desktop\SISTEM CUTI PUSYANKESWANAK\vendor\codeigniter4\framework\system\CodeIgniter.php(410): CodeIgniter\CodeIgniter->runController(Object(App\Controllers\Home))
#3 C:\Users\REDMIBOOK\Desktop\SISTEM CUTI PUSYANKESWANAK\vendor\codeigniter4\framework\system\CodeIgniter.php(318): CodeIgniter\CodeIgniter->handleRequest(NULL, Object(Config\Cache), false)
#4 C:\Users\REDMIBOOK\Desktop\SISTEM CUTI PUSYANKESWANAK\public\index.php(37): CodeIgniter\CodeIgniter->run()
#5 C:\Users\REDMIBOOK\Desktop\SISTEM CUTI PUSYANKESWANAK\vendor\codeigniter4\framework\system\Commands\Server\rewrite.php(43): require_once('C:\\Users\\REDMIB...')
#6 {main}
CRITICAL - 2022-02-02 20:02:46 --> CodeIgniter\HTTP\RedirectResponse::to(): Argument #1 ($uri) must be of type string, null given, called in C:\Users\REDMIBOOK\Desktop\SISTEM CUTI PUSYANKESWANAK\app\Controllers\Home.php on line 292
#0 C:\Users\REDMIBOOK\Desktop\SISTEM CUTI PUSYANKESWANAK\app\Controllers\Home.php(292): CodeIgniter\HTTP\RedirectResponse->to(NULL)
#1 C:\Users\REDMIBOOK\Desktop\SISTEM CUTI PUSYANKESWANAK\vendor\codeigniter4\framework\system\CodeIgniter.php(824): App\Controllers\Home->buatSuratCuti('51')
#2 C:\Users\REDMIBOOK\Desktop\SISTEM CUTI PUSYANKESWANAK\vendor\codeigniter4\framework\system\CodeIgniter.php(410): CodeIgniter\CodeIgniter->runController(Object(App\Controllers\Home))
#3 C:\Users\REDMIBOOK\Desktop\SISTEM CUTI PUSYANKESWANAK\vendor\codeigniter4\framework\system\CodeIgniter.php(318): CodeIgniter\CodeIgniter->handleRequest(NULL, Object(Config\Cache), false)
#4 C:\Users\REDMIBOOK\Desktop\SISTEM CUTI PUSYANKESWANAK\public\index.php(37): CodeIgniter\CodeIgniter->run()
#5 C:\Users\REDMIBOOK\Desktop\SISTEM CUTI PUSYANKESWANAK\vendor\codeigniter4\framework\system\Commands\Server\rewrite.php(43): require_once('C:\\Users\\REDMIB...')
#6 {main}
CRITICAL - 2022-02-02 20:05:49 --> Maximum execution time of 60 seconds exceeded
#0 [internal function]: CodeIgniter\Debug\Exceptions->shutdownHandler()
#1 {main}
CRITICAL - 2022-02-02 20:06:53 --> Maximum execution time of 60 seconds exceeded
#0 [internal function]: CodeIgniter\Debug\Exceptions->shutdownHandler()
#1 {main}
CRITICAL - 2022-02-02 20:08:06 --> Maximum execution time of 60 seconds exceeded
#0 [internal function]: CodeIgniter\Debug\Exceptions->shutdownHandler()
#1 {main}
CRITICAL - 2022-02-02 20:11:31 --> CodeIgniter\HTTP\RedirectResponse::to(): Argument #1 ($uri) must be of type string, null given, called in C:\Users\REDMIBOOK\Desktop\SISTEM CUTI PUSYANKESWANAK\app\Controllers\Home.php on line 292
#0 C:\Users\REDMIBOOK\Desktop\SISTEM CUTI PUSYANKESWANAK\app\Controllers\Home.php(292): CodeIgniter\HTTP\RedirectResponse->to(NULL)
#1 C:\Users\REDMIBOOK\Desktop\SISTEM CUTI PUSYANKESWANAK\vendor\codeigniter4\framework\system\CodeIgniter.php(824): App\Controllers\Home->buatSuratCuti('51')
#2 C:\Users\REDMIBOOK\Desktop\SISTEM CUTI PUSYANKESWANAK\vendor\codeigniter4\framework\system\CodeIgniter.php(410): CodeIgniter\CodeIgniter->runController(Object(App\Controllers\Home))
#3 C:\Users\REDMIBOOK\Desktop\SISTEM CUTI PUSYANKESWANAK\vendor\codeigniter4\framework\system\CodeIgniter.php(318): CodeIgniter\CodeIgniter->handleRequest(NULL, Object(Config\Cache), false)
#4 C:\Users\REDMIBOOK\Desktop\SISTEM CUTI PUSYANKESWANAK\public\index.php(37): CodeIgniter\CodeIgniter->run()
#5 C:\Users\REDMIBOOK\Desktop\SISTEM CUTI PUSYANKESWANAK\vendor\codeigniter4\framework\system\Commands\Server\rewrite.php(43): require_once('C:\\Users\\REDMIB...')
#6 {main}
CRITICAL - 2022-02-02 07:51:59 --> syntax error, unexpected token "}", expecting ";"
#0 C:\Users\REDMIBOOK\Desktop\SISTEM CUTI PUSYANKESWANAK\vendor\codeigniter4\framework\system\Autoloader\Autoloader.php(241): CodeIgniter\Autoloader\Autoloader->includeFile('C:\\Users\\REDMIB...')
#1 C:\Users\REDMIBOOK\Desktop\SISTEM CUTI PUSYANKESWANAK\vendor\codeigniter4\framework\system\Autoloader\Autoloader.php(219): CodeIgniter\Autoloader\Autoloader->loadInNamespace('App\\Controllers...')
#2 [internal function]: CodeIgniter\Autoloader\Autoloader->loadClass('App\\Controllers...')
#3 C:\Users\REDMIBOOK\Desktop\SISTEM CUTI PUSYANKESWANAK\vendor\codeigniter4\framework\system\CodeIgniter.php(789): class_exists('\\App\\Controller...', true)
#4 C:\Users\REDMIBOOK\Desktop\SISTEM CUTI PUSYANKESWANAK\vendor\codeigniter4\framework\system\CodeIgniter.php(397): CodeIgniter\CodeIgniter->startController()
#5 C:\Users\REDMIBOOK\Desktop\SISTEM CUTI PUSYANKESWANAK\vendor\codeigniter4\framework\system\CodeIgniter.php(318): CodeIgniter\CodeIgniter->handleRequest(NULL, Object(Config\Cache), false)
#6 C:\Users\REDMIBOOK\Desktop\SISTEM CUTI PUSYANKESWANAK\public\index.php(37): CodeIgniter\CodeIgniter->run()
#7 C:\Users\REDMIBOOK\Desktop\SISTEM CUTI PUSYANKESWANAK\vendor\codeigniter4\framework\system\Commands\Server\rewrite.php(43): require_once('C:\\Users\\REDMIB...')
#8 {main}
CRITICAL - 2022-02-02 21:12:36 --> Undefined variable $data
#0 C:\Users\REDMIBOOK\Desktop\SISTEM CUTI PUSYANKESWANAK\app\Controllers\Api.php(218): CodeIgniter\Debug\Exceptions->errorHandler(2, 'Undefined varia...', 'C:\\Users\\REDMIB...', 218)
#1 C:\Users\REDMIBOOK\Desktop\SISTEM CUTI PUSYANKESWANAK\vendor\codeigniter4\framework\system\CodeIgniter.php(824): App\Controllers\Api->cekNIK()
#2 C:\Users\REDMIBOOK\Desktop\SISTEM CUTI PUSYANKESWANAK\vendor\codeigniter4\framework\system\CodeIgniter.php(410): CodeIgniter\CodeIgniter->runController(Object(App\Controllers\Api))
#3 C:\Users\REDMIBOOK\Desktop\SISTEM CUTI PUSYANKESWANAK\vendor\codeigniter4\framework\system\CodeIgniter.php(318): CodeIgniter\CodeIgniter->handleRequest(NULL, Object(Config\Cache), false)
#4 C:\Users\REDMIBOOK\Desktop\SISTEM CUTI PUSYANKESWANAK\public\index.php(37): CodeIgniter\CodeIgniter->run()
#5 C:\Users\REDMIBOOK\Desktop\SISTEM CUTI PUSYANKESWANAK\vendor\codeigniter4\framework\system\Commands\Server\rewrite.php(43): require_once('C:\\Users\\REDMIB...')
#6 {main}
CRITICAL - 2022-02-02 21:12:42 --> Undefined variable $data
#0 C:\Users\REDMIBOOK\Desktop\SISTEM CUTI PUSYANKESWANAK\app\Controllers\Api.php(218): CodeIgniter\Debug\Exceptions->errorHandler(2, 'Undefined varia...', 'C:\\Users\\REDMIB...', 218)
#1 C:\Users\REDMIBOOK\Desktop\SISTEM CUTI PUSYANKESWANAK\vendor\codeigniter4\framework\system\CodeIgniter.php(824): App\Controllers\Api->cekNIK()
#2 C:\Users\REDMIBOOK\Desktop\SISTEM CUTI PUSYANKESWANAK\vendor\codeigniter4\framework\system\CodeIgniter.php(410): CodeIgniter\CodeIgniter->runController(Object(App\Controllers\Api))
#3 C:\Users\REDMIBOOK\Desktop\SISTEM CUTI PUSYANKESWANAK\vendor\codeigniter4\framework\system\CodeIgniter.php(318): CodeIgniter\CodeIgniter->handleRequest(NULL, Object(Config\Cache), false)
#4 C:\Users\REDMIBOOK\Desktop\SISTEM CUTI PUSYANKESWANAK\public\index.php(37): CodeIgniter\CodeIgniter->run()
#5 C:\Users\REDMIBOOK\Desktop\SISTEM CUTI PUSYANKESWANAK\vendor\codeigniter4\framework\system\Commands\Server\rewrite.php(43): require_once('C:\\Users\\REDMIB...')
#6 {main}
CRITICAL - 2022-02-02 08:25:56 --> syntax error, unexpected token ")"
#0 C:\Users\REDMIBOOK\Desktop\SISTEM CUTI PUSYANKESWANAK\vendor\codeigniter4\framework\system\Autoloader\Autoloader.php(241): CodeIgniter\Autoloader\Autoloader->includeFile('C:\\Users\\REDMIB...')
#1 C:\Users\REDMIBOOK\Desktop\SISTEM CUTI PUSYANKESWANAK\vendor\codeigniter4\framework\system\Autoloader\Autoloader.php(219): CodeIgniter\Autoloader\Autoloader->loadInNamespace('App\\Controllers...')
#2 [internal function]: CodeIgniter\Autoloader\Autoloader->loadClass('App\\Controllers...')
#3 C:\Users\REDMIBOOK\Desktop\SISTEM CUTI PUSYANKESWANAK\vendor\codeigniter4\framework\system\CodeIgniter.php(789): class_exists('\\App\\Controller...', true)
#4 C:\Users\REDMIBOOK\Desktop\SISTEM CUTI PUSYANKESWANAK\vendor\codeigniter4\framework\system\CodeIgniter.php(397): CodeIgniter\CodeIgniter->startController()
#5 C:\Users\REDMIBOOK\Desktop\SISTEM CUTI PUSYANKESWANAK\vendor\codeigniter4\framework\system\CodeIgniter.php(318): CodeIgniter\CodeIgniter->handleRequest(NULL, Object(Config\Cache), false)
#6 C:\Users\REDMIBOOK\Desktop\SISTEM CUTI PUSYANKESWANAK\public\index.php(37): CodeIgniter\CodeIgniter->run()
#7 C:\Users\REDMIBOOK\Desktop\SISTEM CUTI PUSYANKESWANAK\vendor\codeigniter4\framework\system\Commands\Server\rewrite.php(43): require_once('C:\\Users\\REDMIB...')
#8 {main}
CRITICAL - 2022-02-02 08:26:00 --> syntax error, unexpected token ")"
#0 C:\Users\REDMIBOOK\Desktop\SISTEM CUTI PUSYANKESWANAK\vendor\codeigniter4\framework\system\Autoloader\Autoloader.php(241): CodeIgniter\Autoloader\Autoloader->includeFile('C:\\Users\\REDMIB...')
#1 C:\Users\REDMIBOOK\Desktop\SISTEM CUTI PUSYANKESWANAK\vendor\codeigniter4\framework\system\Autoloader\Autoloader.php(219): CodeIgniter\Autoloader\Autoloader->loadInNamespace('App\\Controllers...')
#2 [internal function]: CodeIgniter\Autoloader\Autoloader->loadClass('App\\Controllers...')
#3 C:\Users\REDMIBOOK\Desktop\SISTEM CUTI PUSYANKESWANAK\vendor\codeigniter4\framework\system\CodeIgniter.php(789): class_exists('\\App\\Controller...', true)
#4 C:\Users\REDMIBOOK\Desktop\SISTEM CUTI PUSYANKESWANAK\vendor\codeigniter4\framework\system\CodeIgniter.php(397): CodeIgniter\CodeIgniter->startController()
#5 C:\Users\REDMIBOOK\Desktop\SISTEM CUTI PUSYANKESWANAK\vendor\codeigniter4\framework\system\CodeIgniter.php(318): CodeIgniter\CodeIgniter->handleRequest(NULL, Object(Config\Cache), false)
#6 C:\Users\REDMIBOOK\Desktop\SISTEM CUTI PUSYANKESWANAK\public\index.php(37): CodeIgniter\CodeIgniter->run()
#7 C:\Users\REDMIBOOK\Desktop\SISTEM CUTI PUSYANKESWANAK\vendor\codeigniter4\framework\system\Commands\Server\rewrite.php(43): require_once('C:\\Users\\REDMIB...')
#8 {main}
